[0.984s] Invoking command in '/home/eleazar/ros2_ws/src/courseworks': PYTHONPATH=/home/eleazar/ros2_ws/build/courseworks/prefix_override:/home/eleazar/ros2_ws/install/courseworks/lib/python3.10/site-packages:${PYTHONPATH} /usr/bin/python3 setup.py egg_info --egg-base ../../build/courseworks build --build-base /home/eleazar/ros2_ws/build/courseworks/build install --record /home/eleazar/ros2_ws/build/courseworks/install.log --single-version-externally-managed
[1.150s] running egg_info
[1.150s] writing ../../build/courseworks/courseworks.egg-info/PKG-INFO
[1.150s] writing dependency_links to ../../build/courseworks/courseworks.egg-info/dependency_links.txt
[1.150s] writing entry points to ../../build/courseworks/courseworks.egg-info/entry_points.txt
[1.150s] writing requirements to ../../build/courseworks/courseworks.egg-info/requires.txt
[1.151s] writing top-level names to ../../build/courseworks/courseworks.egg-info/top_level.txt
[1.152s] reading manifest file '../../build/courseworks/courseworks.egg-info/SOURCES.txt'
[1.152s] adding license file 'LICENSE'
[1.152s] writing manifest file '../../build/courseworks/courseworks.egg-info/SOURCES.txt'
[1.152s] running build
[1.152s] running build_py
[1.152s] running install
[1.153s] /usr/lib/python3/dist-packages/setuptools/command/install.py:34: SetuptoolsDeprecationWarning: setup.py install is deprecated. Use build and pip and other standards-based tools.
[1.153s]   warnings.warn(
[1.153s] running install_lib
[1.154s] running install_data
[1.154s] running install_egg_info
[1.155s] removing '/home/eleazar/ros2_ws/install/courseworks/lib/python3.10/site-packages/courseworks-0.0.0-py3.10.egg-info' (and everything under it)
[1.155s] Copying ../../build/courseworks/courseworks.egg-info to /home/eleazar/ros2_ws/install/courseworks/lib/python3.10/site-packages/courseworks-0.0.0-py3.10.egg-info
[1.156s] running install_scripts
[1.173s] Installing process script to /home/eleazar/ros2_ws/install/courseworks/lib/courseworks
[1.173s] Installing signal_generator script to /home/eleazar/ros2_ws/install/courseworks/lib/courseworks
[1.174s] writing list of installed files to '/home/eleazar/ros2_ws/build/courseworks/install.log'
[1.225s] Invoked command in '/home/eleazar/ros2_ws/src/courseworks' returned '0': PYTHONPATH=/home/eleazar/ros2_ws/build/courseworks/prefix_override:/home/eleazar/ros2_ws/install/courseworks/lib/python3.10/site-packages:${PYTHONPATH} /usr/bin/python3 setup.py egg_info --egg-base ../../build/courseworks build --build-base /home/eleazar/ros2_ws/build/courseworks/build install --record /home/eleazar/ros2_ws/build/courseworks/install.log --single-version-externally-managed
