[1.676s] Invoking command in '/home/angel/ros2_ws/src/courseworks': PYTHONPATH=/home/angel/ros2_ws/build/courseworks/prefix_override:/home/angel/ros2_ws/install/courseworks/lib/python3.10/site-packages:${PYTHONPATH} /usr/bin/python3 setup.py egg_info --egg-base ../../build/courseworks build --build-base /home/angel/ros2_ws/build/courseworks/build install --record /home/angel/ros2_ws/build/courseworks/install.log --single-version-externally-managed
[1.943s] running egg_info
[1.944s] writing ../../build/courseworks/courseworks.egg-info/PKG-INFO
[1.944s] writing dependency_links to ../../build/courseworks/courseworks.egg-info/dependency_links.txt
[1.944s] writing entry points to ../../build/courseworks/courseworks.egg-info/entry_points.txt
[1.945s] writing requirements to ../../build/courseworks/courseworks.egg-info/requires.txt
[1.945s] writing top-level names to ../../build/courseworks/courseworks.egg-info/top_level.txt
[1.947s] reading manifest file '../../build/courseworks/courseworks.egg-info/SOURCES.txt'
[1.947s] adding license file 'LICENSE'
[1.948s] writing manifest file '../../build/courseworks/courseworks.egg-info/SOURCES.txt'
[1.948s] running build
[1.948s] running build_py
[1.948s] copying courseworks/process.py -> /home/angel/ros2_ws/build/courseworks/build/lib/courseworks
[1.948s] running install
[1.949s] /usr/lib/python3/dist-packages/setuptools/command/install.py:34: SetuptoolsDeprecationWarning: setup.py install is deprecated. Use build and pip and other standards-based tools.
[1.949s]   warnings.warn(
[1.949s] running install_lib
[1.950s] copying /home/angel/ros2_ws/build/courseworks/build/lib/courseworks/process.py -> /home/angel/ros2_ws/install/courseworks/lib/python3.10/site-packages/courseworks
[1.950s] byte-compiling /home/angel/ros2_ws/install/courseworks/lib/python3.10/site-packages/courseworks/process.py to process.cpython-310.pyc
[1.951s] running install_data
[1.952s] running install_egg_info
[1.954s] removing '/home/angel/ros2_ws/install/courseworks/lib/python3.10/site-packages/courseworks-0.0.0-py3.10.egg-info' (and everything under it)
[1.955s] Copying ../../build/courseworks/courseworks.egg-info to /home/angel/ros2_ws/install/courseworks/lib/python3.10/site-packages/courseworks-0.0.0-py3.10.egg-info
[1.956s] running install_scripts
[1.981s] Installing process script to /home/angel/ros2_ws/install/courseworks/lib/courseworks
[1.981s] Installing signal_generator script to /home/angel/ros2_ws/install/courseworks/lib/courseworks
[1.981s] writing list of installed files to '/home/angel/ros2_ws/build/courseworks/install.log'
[2.077s] Invoked command in '/home/angel/ros2_ws/src/courseworks' returned '0': PYTHONPATH=/home/angel/ros2_ws/build/courseworks/prefix_override:/home/angel/ros2_ws/install/courseworks/lib/python3.10/site-packages:${PYTHONPATH} /usr/bin/python3 setup.py egg_info --egg-base ../../build/courseworks build --build-base /home/angel/ros2_ws/build/courseworks/build install --record /home/angel/ros2_ws/build/courseworks/install.log --single-version-externally-managed
