[0.522s] DEBUG:colcon:Command line arguments: ['/usr/bin/colcon', 'build']
[0.522s] DEBUG:colcon:Parsed command line arguments: Namespace(log_base=None, log_level=None, verb_name='build', build_base='build', install_base='install', merge_install=False, symlink_install=False, test_result_base=None, continue_on_error=False, executor='parallel', parallel_workers=20, event_handlers=None, ignore_user_meta=False, metas=['./colcon.meta'], base_paths=['.'], packages_ignore=None, packages_ignore_regex=None, paths=None, packages_up_to=None, packages_up_to_regex=None, packages_above=None, packages_above_and_dependencies=None, packages_above_depth=None, packages_select_by_dep=None, packages_skip_by_dep=None, packages_skip_up_to=None, packages_select_build_failed=False, packages_skip_build_finished=False, packages_select_test_failures=False, packages_skip_test_passed=False, packages_select=None, packages_skip=None, packages_select_regex=None, packages_skip_regex=None, packages_start=None, packages_end=None, allow_overriding=[], cmake_args=None, cmake_target=None, cmake_target_skip_unavailable=False, cmake_clean_cache=False, cmake_clean_first=False, cmake_force_configure=False, ament_cmake_args=None, catkin_cmake_args=None, catkin_skip_building_tests=False, verb_parser=<colcon_defaults.argument_parser.defaults.DefaultArgumentsDecorator object at 0x7f73445777c0>, verb_extension=<colcon_core.verb.build.BuildVerb object at 0x7f73449dbc40>, main=<bound method BuildVerb.main of <colcon_core.verb.build.BuildVerb object at 0x7f73449dbc40>>)
[0.550s] Level 1:colcon.colcon_core.package_discovery:discover_packages(colcon_meta) check parameters
[0.550s] Level 1:colcon.colcon_core.package_discovery:discover_packages(recursive) check parameters
[0.550s] Level 1:colcon.colcon_core.package_discovery:discover_packages(ignore) check parameters
[0.550s] Level 1:colcon.colcon_core.package_discovery:discover_packages(path) check parameters
[0.550s] Level 1:colcon.colcon_core.package_discovery:discover_packages(colcon_meta) discover
[0.550s] Level 1:colcon.colcon_core.package_discovery:discover_packages(recursive) discover
[0.550s] INFO:colcon.colcon_core.package_discovery:Crawling recursively for packages in '/home/eleazar/ros2_ws'
[0.550s] Level 1:colcon.colcon_core.package_identification:_identify(.) by extensions ['ignore', 'ignore_ament_install']
[0.550s] Level 1:colcon.colcon_core.package_identification:_identify(.) by extension 'ignore'
[0.550s] Level 1:colcon.colcon_core.package_identification:_identify(.) by extension 'ignore_ament_install'
[0.550s] Level 1:colcon.colcon_core.package_identification:_identify(.) by extensions ['colcon_pkg']
[0.550s] Level 1:colcon.colcon_core.package_identification:_identify(.) by extension 'colcon_pkg'
[0.550s] Level 1:colcon.colcon_core.package_identification:_identify(.) by extensions ['colcon_meta']
[0.550s] Level 1:colcon.colcon_core.package_identification:_identify(.) by extension 'colcon_meta'
[0.551s] Level 1:colcon.colcon_core.package_identification:_identify(.) by extensions ['ros']
[0.551s] Level 1:colcon.colcon_core.package_identification:_identify(.) by extension 'ros'
[0.558s] Level 1:colcon.colcon_core.package_identification:_identify(.) by extensions ['cmake', 'python']
[0.558s] Level 1:colcon.colcon_core.package_identification:_identify(.) by extension 'cmake'
[0.558s] Level 1:colcon.colcon_core.package_identification:_identify(.) by extension 'python'
[0.558s] Level 1:colcon.colcon_core.package_identification:_identify(.) by extensions ['python_setup_py']
[0.558s] Level 1:colcon.colcon_core.package_identification:_identify(.) by extension 'python_setup_py'
[0.558s] Level 1:colcon.colcon_core.package_identification:_identify(build) by extensions ['ignore', 'ignore_ament_install']
[0.558s] Level 1:colcon.colcon_core.package_identification:_identify(build) by extension 'ignore'
[0.558s] Level 1:colcon.colcon_core.package_identification:_identify(build) ignored
[0.558s] Level 1:colcon.colcon_core.package_identification:_identify(install) by extensions ['ignore', 'ignore_ament_install']
[0.558s] Level 1:colcon.colcon_core.package_identification:_identify(install) by extension 'ignore'
[0.558s] Level 1:colcon.colcon_core.package_identification:_identify(install) ignored
[0.558s] Level 1:colcon.colcon_core.package_identification:_identify(log) by extensions ['ignore', 'ignore_ament_install']
[0.558s] Level 1:colcon.colcon_core.package_identification:_identify(log) by extension 'ignore'
[0.558s] Level 1:colcon.colcon_core.package_identification:_identify(log) ignored
[0.558s] Level 1:colcon.colcon_core.package_identification:_identify(src) by extensions ['ignore', 'ignore_ament_install']
[0.558s] Level 1:colcon.colcon_core.package_identification:_identify(src) by extension 'ignore'
[0.558s] Level 1:colcon.colcon_core.package_identification:_identify(src) by extension 'ignore_ament_install'
[0.558s] Level 1:colcon.colcon_core.package_identification:_identify(src) by extensions ['colcon_pkg']
[0.558s] Level 1:colcon.colcon_core.package_identification:_identify(src) by extension 'colcon_pkg'
[0.558s] Level 1:colcon.colcon_core.package_identification:_identify(src) by extensions ['colcon_meta']
[0.558s] Level 1:colcon.colcon_core.package_identification:_identify(src) by extension 'colcon_meta'
[0.558s] Level 1:colcon.colcon_core.package_identification:_identify(src) by extensions ['ros']
[0.558s] Level 1:colcon.colcon_core.package_identification:_identify(src) by extension 'ros'
[0.558s] Level 1:colcon.colcon_core.package_identification:_identify(src) by extensions ['cmake', 'python']
[0.558s] Level 1:colcon.colcon_core.package_identification:_identify(src) by extension 'cmake'
[0.558s] Level 1:colcon.colcon_core.package_identification:_identify(src) by extension 'python'
[0.558s] Level 1:colcon.colcon_core.package_identification:_identify(src) by extensions ['python_setup_py']
[0.558s] Level 1:colcon.colcon_core.package_identification:_identify(src) by extension 'python_setup_py'
[0.559s] Level 1:colcon.colcon_core.package_identification:_identify(src/basic_comms) by extensions ['ignore', 'ignore_ament_install']
[0.559s] Level 1:colcon.colcon_core.package_identification:_identify(src/basic_comms) by extension 'ignore'
[0.559s] Level 1:colcon.colcon_core.package_identification:_identify(src/basic_comms) by extension 'ignore_ament_install'
[0.559s] Level 1:colcon.colcon_core.package_identification:_identify(src/basic_comms) by extensions ['colcon_pkg']
[0.559s] Level 1:colcon.colcon_core.package_identification:_identify(src/basic_comms) by extension 'colcon_pkg'
[0.559s] Level 1:colcon.colcon_core.package_identification:_identify(src/basic_comms) by extensions ['colcon_meta']
[0.559s] Level 1:colcon.colcon_core.package_identification:_identify(src/basic_comms) by extension 'colcon_meta'
[0.559s] Level 1:colcon.colcon_core.package_identification:_identify(src/basic_comms) by extensions ['ros']
[0.559s] Level 1:colcon.colcon_core.package_identification:_identify(src/basic_comms) by extension 'ros'
[0.562s] DEBUG:colcon.colcon_core.package_identification:Package 'src/basic_comms' with type 'ros.ament_python' and name 'basic_comms'
[0.562s] Level 1:colcon.colcon_core.package_identification:_identify(src/basic_comms_params) by extensions ['ignore', 'ignore_ament_install']
[0.562s] Level 1:colcon.colcon_core.package_identification:_identify(src/basic_comms_params) by extension 'ignore'
[0.562s] Level 1:colcon.colcon_core.package_identification:_identify(src/basic_comms_params) by extension 'ignore_ament_install'
[0.562s] Level 1:colcon.colcon_core.package_identification:_identify(src/basic_comms_params) by extensions ['colcon_pkg']
[0.562s] Level 1:colcon.colcon_core.package_identification:_identify(src/basic_comms_params) by extension 'colcon_pkg'
[0.562s] Level 1:colcon.colcon_core.package_identification:_identify(src/basic_comms_params) by extensions ['colcon_meta']
[0.562s] Level 1:colcon.colcon_core.package_identification:_identify(src/basic_comms_params) by extension 'colcon_meta'
[0.562s] Level 1:colcon.colcon_core.package_identification:_identify(src/basic_comms_params) by extensions ['ros']
[0.562s] Level 1:colcon.colcon_core.package_identification:_identify(src/basic_comms_params) by extension 'ros'
[0.562s] DEBUG:colcon.colcon_core.package_identification:Package 'src/basic_comms_params' with type 'ros.ament_python' and name 'basic_comms_params'
[0.562s] Level 1:colcon.colcon_core.package_identification:_identify(src/build) by extensions ['ignore', 'ignore_ament_install']
[0.562s] Level 1:colcon.colcon_core.package_identification:_identify(src/build) by extension 'ignore'
[0.562s] Level 1:colcon.colcon_core.package_identification:_identify(src/build) ignored
[0.562s] Level 1:colcon.colcon_core.package_identification:_identify(src/courseworks) by extensions ['ignore', 'ignore_ament_install']
[0.562s] Level 1:colcon.colcon_core.package_identification:_identify(src/courseworks) by extension 'ignore'
[0.562s] Level 1:colcon.colcon_core.package_identification:_identify(src/courseworks) by extension 'ignore_ament_install'
[0.562s] Level 1:colcon.colcon_core.package_identification:_identify(src/courseworks) by extensions ['colcon_pkg']
[0.562s] Level 1:colcon.colcon_core.package_identification:_identify(src/courseworks) by extension 'colcon_pkg'
[0.562s] Level 1:colcon.colcon_core.package_identification:_identify(src/courseworks) by extensions ['colcon_meta']
[0.562s] Level 1:colcon.colcon_core.package_identification:_identify(src/courseworks) by extension 'colcon_meta'
[0.562s] Level 1:colcon.colcon_core.package_identification:_identify(src/courseworks) by extensions ['ros']
[0.562s] Level 1:colcon.colcon_core.package_identification:_identify(src/courseworks) by extension 'ros'
[0.563s] DEBUG:colcon.colcon_core.package_identification:Package 'src/courseworks' with type 'ros.ament_python' and name 'courseworks'
[0.563s] Level 1:colcon.colcon_core.package_identification:_identify(src/install) by extensions ['ignore', 'ignore_ament_install']
[0.563s] Level 1:colcon.colcon_core.package_identification:_identify(src/install) by extension 'ignore'
[0.563s] Level 1:colcon.colcon_core.package_identification:_identify(src/install) ignored
[0.563s] Level 1:colcon.colcon_core.package_identification:_identify(src/log) by extensions ['ignore', 'ignore_ament_install']
[0.563s] Level 1:colcon.colcon_core.package_identification:_identify(src/log) by extension 'ignore'
[0.563s] Level 1:colcon.colcon_core.package_identification:_identify(src/log) ignored
[0.563s] Level 1:colcon.colcon_core.package_discovery:discover_packages(recursive) using defaults
[0.563s] Level 1:colcon.colcon_core.package_discovery:discover_packages(ignore) discover
[0.564s] Level 1:colcon.colcon_core.package_discovery:discover_packages(ignore) using defaults
[0.564s] Level 1:colcon.colcon_core.package_discovery:discover_packages(path) discover
[0.564s] Level 1:colcon.colcon_core.package_discovery:discover_packages(path) using defaults
[0.613s] Level 1:colcon.colcon_core.package_discovery:discover_packages(prefix_path) check parameters
[0.613s] Level 1:colcon.colcon_core.package_discovery:discover_packages(prefix_path) discover
[0.630s] DEBUG:colcon.colcon_installed_package_information.package_discovery:Found 270 installed packages in /opt/ros/humble
[0.630s] Level 1:colcon.colcon_core.package_discovery:discover_packages(prefix_path) using defaults
[0.676s] Level 5:colcon.colcon_core.verb:set package 'basic_comms' build argument 'cmake_args' from command line to 'None'
[0.676s] Level 5:colcon.colcon_core.verb:set package 'basic_comms' build argument 'cmake_target' from command line to 'None'
[0.676s] Level 5:colcon.colcon_core.verb:set package 'basic_comms' build argument 'cmake_target_skip_unavailable' from command line to 'False'
[0.677s] Level 5:colcon.colcon_core.verb:set package 'basic_comms' build argument 'cmake_clean_cache' from command line to 'False'
[0.677s] Level 5:colcon.colcon_core.verb:set package 'basic_comms' build argument 'cmake_clean_first' from command line to 'False'
[0.677s] Level 5:colcon.colcon_core.verb:set package 'basic_comms' build argument 'cmake_force_configure' from command line to 'False'
[0.677s] Level 5:colcon.colcon_core.verb:set package 'basic_comms' build argument 'ament_cmake_args' from command line to 'None'
[0.677s] Level 5:colcon.colcon_core.verb:set package 'basic_comms' build argument 'catkin_cmake_args' from command line to 'None'
[0.677s] Level 5:colcon.colcon_core.verb:set package 'basic_comms' build argument 'catkin_skip_building_tests' from command line to 'False'
[0.677s] DEBUG:colcon.colcon_core.verb:Building package 'basic_comms' with the following arguments: {'ament_cmake_args': None, 'build_base': '/home/eleazar/ros2_ws/build/basic_comms', 'catkin_cmake_args': None, 'catkin_skip_building_tests': False, 'cmake_args': None, 'cmake_clean_cache': False, 'cmake_clean_first': False, 'cmake_force_configure': False, 'cmake_target': None, 'cmake_target_skip_unavailable': False, 'install_base': '/home/eleazar/ros2_ws/install/basic_comms', 'merge_install': False, 'path': '/home/eleazar/ros2_ws/src/basic_comms', 'symlink_install': False, 'test_result_base': None}
[0.683s] Level 5:colcon.colcon_core.verb:set package 'basic_comms_params' build argument 'cmake_args' from command line to 'None'
[0.683s] Level 5:colcon.colcon_core.verb:set package 'basic_comms_params' build argument 'cmake_target' from command line to 'None'
[0.683s] Level 5:colcon.colcon_core.verb:set package 'basic_comms_params' build argument 'cmake_target_skip_unavailable' from command line to 'False'
[0.683s] Level 5:colcon.colcon_core.verb:set package 'basic_comms_params' build argument 'cmake_clean_cache' from command line to 'False'
[0.683s] Level 5:colcon.colcon_core.verb:set package 'basic_comms_params' build argument 'cmake_clean_first' from command line to 'False'
[0.683s] Level 5:colcon.colcon_core.verb:set package 'basic_comms_params' build argument 'cmake_force_configure' from command line to 'False'
[0.683s] Level 5:colcon.colcon_core.verb:set package 'basic_comms_params' build argument 'ament_cmake_args' from command line to 'None'
[0.683s] Level 5:colcon.colcon_core.verb:set package 'basic_comms_params' build argument 'catkin_cmake_args' from command line to 'None'
[0.683s] Level 5:colcon.colcon_core.verb:set package 'basic_comms_params' build argument 'catkin_skip_building_tests' from command line to 'False'
[0.683s] DEBUG:colcon.colcon_core.verb:Building package 'basic_comms_params' with the following arguments: {'ament_cmake_args': None, 'build_base': '/home/eleazar/ros2_ws/build/basic_comms_params', 'catkin_cmake_args': None, 'catkin_skip_building_tests': False, 'cmake_args': None, 'cmake_clean_cache': False, 'cmake_clean_first': False, 'cmake_force_configure': False, 'cmake_target': None, 'cmake_target_skip_unavailable': False, 'install_base': '/home/eleazar/ros2_ws/install/basic_comms_params', 'merge_install': False, 'path': '/home/eleazar/ros2_ws/src/basic_comms_params', 'symlink_install': False, 'test_result_base': None}
[0.690s] Level 5:colcon.colcon_core.verb:set package 'courseworks' build argument 'cmake_args' from command line to 'None'
[0.690s] Level 5:colcon.colcon_core.verb:set package 'courseworks' build argument 'cmake_target' from command line to 'None'
[0.690s] Level 5:colcon.colcon_core.verb:set package 'courseworks' build argument 'cmake_target_skip_unavailable' from command line to 'False'
[0.690s] Level 5:colcon.colcon_core.verb:set package 'courseworks' build argument 'cmake_clean_cache' from command line to 'False'
[0.690s] Level 5:colcon.colcon_core.verb:set package 'courseworks' build argument 'cmake_clean_first' from command line to 'False'
[0.690s] Level 5:colcon.colcon_core.verb:set package 'courseworks' build argument 'cmake_force_configure' from command line to 'False'
[0.691s] Level 5:colcon.colcon_core.verb:set package 'courseworks' build argument 'ament_cmake_args' from command line to 'None'
[0.691s] Level 5:colcon.colcon_core.verb:set package 'courseworks' build argument 'catkin_cmake_args' from command line to 'None'
[0.691s] Level 5:colcon.colcon_core.verb:set package 'courseworks' build argument 'catkin_skip_building_tests' from command line to 'False'
[0.691s] DEBUG:colcon.colcon_core.verb:Building package 'courseworks' with the following arguments: {'ament_cmake_args': None, 'build_base': '/home/eleazar/ros2_ws/build/courseworks', 'catkin_cmake_args': None, 'catkin_skip_building_tests': False, 'cmake_args': None, 'cmake_clean_cache': False, 'cmake_clean_first': False, 'cmake_force_configure': False, 'cmake_target': None, 'cmake_target_skip_unavailable': False, 'install_base': '/home/eleazar/ros2_ws/install/courseworks', 'merge_install': False, 'path': '/home/eleazar/ros2_ws/src/courseworks', 'symlink_install': False, 'test_result_base': None}
[0.698s] INFO:colcon.colcon_core.executor:Executing jobs using 'parallel' executor
[0.706s] DEBUG:colcon.colcon_parallel_executor.executor.parallel:run_until_complete
[0.706s] INFO:colcon.colcon_ros.task.ament_python.build:Building ROS package in '/home/eleazar/ros2_ws/src/basic_comms' with build type 'ament_python'
[0.706s] Level 1:colcon.colcon_core.shell:create_environment_hook('basic_comms', 'ament_prefix_path')
[0.714s] INFO:colcon.colcon_core.plugin_system:Skipping extension 'colcon_core.shell.bat': Not used on non-Windows systems
[0.714s] INFO:colcon.colcon_core.shell:Creating environment hook '/home/eleazar/ros2_ws/install/basic_comms/share/basic_comms/hook/ament_prefix_path.ps1'
[0.714s] INFO:colcon.colcon_core.shell:Creating environment descriptor '/home/eleazar/ros2_ws/install/basic_comms/share/basic_comms/hook/ament_prefix_path.dsv'
[0.714s] INFO:colcon.colcon_core.shell:Creating environment hook '/home/eleazar/ros2_ws/install/basic_comms/share/basic_comms/hook/ament_prefix_path.sh'
[0.721s] INFO:colcon.colcon_core.shell:Skip shell extension 'powershell' for command environment: Not usable outside of PowerShell
[0.721s] DEBUG:colcon.colcon_core.shell:Skip shell extension 'dsv' for command environment
[0.738s] INFO:colcon.colcon_ros.task.ament_python.build:Building ROS package in '/home/eleazar/ros2_ws/src/basic_comms_params' with build type 'ament_python'
[0.739s] Level 1:colcon.colcon_core.shell:create_environment_hook('basic_comms_params', 'ament_prefix_path')
[0.748s] INFO:colcon.colcon_core.shell:Creating environment hook '/home/eleazar/ros2_ws/install/basic_comms_params/share/basic_comms_params/hook/ament_prefix_path.ps1'
[0.748s] INFO:colcon.colcon_core.shell:Creating environment descriptor '/home/eleazar/ros2_ws/install/basic_comms_params/share/basic_comms_params/hook/ament_prefix_path.dsv'
[0.748s] INFO:colcon.colcon_core.shell:Creating environment hook '/home/eleazar/ros2_ws/install/basic_comms_params/share/basic_comms_params/hook/ament_prefix_path.sh'
[0.755s] INFO:colcon.colcon_core.shell:Skip shell extension 'powershell' for command environment: Not usable outside of PowerShell
[0.755s] DEBUG:colcon.colcon_core.shell:Skip shell extension 'dsv' for command environment
[0.771s] INFO:colcon.colcon_ros.task.ament_python.build:Building ROS package in '/home/eleazar/ros2_ws/src/courseworks' with build type 'ament_python'
[0.772s] Level 1:colcon.colcon_core.shell:create_environment_hook('courseworks', 'ament_prefix_path')
[0.780s] INFO:colcon.colcon_core.shell:Creating environment hook '/home/eleazar/ros2_ws/install/courseworks/share/courseworks/hook/ament_prefix_path.ps1'
[0.781s] INFO:colcon.colcon_core.shell:Creating environment descriptor '/home/eleazar/ros2_ws/install/courseworks/share/courseworks/hook/ament_prefix_path.dsv'
[0.781s] INFO:colcon.colcon_core.shell:Creating environment hook '/home/eleazar/ros2_ws/install/courseworks/share/courseworks/hook/ament_prefix_path.sh'
[0.789s] INFO:colcon.colcon_core.shell:Skip shell extension 'powershell' for command environment: Not usable outside of PowerShell
[0.790s] DEBUG:colcon.colcon_core.shell:Skip shell extension 'dsv' for command environment
[0.959s] INFO:colcon.colcon_core.task.python.build:Building Python package in '/home/eleazar/ros2_ws/src/basic_comms'
[0.970s] INFO:colcon.colcon_core.shell:Skip shell extension 'powershell' for command environment: Not usable outside of PowerShell
[0.970s] DEBUG:colcon.colcon_core.shell:Skip shell extension 'dsv' for command environment
[1.147s] INFO:colcon.colcon_core.task.python.build:Building Python package in '/home/eleazar/ros2_ws/src/basic_comms_params'
[1.154s] INFO:colcon.colcon_core.shell:Skip shell extension 'powershell' for command environment: Not usable outside of PowerShell
[1.154s] DEBUG:colcon.colcon_core.shell:Skip shell extension 'dsv' for command environment
[1.314s] INFO:colcon.colcon_core.task.python.build:Building Python package in '/home/eleazar/ros2_ws/src/courseworks'
[1.329s] INFO:colcon.colcon_core.shell:Skip shell extension 'powershell' for command environment: Not usable outside of PowerShell
[1.329s] DEBUG:colcon.colcon_core.shell:Skip shell extension 'dsv' for command environment
[1.588s] DEBUG:colcon.colcon_core.event_handler.log_command:Invoking command in '/home/eleazar/ros2_ws/src/courseworks': PYTHONPATH=/home/eleazar/ros2_ws/build/courseworks/prefix_override:/home/eleazar/ros2_ws/install/courseworks/lib/python3.10/site-packages:${PYTHONPATH} /usr/bin/python3 setup.py egg_info --egg-base ../../build/courseworks build --build-base /home/eleazar/ros2_ws/build/courseworks/build install --record /home/eleazar/ros2_ws/build/courseworks/install.log --single-version-externally-managed
[1.590s] DEBUG:colcon.colcon_core.event_handler.log_command:Invoking command in '/home/eleazar/ros2_ws/src/basic_comms_params': PYTHONPATH=/home/eleazar/ros2_ws/build/basic_comms_params/prefix_override:/home/eleazar/ros2_ws/install/basic_comms_params/lib/python3.10/site-packages:${PYTHONPATH} /usr/bin/python3 setup.py egg_info --egg-base ../../build/basic_comms_params build --build-base /home/eleazar/ros2_ws/build/basic_comms_params/build install --record /home/eleazar/ros2_ws/build/basic_comms_params/install.log --single-version-externally-managed
[1.592s] DEBUG:colcon.colcon_core.event_handler.log_command:Invoking command in '/home/eleazar/ros2_ws/src/basic_comms': PYTHONPATH=/home/eleazar/ros2_ws/build/basic_comms/prefix_override:/home/eleazar/ros2_ws/install/basic_comms/lib/python3.10/site-packages:${PYTHONPATH} /usr/bin/python3 setup.py egg_info --egg-base ../../build/basic_comms build --build-base /home/eleazar/ros2_ws/build/basic_comms/build install --record /home/eleazar/ros2_ws/build/basic_comms/install.log --single-version-externally-managed
[1.800s] DEBUG:colcon.colcon_core.event_handler.log_command:Invoked command in '/home/eleazar/ros2_ws/src/courseworks' returned '0': PYTHONPATH=/home/eleazar/ros2_ws/build/courseworks/prefix_override:/home/eleazar/ros2_ws/install/courseworks/lib/python3.10/site-packages:${PYTHONPATH} /usr/bin/python3 setup.py egg_info --egg-base ../../build/courseworks build --build-base /home/eleazar/ros2_ws/build/courseworks/build install --record /home/eleazar/ros2_ws/build/courseworks/install.log --single-version-externally-managed
[1.810s] Level 1:colcon.colcon_core.environment:checking '/home/eleazar/ros2_ws/install/courseworks' for CMake module files
[1.811s] Level 1:colcon.colcon_core.environment:checking '/home/eleazar/ros2_ws/install/courseworks' for CMake config files
[1.811s] Level 1:colcon.colcon_core.environment:checking '/home/eleazar/ros2_ws/install/courseworks/lib'
[1.811s] Level 1:colcon.colcon_core.environment:checking '/home/eleazar/ros2_ws/install/courseworks/bin'
[1.811s] Level 1:colcon.colcon_core.environment:checking '/home/eleazar/ros2_ws/install/courseworks/lib/pkgconfig/courseworks.pc'
[1.811s] Level 1:colcon.colcon_core.environment:checking '/home/eleazar/ros2_ws/install/courseworks/lib/python3.10/site-packages'
[1.811s] Level 1:colcon.colcon_core.shell:create_environment_hook('courseworks', 'pythonpath')
[1.818s] INFO:colcon.colcon_core.shell:Creating environment hook '/home/eleazar/ros2_ws/install/courseworks/share/courseworks/hook/pythonpath.ps1'
[1.818s] INFO:colcon.colcon_core.shell:Creating environment descriptor '/home/eleazar/ros2_ws/install/courseworks/share/courseworks/hook/pythonpath.dsv'
[1.818s] INFO:colcon.colcon_core.shell:Creating environment hook '/home/eleazar/ros2_ws/install/courseworks/share/courseworks/hook/pythonpath.sh'
[1.819s] Level 1:colcon.colcon_core.environment:checking '/home/eleazar/ros2_ws/install/courseworks/bin'
[1.819s] Level 1:colcon.colcon_core.environment:create_environment_scripts_only(courseworks)
[1.829s] INFO:colcon.colcon_core.shell:Creating package script '/home/eleazar/ros2_ws/install/courseworks/share/courseworks/package.ps1'
[1.830s] INFO:colcon.colcon_core.shell:Creating package descriptor '/home/eleazar/ros2_ws/install/courseworks/share/courseworks/package.dsv'
[1.830s] INFO:colcon.colcon_core.shell:Creating package script '/home/eleazar/ros2_ws/install/courseworks/share/courseworks/package.sh'
[1.830s] INFO:colcon.colcon_core.shell:Creating package script '/home/eleazar/ros2_ws/install/courseworks/share/courseworks/package.bash'
[1.831s] INFO:colcon.colcon_core.shell:Creating package script '/home/eleazar/ros2_ws/install/courseworks/share/courseworks/package.zsh'
[1.831s] Level 1:colcon.colcon_core.environment:create_file_with_runtime_dependencies(/home/eleazar/ros2_ws/install/courseworks/share/colcon-core/packages/courseworks)
[1.833s] DEBUG:colcon.colcon_core.event_handler.log_command:Invoked command in '/home/eleazar/ros2_ws/src/basic_comms' returned '0': PYTHONPATH=/home/eleazar/ros2_ws/build/basic_comms/prefix_override:/home/eleazar/ros2_ws/install/basic_comms/lib/python3.10/site-packages:${PYTHONPATH} /usr/bin/python3 setup.py egg_info --egg-base ../../build/basic_comms build --build-base /home/eleazar/ros2_ws/build/basic_comms/build install --record /home/eleazar/ros2_ws/build/basic_comms/install.log --single-version-externally-managed
[1.841s] Level 1:colcon.colcon_core.environment:checking '/home/eleazar/ros2_ws/install/basic_comms' for CMake module files
[1.841s] Level 1:colcon.colcon_core.environment:checking '/home/eleazar/ros2_ws/install/basic_comms' for CMake config files
[1.842s] Level 1:colcon.colcon_core.environment:checking '/home/eleazar/ros2_ws/install/basic_comms/lib'
[1.842s] Level 1:colcon.colcon_core.environment:checking '/home/eleazar/ros2_ws/install/basic_comms/bin'
[1.842s] Level 1:colcon.colcon_core.environment:checking '/home/eleazar/ros2_ws/install/basic_comms/lib/pkgconfig/basic_comms.pc'
[1.842s] Level 1:colcon.colcon_core.environment:checking '/home/eleazar/ros2_ws/install/basic_comms/lib/python3.10/site-packages'
[1.842s] Level 1:colcon.colcon_core.shell:create_environment_hook('basic_comms', 'pythonpath')
[1.850s] INFO:colcon.colcon_core.shell:Creating environment hook '/home/eleazar/ros2_ws/install/basic_comms/share/basic_comms/hook/pythonpath.ps1'
[1.850s] INFO:colcon.colcon_core.shell:Creating environment descriptor '/home/eleazar/ros2_ws/install/basic_comms/share/basic_comms/hook/pythonpath.dsv'
[1.850s] INFO:colcon.colcon_core.shell:Creating environment hook '/home/eleazar/ros2_ws/install/basic_comms/share/basic_comms/hook/pythonpath.sh'
[1.850s] Level 1:colcon.colcon_core.environment:checking '/home/eleazar/ros2_ws/install/basic_comms/bin'
[1.850s] Level 1:colcon.colcon_core.environment:create_environment_scripts_only(basic_comms)
[1.856s] INFO:colcon.colcon_core.shell:Creating package script '/home/eleazar/ros2_ws/install/basic_comms/share/basic_comms/package.ps1'
[1.857s] INFO:colcon.colcon_core.shell:Creating package descriptor '/home/eleazar/ros2_ws/install/basic_comms/share/basic_comms/package.dsv'
[1.857s] INFO:colcon.colcon_core.shell:Creating package script '/home/eleazar/ros2_ws/install/basic_comms/share/basic_comms/package.sh'
[1.857s] INFO:colcon.colcon_core.shell:Creating package script '/home/eleazar/ros2_ws/install/basic_comms/share/basic_comms/package.bash'
[1.857s] INFO:colcon.colcon_core.shell:Creating package script '/home/eleazar/ros2_ws/install/basic_comms/share/basic_comms/package.zsh'
[1.857s] Level 1:colcon.colcon_core.environment:create_file_with_runtime_dependencies(/home/eleazar/ros2_ws/install/basic_comms/share/colcon-core/packages/basic_comms)
[1.860s] DEBUG:colcon.colcon_core.event_handler.log_command:Invoked command in '/home/eleazar/ros2_ws/src/basic_comms_params' returned '0': PYTHONPATH=/home/eleazar/ros2_ws/build/basic_comms_params/prefix_override:/home/eleazar/ros2_ws/install/basic_comms_params/lib/python3.10/site-packages:${PYTHONPATH} /usr/bin/python3 setup.py egg_info --egg-base ../../build/basic_comms_params build --build-base /home/eleazar/ros2_ws/build/basic_comms_params/build install --record /home/eleazar/ros2_ws/build/basic_comms_params/install.log --single-version-externally-managed
[1.864s] Level 1:colcon.colcon_core.environment:checking '/home/eleazar/ros2_ws/install/basic_comms_params' for CMake module files
[1.865s] Level 1:colcon.colcon_core.environment:checking '/home/eleazar/ros2_ws/install/basic_comms_params' for CMake config files
[1.865s] Level 1:colcon.colcon_core.environment:checking '/home/eleazar/ros2_ws/install/basic_comms_params/lib'
[1.865s] Level 1:colcon.colcon_core.environment:checking '/home/eleazar/ros2_ws/install/basic_comms_params/bin'
[1.865s] Level 1:colcon.colcon_core.environment:checking '/home/eleazar/ros2_ws/install/basic_comms_params/lib/pkgconfig/basic_comms_params.pc'
[1.865s] Level 1:colcon.colcon_core.environment:checking '/home/eleazar/ros2_ws/install/basic_comms_params/lib/python3.10/site-packages'
[1.865s] Level 1:colcon.colcon_core.shell:create_environment_hook('basic_comms_params', 'pythonpath')
[1.871s] INFO:colcon.colcon_core.shell:Creating environment hook '/home/eleazar/ros2_ws/install/basic_comms_params/share/basic_comms_params/hook/pythonpath.ps1'
[1.872s] INFO:colcon.colcon_core.shell:Creating environment descriptor '/home/eleazar/ros2_ws/install/basic_comms_params/share/basic_comms_params/hook/pythonpath.dsv'
[1.872s] INFO:colcon.colcon_core.shell:Creating environment hook '/home/eleazar/ros2_ws/install/basic_comms_params/share/basic_comms_params/hook/pythonpath.sh'
[1.873s] Level 1:colcon.colcon_core.environment:checking '/home/eleazar/ros2_ws/install/basic_comms_params/bin'
[1.873s] Level 1:colcon.colcon_core.environment:create_environment_scripts_only(basic_comms_params)
[1.880s] INFO:colcon.colcon_core.shell:Creating package script '/home/eleazar/ros2_ws/install/basic_comms_params/share/basic_comms_params/package.ps1'
[1.880s] INFO:colcon.colcon_core.shell:Creating package descriptor '/home/eleazar/ros2_ws/install/basic_comms_params/share/basic_comms_params/package.dsv'
[1.880s] INFO:colcon.colcon_core.shell:Creating package script '/home/eleazar/ros2_ws/install/basic_comms_params/share/basic_comms_params/package.sh'
[1.880s] INFO:colcon.colcon_core.shell:Creating package script '/home/eleazar/ros2_ws/install/basic_comms_params/share/basic_comms_params/package.bash'
[1.881s] INFO:colcon.colcon_core.shell:Creating package script '/home/eleazar/ros2_ws/install/basic_comms_params/share/basic_comms_params/package.zsh'
[1.881s] Level 1:colcon.colcon_core.environment:create_file_with_runtime_dependencies(/home/eleazar/ros2_ws/install/basic_comms_params/share/colcon-core/packages/basic_comms_params)
[1.881s] DEBUG:colcon.colcon_parallel_executor.executor.parallel:closing loop
[1.881s] DEBUG:colcon.colcon_parallel_executor.executor.parallel:loop closed
[1.881s] DEBUG:colcon.colcon_parallel_executor.executor.parallel:run_until_complete finished with '0'
[1.881s] DEBUG:colcon.colcon_core.event_reactor:joining thread
[1.895s] INFO:colcon.colcon_core.plugin_system:Skipping extension 'colcon_notification.desktop_notification.terminal_notifier': Not used on non-Darwin systems
[1.895s] INFO:colcon.colcon_core.plugin_system:Skipping extension 'colcon_notification.desktop_notification.win32': Not used on non-Windows systems
[1.895s] INFO:colcon.colcon_notification.desktop_notification:Sending desktop notification using 'notify2'
[1.903s] DEBUG:colcon.colcon_core.event_reactor:joined thread
[1.911s] INFO:colcon.colcon_core.shell:Creating prefix script '/home/eleazar/ros2_ws/install/local_setup.ps1'
[1.911s] INFO:colcon.colcon_core.shell:Creating prefix util module '/home/eleazar/ros2_ws/install/_local_setup_util_ps1.py'
[1.912s] INFO:colcon.colcon_core.shell:Creating prefix chain script '/home/eleazar/ros2_ws/install/setup.ps1'
[1.918s] INFO:colcon.colcon_core.shell:Creating prefix script '/home/eleazar/ros2_ws/install/local_setup.sh'
[1.919s] INFO:colcon.colcon_core.shell:Creating prefix util module '/home/eleazar/ros2_ws/install/_local_setup_util_sh.py'
[1.919s] INFO:colcon.colcon_core.shell:Creating prefix chain script '/home/eleazar/ros2_ws/install/setup.sh'
[1.925s] INFO:colcon.colcon_core.shell:Creating prefix script '/home/eleazar/ros2_ws/install/local_setup.bash'
[1.925s] INFO:colcon.colcon_core.shell:Creating prefix chain script '/home/eleazar/ros2_ws/install/setup.bash'
[1.931s] INFO:colcon.colcon_core.shell:Creating prefix script '/home/eleazar/ros2_ws/install/local_setup.zsh'
[1.931s] INFO:colcon.colcon_core.shell:Creating prefix chain script '/home/eleazar/ros2_ws/install/setup.zsh'
