[0.944s] Invoking command in '/home/eleazar/ros2_ws/src/basic_comms_params': PYTHONPATH=/home/eleazar/ros2_ws/build/basic_comms_params/prefix_override:/home/eleazar/ros2_ws/install/basic_comms_params/lib/python3.10/site-packages:${PYTHONPATH} /usr/bin/python3 setup.py egg_info --egg-base ../../build/basic_comms_params build --build-base /home/eleazar/ros2_ws/build/basic_comms_params/build install --record /home/eleazar/ros2_ws/build/basic_comms_params/install.log --single-version-externally-managed
[1.065s] running egg_info
[1.065s] writing ../../build/basic_comms_params/basic_comms_params.egg-info/PKG-INFO
[1.065s] writing dependency_links to ../../build/basic_comms_params/basic_comms_params.egg-info/dependency_links.txt
[1.066s] writing entry points to ../../build/basic_comms_params/basic_comms_params.egg-info/entry_points.txt
[1.066s] writing requirements to ../../build/basic_comms_params/basic_comms_params.egg-info/requires.txt
[1.066s] writing top-level names to ../../build/basic_comms_params/basic_comms_params.egg-info/top_level.txt
[1.066s] reading manifest file '../../build/basic_comms_params/basic_comms_params.egg-info/SOURCES.txt'
[1.066s] adding license file 'LICENSE'
[1.067s] writing manifest file '../../build/basic_comms_params/basic_comms_params.egg-info/SOURCES.txt'
[1.067s] running build
[1.067s] running build_py
[1.067s] running install
[1.067s] /usr/lib/python3/dist-packages/setuptools/command/install.py:34: SetuptoolsDeprecationWarning: setup.py install is deprecated. Use build and pip and other standards-based tools.
[1.067s]   warnings.warn(
[1.067s] running install_lib
[1.068s] running install_data
[1.068s] running install_egg_info
[1.069s] removing '/home/eleazar/ros2_ws/install/basic_comms_params/lib/python3.10/site-packages/basic_comms_params-0.0.0-py3.10.egg-info' (and everything under it)
[1.069s] Copying ../../build/basic_comms_params/basic_comms_params.egg-info to /home/eleazar/ros2_ws/install/basic_comms_params/lib/python3.10/site-packages/basic_comms_params-0.0.0-py3.10.egg-info
[1.070s] running install_scripts
[1.087s] Installing talker_params script to /home/eleazar/ros2_ws/install/basic_comms_params/lib/basic_comms_params
[1.087s] writing list of installed files to '/home/eleazar/ros2_ws/build/basic_comms_params/install.log'
[1.121s] Invoked command in '/home/eleazar/ros2_ws/src/basic_comms_params' returned '0': PYTHONPATH=/home/eleazar/ros2_ws/build/basic_comms_params/prefix_override:/home/eleazar/ros2_ws/install/basic_comms_params/lib/python3.10/site-packages:${PYTHONPATH} /usr/bin/python3 setup.py egg_info --egg-base ../../build/basic_comms_params build --build-base /home/eleazar/ros2_ws/build/basic_comms_params/build install --record /home/eleazar/ros2_ws/build/basic_comms_params/install.log --single-version-externally-managed
