[0.869s] Invoking command in '/home/eleazar/ros2_ws/src/final_challenge': PYTHONPATH=/home/eleazar/ros2_ws/build/final_challenge/prefix_override:/home/eleazar/ros2_ws/install/final_challenge/lib/python3.10/site-packages:${PYTHONPATH} /usr/bin/python3 setup.py egg_info --egg-base ../../build/final_challenge build --build-base /home/eleazar/ros2_ws/build/final_challenge/build install --record /home/eleazar/ros2_ws/build/final_challenge/install.log --single-version-externally-managed
[0.993s] running egg_info
[0.993s] writing ../../build/final_challenge/final_challenge.egg-info/PKG-INFO
[0.994s] writing dependency_links to ../../build/final_challenge/final_challenge.egg-info/dependency_links.txt
[0.994s] writing entry points to ../../build/final_challenge/final_challenge.egg-info/entry_points.txt
[0.994s] writing requirements to ../../build/final_challenge/final_challenge.egg-info/requires.txt
[0.994s] writing top-level names to ../../build/final_challenge/final_challenge.egg-info/top_level.txt
[0.994s] reading manifest file '../../build/final_challenge/final_challenge.egg-info/SOURCES.txt'
[0.995s] writing manifest file '../../build/final_challenge/final_challenge.egg-info/SOURCES.txt'
[0.995s] running build
[0.995s] running build_py
[0.995s] copying final_challenge/Setpoint.py -> /home/eleazar/ros2_ws/build/final_challenge/build/lib/final_challenge
[0.995s] running install
[0.995s] /usr/lib/python3/dist-packages/setuptools/command/install.py:34: SetuptoolsDeprecationWarning: setup.py install is deprecated. Use build and pip and other standards-based tools.
[0.995s]   warnings.warn(
[0.996s] running install_lib
[0.996s] copying /home/eleazar/ros2_ws/build/final_challenge/build/lib/final_challenge/Setpoint.py -> /home/eleazar/ros2_ws/install/final_challenge/lib/python3.10/site-packages/final_challenge
[0.996s] byte-compiling /home/eleazar/ros2_ws/install/final_challenge/lib/python3.10/site-packages/final_challenge/Setpoint.py to Setpoint.cpython-310.pyc
[0.996s] running install_data
[0.997s] running install_egg_info
[0.998s] removing '/home/eleazar/ros2_ws/install/final_challenge/lib/python3.10/site-packages/final_challenge-0.0.0-py3.10.egg-info' (and everything under it)
[0.998s] Copying ../../build/final_challenge/final_challenge.egg-info to /home/eleazar/ros2_ws/install/final_challenge/lib/python3.10/site-packages/final_challenge-0.0.0-py3.10.egg-info
[0.998s] running install_scripts
[1.014s] Installing Setpoint script to /home/eleazar/ros2_ws/install/final_challenge/lib/final_challenge
[1.014s] writing list of installed files to '/home/eleazar/ros2_ws/build/final_challenge/install.log'
[1.073s] Invoked command in '/home/eleazar/ros2_ws/src/final_challenge' returned '0': PYTHONPATH=/home/eleazar/ros2_ws/build/final_challenge/prefix_override:/home/eleazar/ros2_ws/install/final_challenge/lib/python3.10/site-packages:${PYTHONPATH} /usr/bin/python3 setup.py egg_info --egg-base ../../build/final_challenge build --build-base /home/eleazar/ros2_ws/build/final_challenge/build install --record /home/eleazar/ros2_ws/build/final_challenge/install.log --single-version-externally-managed
