[1.218s] Invoking command in '/home/angel/ros2_ws/src/basic_comms_params': PYTHONPATH=/home/angel/ros2_ws/build/basic_comms_params/prefix_override:/home/angel/ros2_ws/install/basic_comms_params/lib/python3.10/site-packages:${PYTHONPATH} /usr/bin/python3 setup.py egg_info --egg-base ../../build/basic_comms_params build --build-base /home/angel/ros2_ws/build/basic_comms_params/build install --record /home/angel/ros2_ws/build/basic_comms_params/install.log --single-version-externally-managed
[1.499s] running egg_info
[1.500s] creating ../../build/basic_comms_params/basic_comms_params.egg-info
[1.500s] writing ../../build/basic_comms_params/basic_comms_params.egg-info/PKG-INFO
[1.500s] writing dependency_links to ../../build/basic_comms_params/basic_comms_params.egg-info/dependency_links.txt
[1.501s] writing entry points to ../../build/basic_comms_params/basic_comms_params.egg-info/entry_points.txt
[1.501s] writing requirements to ../../build/basic_comms_params/basic_comms_params.egg-info/requires.txt
[1.501s] writing top-level names to ../../build/basic_comms_params/basic_comms_params.egg-info/top_level.txt
[1.501s] writing manifest file '../../build/basic_comms_params/basic_comms_params.egg-info/SOURCES.txt'
[1.503s] reading manifest file '../../build/basic_comms_params/basic_comms_params.egg-info/SOURCES.txt'
[1.503s] adding license file 'LICENSE'
[1.504s] writing manifest file '../../build/basic_comms_params/basic_comms_params.egg-info/SOURCES.txt'
[1.504s] running build
[1.504s] running build_py
[1.504s] creating /home/angel/ros2_ws/build/basic_comms_params/build
[1.504s] creating /home/angel/ros2_ws/build/basic_comms_params/build/lib
[1.504s] creating /home/angel/ros2_ws/build/basic_comms_params/build/lib/basic_comms_params
[1.505s] copying basic_comms_params/talker_params.py -> /home/angel/ros2_ws/build/basic_comms_params/build/lib/basic_comms_params
[1.505s] copying basic_comms_params/__init__.py -> /home/angel/ros2_ws/build/basic_comms_params/build/lib/basic_comms_params
[1.505s] running install
[1.505s] /usr/lib/python3/dist-packages/setuptools/command/install.py:34: SetuptoolsDeprecationWarning: setup.py install is deprecated. Use build and pip and other standards-based tools.
[1.505s]   warnings.warn(
[1.505s] running install_lib
[1.506s] creating /home/angel/ros2_ws/install/basic_comms_params/lib/python3.10/site-packages/basic_comms_params
[1.506s] copying /home/angel/ros2_ws/build/basic_comms_params/build/lib/basic_comms_params/talker_params.py -> /home/angel/ros2_ws/install/basic_comms_params/lib/python3.10/site-packages/basic_comms_params
[1.506s] copying /home/angel/ros2_ws/build/basic_comms_params/build/lib/basic_comms_params/__init__.py -> /home/angel/ros2_ws/install/basic_comms_params/lib/python3.10/site-packages/basic_comms_params
[1.507s] byte-compiling /home/angel/ros2_ws/install/basic_comms_params/lib/python3.10/site-packages/basic_comms_params/talker_params.py to talker_params.cpython-310.pyc
[1.507s] byte-compiling /home/angel/ros2_ws/install/basic_comms_params/lib/python3.10/site-packages/basic_comms_params/__init__.py to __init__.cpython-310.pyc
[1.508s] running install_data
[1.508s] creating /home/angel/ros2_ws/install/basic_comms_params/share/ament_index
[1.509s] creating /home/angel/ros2_ws/install/basic_comms_params/share/ament_index/resource_index
[1.509s] creating /home/angel/ros2_ws/install/basic_comms_params/share/ament_index/resource_index/packages
[1.509s] copying resource/basic_comms_params -> /home/angel/ros2_ws/install/basic_comms_params/share/ament_index/resource_index/packages
[1.509s] copying package.xml -> /home/angel/ros2_ws/install/basic_comms_params/share/basic_comms_params
[1.509s] creating /home/angel/ros2_ws/install/basic_comms_params/share/basic_comms_params/launch
[1.509s] copying launch/chit_chat_params_launch.py -> /home/angel/ros2_ws/install/basic_comms_params/share/basic_comms_params/launch
[1.509s] running install_egg_info
[1.511s] Copying ../../build/basic_comms_params/basic_comms_params.egg-info to /home/angel/ros2_ws/install/basic_comms_params/lib/python3.10/site-packages/basic_comms_params-0.0.0-py3.10.egg-info
[1.512s] running install_scripts
[1.540s] Installing talker_params script to /home/angel/ros2_ws/install/basic_comms_params/lib/basic_comms_params
[1.541s] writing list of installed files to '/home/angel/ros2_ws/build/basic_comms_params/install.log'
[1.638s] Invoked command in '/home/angel/ros2_ws/src/basic_comms_params' returned '0': PYTHONPATH=/home/angel/ros2_ws/build/basic_comms_params/prefix_override:/home/angel/ros2_ws/install/basic_comms_params/lib/python3.10/site-packages:${PYTHONPATH} /usr/bin/python3 setup.py egg_info --egg-base ../../build/basic_comms_params build --build-base /home/angel/ros2_ws/build/basic_comms_params/build install --record /home/angel/ros2_ws/build/basic_comms_params/install.log --single-version-externally-managed
