[0.937s] Invoking command in '/home/eleazar/ros2_ws/src/courseworks': PYTHONPATH=/home/eleazar/ros2_ws/build/courseworks/prefix_override:/home/eleazar/ros2_ws/install/courseworks/lib/python3.10/site-packages:${PYTHONPATH} /usr/bin/python3 setup.py egg_info --egg-base ../../build/courseworks build --build-base /home/eleazar/ros2_ws/build/courseworks/build install --record /home/eleazar/ros2_ws/build/courseworks/install.log --single-version-externally-managed
[1.063s] running egg_info
[1.063s] writing ../../build/courseworks/courseworks.egg-info/PKG-INFO
[1.064s] writing dependency_links to ../../build/courseworks/courseworks.egg-info/dependency_links.txt
[1.064s] writing entry points to ../../build/courseworks/courseworks.egg-info/entry_points.txt
[1.064s] writing requirements to ../../build/courseworks/courseworks.egg-info/requires.txt
[1.064s] writing top-level names to ../../build/courseworks/courseworks.egg-info/top_level.txt
[1.065s] reading manifest file '../../build/courseworks/courseworks.egg-info/SOURCES.txt'
[1.065s] adding license file 'LICENSE'
[1.066s] writing manifest file '../../build/courseworks/courseworks.egg-info/SOURCES.txt'
[1.066s] running build
[1.066s] running build_py
[1.066s] running install
[1.066s] /usr/lib/python3/dist-packages/setuptools/command/install.py:34: SetuptoolsDeprecationWarning: setup.py install is deprecated. Use build and pip and other standards-based tools.
[1.066s]   warnings.warn(
[1.067s] running install_lib
[1.068s] running install_data
[1.068s] running install_egg_info
[1.068s] removing '/home/eleazar/ros2_ws/install/courseworks/lib/python3.10/site-packages/courseworks-0.0.0-py3.10.egg-info' (and everything under it)
[1.069s] Copying ../../build/courseworks/courseworks.egg-info to /home/eleazar/ros2_ws/install/courseworks/lib/python3.10/site-packages/courseworks-0.0.0-py3.10.egg-info
[1.069s] running install_scripts
[1.081s] Installing process script to /home/eleazar/ros2_ws/install/courseworks/lib/courseworks
[1.081s] Installing signal_generator script to /home/eleazar/ros2_ws/install/courseworks/lib/courseworks
[1.082s] writing list of installed files to '/home/eleazar/ros2_ws/build/courseworks/install.log'
[1.181s] Invoked command in '/home/eleazar/ros2_ws/src/courseworks' returned '0': PYTHONPATH=/home/eleazar/ros2_ws/build/courseworks/prefix_override:/home/eleazar/ros2_ws/install/courseworks/lib/python3.10/site-packages:${PYTHONPATH} /usr/bin/python3 setup.py egg_info --egg-base ../../build/courseworks build --build-base /home/eleazar/ros2_ws/build/courseworks/build install --record /home/eleazar/ros2_ws/build/courseworks/install.log --single-version-externally-managed
