[0.712s] Invoking command in '/home/eleazar/ros2_ws/src/courseworks': PYTHONPATH=/home/eleazar/ros2_ws/build/courseworks/prefix_override:/home/eleazar/ros2_ws/install/courseworks/lib/python3.10/site-packages:${PYTHONPATH} /usr/bin/python3 setup.py egg_info --egg-base ../../build/courseworks build --build-base /home/eleazar/ros2_ws/build/courseworks/build install --record /home/eleazar/ros2_ws/build/courseworks/install.log --single-version-externally-managed
[0.833s] running egg_info
[0.833s] writing ../../build/courseworks/courseworks.egg-info/PKG-INFO
[0.834s] writing dependency_links to ../../build/courseworks/courseworks.egg-info/dependency_links.txt
[0.834s] writing entry points to ../../build/courseworks/courseworks.egg-info/entry_points.txt
[0.834s] writing requirements to ../../build/courseworks/courseworks.egg-info/requires.txt
[0.834s] writing top-level names to ../../build/courseworks/courseworks.egg-info/top_level.txt
[0.835s] reading manifest file '../../build/courseworks/courseworks.egg-info/SOURCES.txt'
[0.835s] adding license file 'LICENSE'
[0.835s] writing manifest file '../../build/courseworks/courseworks.egg-info/SOURCES.txt'
[0.835s] running build
[0.835s] running build_py
[0.836s] running install
[0.836s] /usr/lib/python3/dist-packages/setuptools/command/install.py:34: SetuptoolsDeprecationWarning: setup.py install is deprecated. Use build and pip and other standards-based tools.
[0.836s]   warnings.warn(
[0.836s] running install_lib
[0.836s] running install_data
[0.837s] running install_egg_info
[0.838s] removing '/home/eleazar/ros2_ws/install/courseworks/lib/python3.10/site-packages/courseworks-0.0.0-py3.10.egg-info' (and everything under it)
[0.838s] Copying ../../build/courseworks/courseworks.egg-info to /home/eleazar/ros2_ws/install/courseworks/lib/python3.10/site-packages/courseworks-0.0.0-py3.10.egg-info
[0.839s] running install_scripts
[0.852s] Installing process script to /home/eleazar/ros2_ws/install/courseworks/lib/courseworks
[0.853s] Installing signal_generator script to /home/eleazar/ros2_ws/install/courseworks/lib/courseworks
[0.854s] writing list of installed files to '/home/eleazar/ros2_ws/build/courseworks/install.log'
[0.882s] Invoked command in '/home/eleazar/ros2_ws/src/courseworks' returned '0': PYTHONPATH=/home/eleazar/ros2_ws/build/courseworks/prefix_override:/home/eleazar/ros2_ws/install/courseworks/lib/python3.10/site-packages:${PYTHONPATH} /usr/bin/python3 setup.py egg_info --egg-base ../../build/courseworks build --build-base /home/eleazar/ros2_ws/build/courseworks/build install --record /home/eleazar/ros2_ws/build/courseworks/install.log --single-version-externally-managed
