[1.234s] Invoking command in '/home/eleazar/ros2_ws/src/basic_comms': PYTHONPATH=/home/eleazar/ros2_ws/build/basic_comms/prefix_override:/home/eleazar/ros2_ws/install/basic_comms/lib/python3.10/site-packages:${PYTHONPATH} /usr/bin/python3 setup.py egg_info --egg-base ../../build/basic_comms build --build-base /home/eleazar/ros2_ws/build/basic_comms/build install --record /home/eleazar/ros2_ws/build/basic_comms/install.log --single-version-externally-managed
[1.410s] running egg_info
[1.411s] writing ../../build/basic_comms/basic_comms.egg-info/PKG-INFO
[1.412s] writing dependency_links to ../../build/basic_comms/basic_comms.egg-info/dependency_links.txt
[1.413s] writing entry points to ../../build/basic_comms/basic_comms.egg-info/entry_points.txt
[1.413s] writing requirements to ../../build/basic_comms/basic_comms.egg-info/requires.txt
[1.413s] writing top-level names to ../../build/basic_comms/basic_comms.egg-info/top_level.txt
[1.415s] reading manifest file '../../build/basic_comms/basic_comms.egg-info/SOURCES.txt'
[1.416s] writing manifest file '../../build/basic_comms/basic_comms.egg-info/SOURCES.txt'
[1.416s] running build
[1.417s] running build_py
[1.417s] running install
[1.418s] running install_lib
[1.418s] /usr/lib/python3/dist-packages/setuptools/command/install.py:34: SetuptoolsDeprecationWarning: setup.py install is deprecated. Use build and pip and other standards-based tools.
[1.418s]   warnings.warn(
[1.419s] running install_data
[1.419s] running install_egg_info
[1.420s] removing '/home/eleazar/ros2_ws/install/basic_comms/lib/python3.10/site-packages/basic_comms-0.0.0-py3.10.egg-info' (and everything under it)
[1.420s] Copying ../../build/basic_comms/basic_comms.egg-info to /home/eleazar/ros2_ws/install/basic_comms/lib/python3.10/site-packages/basic_comms-0.0.0-py3.10.egg-info
[1.421s] running install_scripts
[1.440s] Installing listener script to /home/eleazar/ros2_ws/install/basic_comms/lib/basic_comms
[1.441s] Installing talker script to /home/eleazar/ros2_ws/install/basic_comms/lib/basic_comms
[1.442s] writing list of installed files to '/home/eleazar/ros2_ws/build/basic_comms/install.log'
[1.534s] Invoked command in '/home/eleazar/ros2_ws/src/basic_comms' returned '0': PYTHONPATH=/home/eleazar/ros2_ws/build/basic_comms/prefix_override:/home/eleazar/ros2_ws/install/basic_comms/lib/python3.10/site-packages:${PYTHONPATH} /usr/bin/python3 setup.py egg_info --egg-base ../../build/basic_comms build --build-base /home/eleazar/ros2_ws/build/basic_comms/build install --record /home/eleazar/ros2_ws/build/basic_comms/install.log --single-version-externally-managed
