[0.177s] Invoking command in '/home/eleazar/ros2_ws/build/msgs_clase': CMAKE_PREFIX_PATH=${CMAKE_PREFIX_PATH}:/opt/ros/humble /usr/bin/cmake --build /home/eleazar/ros2_ws/build/msgs_clase -- -j20 -l20
[0.656s] [  3%] Built target msgs_clase__cpp
[0.656s] [ 12%] Built target msgs_clase__rosidl_generator_c
[0.656s] [ 12%] Built target ament_cmake_python_copy_msgs_clase
[0.656s] [ 22%] Built target msgs_clase__rosidl_typesupport_cpp
[0.656s] [ 32%] Built target msgs_clase__rosidl_typesupport_introspection_c
[0.656s] [ 41%] Built target msgs_clase__rosidl_typesupport_fastrtps_cpp
[0.656s] [ 54%] Built target msgs_clase__rosidl_typesupport_introspection_cpp
[0.656s] [ 61%] Built target msgs_clase__rosidl_typesupport_c
[0.657s] [ 70%] Built target msgs_clase__rosidl_typesupport_fastrtps_c
[0.657s] [ 70%] Built target msgs_clase
[0.657s] [ 74%] Built target msgs_clase__py
[0.657s] [ 80%] Built target msgs_clase__rosidl_generator_py
[0.657s] [ 87%] Built target msgs_clase__rosidl_typesupport_fastrtps_c__pyext
[0.657s] [ 93%] Built target msgs_clase__rosidl_typesupport_introspection_c__pyext
[0.657s] [100%] Built target msgs_clase__rosidl_typesupport_c__pyext
[0.657s] running egg_info
[0.657s] writing msgs_clase.egg-info/PKG-INFO
[0.657s] writing dependency_links to msgs_clase.egg-info/dependency_links.txt
[0.657s] writing top-level names to msgs_clase.egg-info/top_level.txt
[0.657s] reading manifest file 'msgs_clase.egg-info/SOURCES.txt'
[0.657s] writing manifest file 'msgs_clase.egg-info/SOURCES.txt'
[0.657s] [100%] Built target ament_cmake_python_build_msgs_clase_egg
[0.806s] Invoked command in '/home/eleazar/ros2_ws/build/msgs_clase' returned '0': CMAKE_PREFIX_PATH=${CMAKE_PREFIX_PATH}:/opt/ros/humble /usr/bin/cmake --build /home/eleazar/ros2_ws/build/msgs_clase -- -j20 -l20
[0.858s] Invoking command in '/home/eleazar/ros2_ws/build/msgs_clase': CMAKE_PREFIX_PATH=${CMAKE_PREFIX_PATH}:/opt/ros/humble /usr/bin/cmake --install /home/eleazar/ros2_ws/build/msgs_clase
[0.864s] -- Install configuration: ""
[0.864s] -- Up-to-date: /home/eleazar/ros2_ws/install/msgs_clase/share/ament_index/resource_index/rosidl_interfaces/msgs_clase
[0.864s] -- Up-to-date: /home/eleazar/ros2_ws/install/msgs_clase/include/msgs_clase/msgs_clase
[0.865s] -- Up-to-date: /home/eleazar/ros2_ws/install/msgs_clase/include/msgs_clase/msgs_clase/msg
[0.865s] -- Up-to-date: /home/eleazar/ros2_ws/install/msgs_clase/include/msgs_clase/msgs_clase/msg/rosidl_generator_c__visibility_control.h
[0.865s] -- Up-to-date: /home/eleazar/ros2_ws/install/msgs_clase/include/msgs_clase/msgs_clase/msg/sphere.h
[0.865s] -- Up-to-date: /home/eleazar/ros2_ws/install/msgs_clase/include/msgs_clase/msgs_clase/msg/detail
[0.865s] -- Up-to-date: /home/eleazar/ros2_ws/install/msgs_clase/include/msgs_clase/msgs_clase/msg/detail/sphere__type_support.h
[0.865s] -- Up-to-date: /home/eleazar/ros2_ws/install/msgs_clase/include/msgs_clase/msgs_clase/msg/detail/sphere__functions.c
[0.865s] -- Up-to-date: /home/eleazar/ros2_ws/install/msgs_clase/include/msgs_clase/msgs_clase/msg/detail/sphere__functions.h
[0.865s] -- Up-to-date: /home/eleazar/ros2_ws/install/msgs_clase/include/msgs_clase/msgs_clase/msg/detail/sphere__struct.h
[0.865s] -- Up-to-date: /home/eleazar/ros2_ws/install/msgs_clase/share/msgs_clase/environment/library_path.sh
[0.865s] -- Up-to-date: /home/eleazar/ros2_ws/install/msgs_clase/share/msgs_clase/environment/library_path.dsv
[0.865s] -- Up-to-date: /home/eleazar/ros2_ws/install/msgs_clase/lib/libmsgs_clase__rosidl_generator_c.so
[0.866s] -- Up-to-date: /home/eleazar/ros2_ws/install/msgs_clase/include/msgs_clase/msgs_clase
[0.866s] -- Up-to-date: /home/eleazar/ros2_ws/install/msgs_clase/include/msgs_clase/msgs_clase/msg
[0.866s] -- Up-to-date: /home/eleazar/ros2_ws/install/msgs_clase/include/msgs_clase/msgs_clase/msg/detail
[0.866s] -- Up-to-date: /home/eleazar/ros2_ws/install/msgs_clase/include/msgs_clase/msgs_clase/msg/detail/sphere__rosidl_typesupport_fastrtps_c.h
[0.866s] -- Up-to-date: /home/eleazar/ros2_ws/install/msgs_clase/include/msgs_clase/msgs_clase/msg/rosidl_typesupport_fastrtps_c__visibility_control.h
[0.866s] -- Up-to-date: /home/eleazar/ros2_ws/install/msgs_clase/lib/libmsgs_clase__rosidl_typesupport_fastrtps_c.so
[0.866s] -- Up-to-date: /home/eleazar/ros2_ws/install/msgs_clase/include/msgs_clase/msgs_clase
[0.866s] -- Up-to-date: /home/eleazar/ros2_ws/install/msgs_clase/include/msgs_clase/msgs_clase/msg
[0.866s] -- Up-to-date: /home/eleazar/ros2_ws/install/msgs_clase/include/msgs_clase/msgs_clase/msg/detail
[0.866s] -- Up-to-date: /home/eleazar/ros2_ws/install/msgs_clase/include/msgs_clase/msgs_clase/msg/detail/sphere__struct.hpp
[0.866s] -- Up-to-date: /home/eleazar/ros2_ws/install/msgs_clase/include/msgs_clase/msgs_clase/msg/detail/sphere__builder.hpp
[0.867s] -- Up-to-date: /home/eleazar/ros2_ws/install/msgs_clase/include/msgs_clase/msgs_clase/msg/detail/sphere__traits.hpp
[0.867s] -- Up-to-date: /home/eleazar/ros2_ws/install/msgs_clase/include/msgs_clase/msgs_clase/msg/sphere.hpp
[0.867s] -- Up-to-date: /home/eleazar/ros2_ws/install/msgs_clase/include/msgs_clase/msgs_clase
[0.867s] -- Up-to-date: /home/eleazar/ros2_ws/install/msgs_clase/include/msgs_clase/msgs_clase/msg
[0.867s] -- Up-to-date: /home/eleazar/ros2_ws/install/msgs_clase/include/msgs_clase/msgs_clase/msg/rosidl_typesupport_fastrtps_cpp__visibility_control.h
[0.867s] -- Up-to-date: /home/eleazar/ros2_ws/install/msgs_clase/include/msgs_clase/msgs_clase/msg/detail
[0.867s] -- Up-to-date: /home/eleazar/ros2_ws/install/msgs_clase/include/msgs_clase/msgs_clase/msg/detail/sphere__rosidl_typesupport_fastrtps_cpp.hpp
[0.867s] -- Up-to-date: /home/eleazar/ros2_ws/install/msgs_clase/include/msgs_clase/msgs_clase/msg/detail/dds_fastrtps
[0.867s] -- Up-to-date: /home/eleazar/ros2_ws/install/msgs_clase/lib/libmsgs_clase__rosidl_typesupport_fastrtps_cpp.so
[0.867s] -- Up-to-date: /home/eleazar/ros2_ws/install/msgs_clase/include/msgs_clase/msgs_clase
[0.867s] -- Up-to-date: /home/eleazar/ros2_ws/install/msgs_clase/include/msgs_clase/msgs_clase/msg
[0.867s] -- Up-to-date: /home/eleazar/ros2_ws/install/msgs_clase/include/msgs_clase/msgs_clase/msg/rosidl_typesupport_introspection_c__visibility_control.h
[0.867s] -- Up-to-date: /home/eleazar/ros2_ws/install/msgs_clase/include/msgs_clase/msgs_clase/msg/detail
[0.868s] -- Up-to-date: /home/eleazar/ros2_ws/install/msgs_clase/include/msgs_clase/msgs_clase/msg/detail/sphere__rosidl_typesupport_introspection_c.h
[0.868s] -- Up-to-date: /home/eleazar/ros2_ws/install/msgs_clase/include/msgs_clase/msgs_clase/msg/detail/sphere__type_support.c
[0.868s] -- Up-to-date: /home/eleazar/ros2_ws/install/msgs_clase/lib/libmsgs_clase__rosidl_typesupport_introspection_c.so
[0.868s] -- Up-to-date: /home/eleazar/ros2_ws/install/msgs_clase/lib/libmsgs_clase__rosidl_typesupport_c.so
[0.868s] -- Up-to-date: /home/eleazar/ros2_ws/install/msgs_clase/include/msgs_clase/msgs_clase
[0.868s] -- Up-to-date: /home/eleazar/ros2_ws/install/msgs_clase/include/msgs_clase/msgs_clase/msg
[0.868s] -- Up-to-date: /home/eleazar/ros2_ws/install/msgs_clase/include/msgs_clase/msgs_clase/msg/detail
[0.868s] -- Up-to-date: /home/eleazar/ros2_ws/install/msgs_clase/include/msgs_clase/msgs_clase/msg/detail/sphere__type_support.cpp
[0.868s] -- Up-to-date: /home/eleazar/ros2_ws/install/msgs_clase/include/msgs_clase/msgs_clase/msg/detail/sphere__rosidl_typesupport_introspection_cpp.hpp
[0.868s] -- Up-to-date: /home/eleazar/ros2_ws/install/msgs_clase/lib/libmsgs_clase__rosidl_typesupport_introspection_cpp.so
[0.868s] -- Up-to-date: /home/eleazar/ros2_ws/install/msgs_clase/lib/libmsgs_clase__rosidl_typesupport_cpp.so
[0.868s] -- Up-to-date: /home/eleazar/ros2_ws/install/msgs_clase/share/msgs_clase/environment/pythonpath.sh
[0.868s] -- Up-to-date: /home/eleazar/ros2_ws/install/msgs_clase/share/msgs_clase/environment/pythonpath.dsv
[0.868s] -- Up-to-date: /home/eleazar/ros2_ws/install/msgs_clase/local/lib/python3.10/dist-packages/msgs_clase-0.0.0-py3.10.egg-info
[0.868s] -- Installing: /home/eleazar/ros2_ws/install/msgs_clase/local/lib/python3.10/dist-packages/msgs_clase-0.0.0-py3.10.egg-info/top_level.txt
[0.868s] -- Installing: /home/eleazar/ros2_ws/install/msgs_clase/local/lib/python3.10/dist-packages/msgs_clase-0.0.0-py3.10.egg-info/dependency_links.txt
[0.868s] -- Installing: /home/eleazar/ros2_ws/install/msgs_clase/local/lib/python3.10/dist-packages/msgs_clase-0.0.0-py3.10.egg-info/PKG-INFO
[0.868s] -- Installing: /home/eleazar/ros2_ws/install/msgs_clase/local/lib/python3.10/dist-packages/msgs_clase-0.0.0-py3.10.egg-info/SOURCES.txt
[0.868s] -- Up-to-date: /home/eleazar/ros2_ws/install/msgs_clase/local/lib/python3.10/dist-packages/msgs_clase
[0.868s] -- Up-to-date: /home/eleazar/ros2_ws/install/msgs_clase/local/lib/python3.10/dist-packages/msgs_clase/libmsgs_clase__rosidl_generator_py.so
[0.868s] -- Up-to-date: /home/eleazar/ros2_ws/install/msgs_clase/local/lib/python3.10/dist-packages/msgs_clase/msgs_clase_s__rosidl_typesupport_introspection_c.cpython-310-x86_64-linux-gnu.so
[0.868s] -- Up-to-date: /home/eleazar/ros2_ws/install/msgs_clase/local/lib/python3.10/dist-packages/msgs_clase/msg
[0.868s] -- Up-to-date: /home/eleazar/ros2_ws/install/msgs_clase/local/lib/python3.10/dist-packages/msgs_clase/msg/_sphere_s.c
[0.868s] -- Up-to-date: /home/eleazar/ros2_ws/install/msgs_clase/local/lib/python3.10/dist-packages/msgs_clase/msg/_sphere.py
[0.868s] -- Up-to-date: /home/eleazar/ros2_ws/install/msgs_clase/local/lib/python3.10/dist-packages/msgs_clase/msg/__init__.py
[0.868s] -- Up-to-date: /home/eleazar/ros2_ws/install/msgs_clase/local/lib/python3.10/dist-packages/msgs_clase/msgs_clase_s__rosidl_typesupport_c.cpython-310-x86_64-linux-gnu.so
[0.868s] -- Up-to-date: /home/eleazar/ros2_ws/install/msgs_clase/local/lib/python3.10/dist-packages/msgs_clase/__init__.py
[0.868s] -- Up-to-date: /home/eleazar/ros2_ws/install/msgs_clase/local/lib/python3.10/dist-packages/msgs_clase/_msgs_clase_s.ep.rosidl_typesupport_c.c
[0.868s] -- Up-to-date: /home/eleazar/ros2_ws/install/msgs_clase/local/lib/python3.10/dist-packages/msgs_clase/_msgs_clase_s.ep.rosidl_typesupport_introspection_c.c
[0.869s] -- Up-to-date: /home/eleazar/ros2_ws/install/msgs_clase/local/lib/python3.10/dist-packages/msgs_clase/_msgs_clase_s.ep.rosidl_typesupport_fastrtps_c.c
[0.869s] -- Up-to-date: /home/eleazar/ros2_ws/install/msgs_clase/local/lib/python3.10/dist-packages/msgs_clase/msgs_clase_s__rosidl_typesupport_fastrtps_c.cpython-310-x86_64-linux-gnu.so
[0.889s] Listing '/home/eleazar/ros2_ws/install/msgs_clase/local/lib/python3.10/dist-packages/msgs_clase'...
[0.890s] Listing '/home/eleazar/ros2_ws/install/msgs_clase/local/lib/python3.10/dist-packages/msgs_clase/msg'...
[0.893s] -- Up-to-date: /home/eleazar/ros2_ws/install/msgs_clase/local/lib/python3.10/dist-packages/msgs_clase/msgs_clase_s__rosidl_typesupport_fastrtps_c.cpython-310-x86_64-linux-gnu.so
[0.893s] -- Up-to-date: /home/eleazar/ros2_ws/install/msgs_clase/local/lib/python3.10/dist-packages/msgs_clase/msgs_clase_s__rosidl_typesupport_introspection_c.cpython-310-x86_64-linux-gnu.so
[0.893s] -- Up-to-date: /home/eleazar/ros2_ws/install/msgs_clase/local/lib/python3.10/dist-packages/msgs_clase/msgs_clase_s__rosidl_typesupport_c.cpython-310-x86_64-linux-gnu.so
[0.893s] -- Up-to-date: /home/eleazar/ros2_ws/install/msgs_clase/lib/libmsgs_clase__rosidl_generator_py.so
[0.894s] -- Up-to-date: /home/eleazar/ros2_ws/install/msgs_clase/share/msgs_clase/msg/Sphere.idl
[0.894s] -- Up-to-date: /home/eleazar/ros2_ws/install/msgs_clase/share/msgs_clase/msg/Sphere.msg
[0.894s] -- Up-to-date: /home/eleazar/ros2_ws/install/msgs_clase/share/ament_index/resource_index/package_run_dependencies/msgs_clase
[0.894s] -- Up-to-date: /home/eleazar/ros2_ws/install/msgs_clase/share/ament_index/resource_index/parent_prefix_path/msgs_clase
[0.894s] -- Up-to-date: /home/eleazar/ros2_ws/install/msgs_clase/share/msgs_clase/environment/ament_prefix_path.sh
[0.894s] -- Up-to-date: /home/eleazar/ros2_ws/install/msgs_clase/share/msgs_clase/environment/ament_prefix_path.dsv
[0.894s] -- Up-to-date: /home/eleazar/ros2_ws/install/msgs_clase/share/msgs_clase/environment/path.sh
[0.894s] -- Up-to-date: /home/eleazar/ros2_ws/install/msgs_clase/share/msgs_clase/environment/path.dsv
[0.894s] -- Up-to-date: /home/eleazar/ros2_ws/install/msgs_clase/share/msgs_clase/local_setup.bash
[0.895s] -- Up-to-date: /home/eleazar/ros2_ws/install/msgs_clase/share/msgs_clase/local_setup.sh
[0.895s] -- Up-to-date: /home/eleazar/ros2_ws/install/msgs_clase/share/msgs_clase/local_setup.zsh
[0.895s] -- Up-to-date: /home/eleazar/ros2_ws/install/msgs_clase/share/msgs_clase/local_setup.dsv
[0.895s] -- Installing: /home/eleazar/ros2_ws/install/msgs_clase/share/msgs_clase/package.dsv
[0.895s] -- Up-to-date: /home/eleazar/ros2_ws/install/msgs_clase/share/ament_index/resource_index/packages/msgs_clase
[0.895s] -- Up-to-date: /home/eleazar/ros2_ws/install/msgs_clase/share/msgs_clase/cmake/export_msgs_clase__rosidl_generator_cExport.cmake
[0.895s] -- Up-to-date: /home/eleazar/ros2_ws/install/msgs_clase/share/msgs_clase/cmake/export_msgs_clase__rosidl_generator_cExport-noconfig.cmake
[0.895s] -- Up-to-date: /home/eleazar/ros2_ws/install/msgs_clase/share/msgs_clase/cmake/export_msgs_clase__rosidl_typesupport_fastrtps_cExport.cmake
[0.895s] -- Up-to-date: /home/eleazar/ros2_ws/install/msgs_clase/share/msgs_clase/cmake/export_msgs_clase__rosidl_typesupport_fastrtps_cExport-noconfig.cmake
[0.895s] -- Up-to-date: /home/eleazar/ros2_ws/install/msgs_clase/share/msgs_clase/cmake/export_msgs_clase__rosidl_generator_cppExport.cmake
[0.895s] -- Up-to-date: /home/eleazar/ros2_ws/install/msgs_clase/share/msgs_clase/cmake/export_msgs_clase__rosidl_typesupport_fastrtps_cppExport.cmake
[0.895s] -- Up-to-date: /home/eleazar/ros2_ws/install/msgs_clase/share/msgs_clase/cmake/export_msgs_clase__rosidl_typesupport_fastrtps_cppExport-noconfig.cmake
[0.895s] -- Up-to-date: /home/eleazar/ros2_ws/install/msgs_clase/share/msgs_clase/cmake/msgs_clase__rosidl_typesupport_introspection_cExport.cmake
[0.895s] -- Up-to-date: /home/eleazar/ros2_ws/install/msgs_clase/share/msgs_clase/cmake/msgs_clase__rosidl_typesupport_introspection_cExport-noconfig.cmake
[0.895s] -- Up-to-date: /home/eleazar/ros2_ws/install/msgs_clase/share/msgs_clase/cmake/msgs_clase__rosidl_typesupport_cExport.cmake
[0.895s] -- Up-to-date: /home/eleazar/ros2_ws/install/msgs_clase/share/msgs_clase/cmake/msgs_clase__rosidl_typesupport_cExport-noconfig.cmake
[0.895s] -- Up-to-date: /home/eleazar/ros2_ws/install/msgs_clase/share/msgs_clase/cmake/msgs_clase__rosidl_typesupport_introspection_cppExport.cmake
[0.896s] -- Up-to-date: /home/eleazar/ros2_ws/install/msgs_clase/share/msgs_clase/cmake/msgs_clase__rosidl_typesupport_introspection_cppExport-noconfig.cmake
[0.896s] -- Up-to-date: /home/eleazar/ros2_ws/install/msgs_clase/share/msgs_clase/cmake/msgs_clase__rosidl_typesupport_cppExport.cmake
[0.896s] -- Up-to-date: /home/eleazar/ros2_ws/install/msgs_clase/share/msgs_clase/cmake/msgs_clase__rosidl_typesupport_cppExport-noconfig.cmake
[0.897s] -- Up-to-date: /home/eleazar/ros2_ws/install/msgs_clase/share/msgs_clase/cmake/export_msgs_clase__rosidl_generator_pyExport.cmake
[0.897s] -- Up-to-date: /home/eleazar/ros2_ws/install/msgs_clase/share/msgs_clase/cmake/export_msgs_clase__rosidl_generator_pyExport-noconfig.cmake
[0.897s] -- Up-to-date: /home/eleazar/ros2_ws/install/msgs_clase/share/msgs_clase/cmake/rosidl_cmake-extras.cmake
[0.897s] -- Up-to-date: /home/eleazar/ros2_ws/install/msgs_clase/share/msgs_clase/cmake/ament_cmake_export_dependencies-extras.cmake
[0.897s] -- Up-to-date: /home/eleazar/ros2_ws/install/msgs_clase/share/msgs_clase/cmake/ament_cmake_export_include_directories-extras.cmake
[0.897s] -- Up-to-date: /home/eleazar/ros2_ws/install/msgs_clase/share/msgs_clase/cmake/ament_cmake_export_libraries-extras.cmake
[0.897s] -- Up-to-date: /home/eleazar/ros2_ws/install/msgs_clase/share/msgs_clase/cmake/ament_cmake_export_targets-extras.cmake
[0.897s] -- Up-to-date: /home/eleazar/ros2_ws/install/msgs_clase/share/msgs_clase/cmake/rosidl_cmake_export_typesupport_targets-extras.cmake
[0.897s] -- Up-to-date: /home/eleazar/ros2_ws/install/msgs_clase/share/msgs_clase/cmake/rosidl_cmake_export_typesupport_libraries-extras.cmake
[0.897s] -- Up-to-date: /home/eleazar/ros2_ws/install/msgs_clase/share/msgs_clase/cmake/msgs_claseConfig.cmake
[0.897s] -- Up-to-date: /home/eleazar/ros2_ws/install/msgs_clase/share/msgs_clase/cmake/msgs_claseConfig-version.cmake
[0.897s] -- Up-to-date: /home/eleazar/ros2_ws/install/msgs_clase/share/msgs_clase/package.xml
[0.897s] Invoked command in '/home/eleazar/ros2_ws/build/msgs_clase' returned '0': CMAKE_PREFIX_PATH=${CMAKE_PREFIX_PATH}:/opt/ros/humble /usr/bin/cmake --install /home/eleazar/ros2_ws/build/msgs_clase
