[1.090s] Invoking command in '/home/angel/ros2_ws/src/courseworks': PYTHONPATH=/home/angel/ros2_ws/build/courseworks/prefix_override:/home/angel/ros2_ws/install/courseworks/lib/python3.10/site-packages:${PYTHONPATH} /usr/bin/python3 setup.py egg_info --egg-base ../../build/courseworks build --build-base /home/angel/ros2_ws/build/courseworks/build install --record /home/angel/ros2_ws/build/courseworks/install.log --single-version-externally-managed
[1.275s] running egg_info
[1.275s] creating ../../build/courseworks/courseworks.egg-info
[1.276s] writing ../../build/courseworks/courseworks.egg-info/PKG-INFO
[1.276s] writing dependency_links to ../../build/courseworks/courseworks.egg-info/dependency_links.txt
[1.276s] writing entry points to ../../build/courseworks/courseworks.egg-info/entry_points.txt
[1.277s] writing requirements to ../../build/courseworks/courseworks.egg-info/requires.txt
[1.277s] writing top-level names to ../../build/courseworks/courseworks.egg-info/top_level.txt
[1.277s] writing manifest file '../../build/courseworks/courseworks.egg-info/SOURCES.txt'
[1.278s] reading manifest file '../../build/courseworks/courseworks.egg-info/SOURCES.txt'
[1.278s] adding license file 'LICENSE'
[1.278s] writing manifest file '../../build/courseworks/courseworks.egg-info/SOURCES.txt'
[1.279s] running build
[1.279s] running build_py
[1.279s] creating /home/angel/ros2_ws/build/courseworks/build
[1.279s] creating /home/angel/ros2_ws/build/courseworks/build/lib
[1.279s] creating /home/angel/ros2_ws/build/courseworks/build/lib/courseworks
[1.279s] copying courseworks/signal_generator.py -> /home/angel/ros2_ws/build/courseworks/build/lib/courseworks
[1.279s] copying courseworks/process.py -> /home/angel/ros2_ws/build/courseworks/build/lib/courseworks
[1.279s] copying courseworks/__init__.py -> /home/angel/ros2_ws/build/courseworks/build/lib/courseworks
[1.280s] running install
[1.280s] /usr/lib/python3/dist-packages/setuptools/command/install.py:34: SetuptoolsDeprecationWarning: setup.py install is deprecated. Use build and pip and other standards-based tools.
[1.280s]   warnings.warn(
[1.280s] running install_lib
[1.281s] creating /home/angel/ros2_ws/install/courseworks/lib/python3.10/site-packages/courseworks
[1.281s] copying /home/angel/ros2_ws/build/courseworks/build/lib/courseworks/signal_generator.py -> /home/angel/ros2_ws/install/courseworks/lib/python3.10/site-packages/courseworks
[1.281s] copying /home/angel/ros2_ws/build/courseworks/build/lib/courseworks/process.py -> /home/angel/ros2_ws/install/courseworks/lib/python3.10/site-packages/courseworks
[1.281s] copying /home/angel/ros2_ws/build/courseworks/build/lib/courseworks/__init__.py -> /home/angel/ros2_ws/install/courseworks/lib/python3.10/site-packages/courseworks
[1.281s] byte-compiling /home/angel/ros2_ws/install/courseworks/lib/python3.10/site-packages/courseworks/signal_generator.py to signal_generator.cpython-310.pyc
[1.282s] byte-compiling /home/angel/ros2_ws/install/courseworks/lib/python3.10/site-packages/courseworks/process.py to process.cpython-310.pyc
[1.282s] byte-compiling /home/angel/ros2_ws/install/courseworks/lib/python3.10/site-packages/courseworks/__init__.py to __init__.cpython-310.pyc
[1.282s] running install_data
[1.283s] creating /home/angel/ros2_ws/install/courseworks/share/ament_index
[1.283s] creating /home/angel/ros2_ws/install/courseworks/share/ament_index/resource_index
[1.283s] creating /home/angel/ros2_ws/install/courseworks/share/ament_index/resource_index/packages
[1.283s] copying resource/courseworks -> /home/angel/ros2_ws/install/courseworks/share/ament_index/resource_index/packages
[1.283s] copying package.xml -> /home/angel/ros2_ws/install/courseworks/share/courseworks
[1.284s] creating /home/angel/ros2_ws/install/courseworks/share/courseworks/launch
[1.284s] copying launch/signals_launch.py -> /home/angel/ros2_ws/install/courseworks/share/courseworks/launch
[1.284s] running install_egg_info
[1.285s] Copying ../../build/courseworks/courseworks.egg-info to /home/angel/ros2_ws/install/courseworks/lib/python3.10/site-packages/courseworks-0.0.0-py3.10.egg-info
[1.286s] running install_scripts
[1.305s] Installing Signal_generator script to /home/angel/ros2_ws/install/courseworks/lib/courseworks
[1.305s] writing list of installed files to '/home/angel/ros2_ws/build/courseworks/install.log'
[1.379s] Invoked command in '/home/angel/ros2_ws/src/courseworks' returned '0': PYTHONPATH=/home/angel/ros2_ws/build/courseworks/prefix_override:/home/angel/ros2_ws/install/courseworks/lib/python3.10/site-packages:${PYTHONPATH} /usr/bin/python3 setup.py egg_info --egg-base ../../build/courseworks build --build-base /home/angel/ros2_ws/build/courseworks/build install --record /home/angel/ros2_ws/build/courseworks/install.log --single-version-externally-managed
