[0.818s] DEBUG:colcon:Command line arguments: ['/usr/bin/colcon', 'build']
[0.818s] DEBUG:colcon:Parsed command line arguments: Namespace(log_base=None, log_level=None, verb_name='build', build_base='build', install_base='install', merge_install=False, symlink_install=False, test_result_base=None, continue_on_error=False, executor='parallel', parallel_workers=12, event_handlers=None, ignore_user_meta=False, metas=['./colcon.meta'], base_paths=['.'], packages_ignore=None, packages_ignore_regex=None, paths=None, packages_up_to=None, packages_up_to_regex=None, packages_above=None, packages_above_and_dependencies=None, packages_above_depth=None, packages_select_by_dep=None, packages_skip_by_dep=None, packages_skip_up_to=None, packages_select_build_failed=False, packages_skip_build_finished=False, packages_select_test_failures=False, packages_skip_test_passed=False, packages_select=None, packages_skip=None, packages_select_regex=None, packages_skip_regex=None, packages_start=None, packages_end=None, allow_overriding=[], cmake_args=None, cmake_target=None, cmake_target_skip_unavailable=False, cmake_clean_cache=False, cmake_clean_first=False, cmake_force_configure=False, ament_cmake_args=None, catkin_cmake_args=None, catkin_skip_building_tests=False, verb_parser=<colcon_defaults.argument_parser.defaults.DefaultArgumentsDecorator object at 0x7efc071b7130>, verb_extension=<colcon_core.verb.build.BuildVerb object at 0x7efc071b60e0>, main=<bound method BuildVerb.main of <colcon_core.verb.build.BuildVerb object at 0x7efc071b60e0>>)
[0.860s] Level 1:colcon.colcon_core.package_discovery:discover_packages(colcon_meta) check parameters
[0.860s] Level 1:colcon.colcon_core.package_discovery:discover_packages(recursive) check parameters
[0.860s] Level 1:colcon.colcon_core.package_discovery:discover_packages(ignore) check parameters
[0.860s] Level 1:colcon.colcon_core.package_discovery:discover_packages(path) check parameters
[0.860s] Level 1:colcon.colcon_core.package_discovery:discover_packages(colcon_meta) discover
[0.860s] Level 1:colcon.colcon_core.package_discovery:discover_packages(recursive) discover
[0.860s] INFO:colcon.colcon_core.package_discovery:Crawling recursively for packages in '/home/angel/ros2_ws'
[0.861s] Level 1:colcon.colcon_core.package_identification:_identify(.) by extensions ['ignore', 'ignore_ament_install']
[0.861s] Level 1:colcon.colcon_core.package_identification:_identify(.) by extension 'ignore'
[0.861s] Level 1:colcon.colcon_core.package_identification:_identify(.) by extension 'ignore_ament_install'
[0.861s] Level 1:colcon.colcon_core.package_identification:_identify(.) by extensions ['colcon_pkg']
[0.861s] Level 1:colcon.colcon_core.package_identification:_identify(.) by extension 'colcon_pkg'
[0.861s] Level 1:colcon.colcon_core.package_identification:_identify(.) by extensions ['colcon_meta']
[0.861s] Level 1:colcon.colcon_core.package_identification:_identify(.) by extension 'colcon_meta'
[0.861s] Level 1:colcon.colcon_core.package_identification:_identify(.) by extensions ['ros']
[0.861s] Level 1:colcon.colcon_core.package_identification:_identify(.) by extension 'ros'
[0.874s] Level 1:colcon.colcon_core.package_identification:_identify(.) by extensions ['cmake', 'python']
[0.874s] Level 1:colcon.colcon_core.package_identification:_identify(.) by extension 'cmake'
[0.874s] Level 1:colcon.colcon_core.package_identification:_identify(.) by extension 'python'
[0.874s] Level 1:colcon.colcon_core.package_identification:_identify(.) by extensions ['python_setup_py']
[0.874s] Level 1:colcon.colcon_core.package_identification:_identify(.) by extension 'python_setup_py'
[0.874s] Level 1:colcon.colcon_core.package_identification:_identify(build) by extensions ['ignore', 'ignore_ament_install']
[0.874s] Level 1:colcon.colcon_core.package_identification:_identify(build) by extension 'ignore'
[0.874s] Level 1:colcon.colcon_core.package_identification:_identify(build) ignored
[0.874s] Level 1:colcon.colcon_core.package_identification:_identify(install) by extensions ['ignore', 'ignore_ament_install']
[0.875s] Level 1:colcon.colcon_core.package_identification:_identify(install) by extension 'ignore'
[0.875s] Level 1:colcon.colcon_core.package_identification:_identify(install) ignored
[0.875s] Level 1:colcon.colcon_core.package_identification:_identify(log) by extensions ['ignore', 'ignore_ament_install']
[0.875s] Level 1:colcon.colcon_core.package_identification:_identify(log) by extension 'ignore'
[0.875s] Level 1:colcon.colcon_core.package_identification:_identify(log) ignored
[0.875s] Level 1:colcon.colcon_core.package_identification:_identify(src) by extensions ['ignore', 'ignore_ament_install']
[0.875s] Level 1:colcon.colcon_core.package_identification:_identify(src) by extension 'ignore'
[0.875s] Level 1:colcon.colcon_core.package_identification:_identify(src) by extension 'ignore_ament_install'
[0.875s] Level 1:colcon.colcon_core.package_identification:_identify(src) by extensions ['colcon_pkg']
[0.875s] Level 1:colcon.colcon_core.package_identification:_identify(src) by extension 'colcon_pkg'
[0.875s] Level 1:colcon.colcon_core.package_identification:_identify(src) by extensions ['colcon_meta']
[0.875s] Level 1:colcon.colcon_core.package_identification:_identify(src) by extension 'colcon_meta'
[0.875s] Level 1:colcon.colcon_core.package_identification:_identify(src) by extensions ['ros']
[0.875s] Level 1:colcon.colcon_core.package_identification:_identify(src) by extension 'ros'
[0.875s] Level 1:colcon.colcon_core.package_identification:_identify(src) by extensions ['cmake', 'python']
[0.875s] Level 1:colcon.colcon_core.package_identification:_identify(src) by extension 'cmake'
[0.875s] Level 1:colcon.colcon_core.package_identification:_identify(src) by extension 'python'
[0.875s] Level 1:colcon.colcon_core.package_identification:_identify(src) by extensions ['python_setup_py']
[0.875s] Level 1:colcon.colcon_core.package_identification:_identify(src) by extension 'python_setup_py'
[0.875s] Level 1:colcon.colcon_core.package_identification:_identify(src/basic_comms) by extensions ['ignore', 'ignore_ament_install']
[0.875s] Level 1:colcon.colcon_core.package_identification:_identify(src/basic_comms) by extension 'ignore'
[0.876s] Level 1:colcon.colcon_core.package_identification:_identify(src/basic_comms) by extension 'ignore_ament_install'
[0.876s] Level 1:colcon.colcon_core.package_identification:_identify(src/basic_comms) by extensions ['colcon_pkg']
[0.876s] Level 1:colcon.colcon_core.package_identification:_identify(src/basic_comms) by extension 'colcon_pkg'
[0.876s] Level 1:colcon.colcon_core.package_identification:_identify(src/basic_comms) by extensions ['colcon_meta']
[0.876s] Level 1:colcon.colcon_core.package_identification:_identify(src/basic_comms) by extension 'colcon_meta'
[0.876s] Level 1:colcon.colcon_core.package_identification:_identify(src/basic_comms) by extensions ['ros']
[0.876s] Level 1:colcon.colcon_core.package_identification:_identify(src/basic_comms) by extension 'ros'
[0.879s] DEBUG:colcon.colcon_core.package_identification:Package 'src/basic_comms' with type 'ros.ament_python' and name 'basic_comms'
[0.879s] Level 1:colcon.colcon_core.package_identification:_identify(src/basic_comms_params) by extensions ['ignore', 'ignore_ament_install']
[0.879s] Level 1:colcon.colcon_core.package_identification:_identify(src/basic_comms_params) by extension 'ignore'
[0.879s] Level 1:colcon.colcon_core.package_identification:_identify(src/basic_comms_params) by extension 'ignore_ament_install'
[0.879s] Level 1:colcon.colcon_core.package_identification:_identify(src/basic_comms_params) by extensions ['colcon_pkg']
[0.879s] Level 1:colcon.colcon_core.package_identification:_identify(src/basic_comms_params) by extension 'colcon_pkg'
[0.879s] Level 1:colcon.colcon_core.package_identification:_identify(src/basic_comms_params) by extensions ['colcon_meta']
[0.879s] Level 1:colcon.colcon_core.package_identification:_identify(src/basic_comms_params) by extension 'colcon_meta'
[0.879s] Level 1:colcon.colcon_core.package_identification:_identify(src/basic_comms_params) by extensions ['ros']
[0.879s] Level 1:colcon.colcon_core.package_identification:_identify(src/basic_comms_params) by extension 'ros'
[0.880s] DEBUG:colcon.colcon_core.package_identification:Package 'src/basic_comms_params' with type 'ros.ament_python' and name 'basic_comms_params'
[0.880s] Level 1:colcon.colcon_core.package_identification:_identify(src/build) by extensions ['ignore', 'ignore_ament_install']
[0.880s] Level 1:colcon.colcon_core.package_identification:_identify(src/build) by extension 'ignore'
[0.880s] Level 1:colcon.colcon_core.package_identification:_identify(src/build) ignored
[0.880s] Level 1:colcon.colcon_core.package_identification:_identify(src/courseworks) by extensions ['ignore', 'ignore_ament_install']
[0.880s] Level 1:colcon.colcon_core.package_identification:_identify(src/courseworks) by extension 'ignore'
[0.881s] Level 1:colcon.colcon_core.package_identification:_identify(src/courseworks) by extension 'ignore_ament_install'
[0.881s] Level 1:colcon.colcon_core.package_identification:_identify(src/courseworks) by extensions ['colcon_pkg']
[0.881s] Level 1:colcon.colcon_core.package_identification:_identify(src/courseworks) by extension 'colcon_pkg'
[0.881s] Level 1:colcon.colcon_core.package_identification:_identify(src/courseworks) by extensions ['colcon_meta']
[0.881s] Level 1:colcon.colcon_core.package_identification:_identify(src/courseworks) by extension 'colcon_meta'
[0.881s] Level 1:colcon.colcon_core.package_identification:_identify(src/courseworks) by extensions ['ros']
[0.881s] Level 1:colcon.colcon_core.package_identification:_identify(src/courseworks) by extension 'ros'
[0.881s] DEBUG:colcon.colcon_core.package_identification:Package 'src/courseworks' with type 'ros.ament_python' and name 'courseworks'
[0.882s] Level 1:colcon.colcon_core.package_identification:_identify(src/install) by extensions ['ignore', 'ignore_ament_install']
[0.882s] Level 1:colcon.colcon_core.package_identification:_identify(src/install) by extension 'ignore'
[0.882s] Level 1:colcon.colcon_core.package_identification:_identify(src/install) ignored
[0.882s] Level 1:colcon.colcon_core.package_identification:_identify(src/log) by extensions ['ignore', 'ignore_ament_install']
[0.882s] Level 1:colcon.colcon_core.package_identification:_identify(src/log) by extension 'ignore'
[0.882s] Level 1:colcon.colcon_core.package_identification:_identify(src/log) ignored
[0.882s] Level 1:colcon.colcon_core.package_discovery:discover_packages(recursive) using defaults
[0.882s] Level 1:colcon.colcon_core.package_discovery:discover_packages(ignore) discover
[0.882s] Level 1:colcon.colcon_core.package_discovery:discover_packages(ignore) using defaults
[0.882s] Level 1:colcon.colcon_core.package_discovery:discover_packages(path) discover
[0.882s] Level 1:colcon.colcon_core.package_discovery:discover_packages(path) using defaults
[0.957s] Level 1:colcon.colcon_core.package_discovery:discover_packages(prefix_path) check parameters
[0.958s] Level 1:colcon.colcon_core.package_discovery:discover_packages(prefix_path) discover
[0.981s] DEBUG:colcon.colcon_installed_package_information.package_discovery:Found 3 installed packages in /home/angel/ros2_ws/install
[0.994s] DEBUG:colcon.colcon_installed_package_information.package_discovery:Found 270 installed packages in /opt/ros/humble
[0.995s] Level 1:colcon.colcon_core.package_discovery:discover_packages(prefix_path) using defaults
[1.091s] Level 5:colcon.colcon_core.verb:set package 'basic_comms' build argument 'cmake_args' from command line to 'None'
[1.091s] Level 5:colcon.colcon_core.verb:set package 'basic_comms' build argument 'cmake_target' from command line to 'None'
[1.091s] Level 5:colcon.colcon_core.verb:set package 'basic_comms' build argument 'cmake_target_skip_unavailable' from command line to 'False'
[1.091s] Level 5:colcon.colcon_core.verb:set package 'basic_comms' build argument 'cmake_clean_cache' from command line to 'False'
[1.091s] Level 5:colcon.colcon_core.verb:set package 'basic_comms' build argument 'cmake_clean_first' from command line to 'False'
[1.091s] Level 5:colcon.colcon_core.verb:set package 'basic_comms' build argument 'cmake_force_configure' from command line to 'False'
[1.091s] Level 5:colcon.colcon_core.verb:set package 'basic_comms' build argument 'ament_cmake_args' from command line to 'None'
[1.091s] Level 5:colcon.colcon_core.verb:set package 'basic_comms' build argument 'catkin_cmake_args' from command line to 'None'
[1.091s] Level 5:colcon.colcon_core.verb:set package 'basic_comms' build argument 'catkin_skip_building_tests' from command line to 'False'
[1.091s] DEBUG:colcon.colcon_core.verb:Building package 'basic_comms' with the following arguments: {'ament_cmake_args': None, 'build_base': '/home/angel/ros2_ws/build/basic_comms', 'catkin_cmake_args': None, 'catkin_skip_building_tests': False, 'cmake_args': None, 'cmake_clean_cache': False, 'cmake_clean_first': False, 'cmake_force_configure': False, 'cmake_target': None, 'cmake_target_skip_unavailable': False, 'install_base': '/home/angel/ros2_ws/install/basic_comms', 'merge_install': False, 'path': '/home/angel/ros2_ws/src/basic_comms', 'symlink_install': False, 'test_result_base': None}
[1.102s] Level 5:colcon.colcon_core.verb:set package 'basic_comms_params' build argument 'cmake_args' from command line to 'None'
[1.102s] Level 5:colcon.colcon_core.verb:set package 'basic_comms_params' build argument 'cmake_target' from command line to 'None'
[1.102s] Level 5:colcon.colcon_core.verb:set package 'basic_comms_params' build argument 'cmake_target_skip_unavailable' from command line to 'False'
[1.102s] Level 5:colcon.colcon_core.verb:set package 'basic_comms_params' build argument 'cmake_clean_cache' from command line to 'False'
[1.102s] Level 5:colcon.colcon_core.verb:set package 'basic_comms_params' build argument 'cmake_clean_first' from command line to 'False'
[1.102s] Level 5:colcon.colcon_core.verb:set package 'basic_comms_params' build argument 'cmake_force_configure' from command line to 'False'
[1.102s] Level 5:colcon.colcon_core.verb:set package 'basic_comms_params' build argument 'ament_cmake_args' from command line to 'None'
[1.102s] Level 5:colcon.colcon_core.verb:set package 'basic_comms_params' build argument 'catkin_cmake_args' from command line to 'None'
[1.102s] Level 5:colcon.colcon_core.verb:set package 'basic_comms_params' build argument 'catkin_skip_building_tests' from command line to 'False'
[1.103s] DEBUG:colcon.colcon_core.verb:Building package 'basic_comms_params' with the following arguments: {'ament_cmake_args': None, 'build_base': '/home/angel/ros2_ws/build/basic_comms_params', 'catkin_cmake_args': None, 'catkin_skip_building_tests': False, 'cmake_args': None, 'cmake_clean_cache': False, 'cmake_clean_first': False, 'cmake_force_configure': False, 'cmake_target': None, 'cmake_target_skip_unavailable': False, 'install_base': '/home/angel/ros2_ws/install/basic_comms_params', 'merge_install': False, 'path': '/home/angel/ros2_ws/src/basic_comms_params', 'symlink_install': False, 'test_result_base': None}
[1.113s] Level 5:colcon.colcon_core.verb:set package 'courseworks' build argument 'cmake_args' from command line to 'None'
[1.113s] Level 5:colcon.colcon_core.verb:set package 'courseworks' build argument 'cmake_target' from command line to 'None'
[1.113s] Level 5:colcon.colcon_core.verb:set package 'courseworks' build argument 'cmake_target_skip_unavailable' from command line to 'False'
[1.114s] Level 5:colcon.colcon_core.verb:set package 'courseworks' build argument 'cmake_clean_cache' from command line to 'False'
[1.114s] Level 5:colcon.colcon_core.verb:set package 'courseworks' build argument 'cmake_clean_first' from command line to 'False'
[1.114s] Level 5:colcon.colcon_core.verb:set package 'courseworks' build argument 'cmake_force_configure' from command line to 'False'
[1.114s] Level 5:colcon.colcon_core.verb:set package 'courseworks' build argument 'ament_cmake_args' from command line to 'None'
[1.114s] Level 5:colcon.colcon_core.verb:set package 'courseworks' build argument 'catkin_cmake_args' from command line to 'None'
[1.114s] Level 5:colcon.colcon_core.verb:set package 'courseworks' build argument 'catkin_skip_building_tests' from command line to 'False'
[1.114s] DEBUG:colcon.colcon_core.verb:Building package 'courseworks' with the following arguments: {'ament_cmake_args': None, 'build_base': '/home/angel/ros2_ws/build/courseworks', 'catkin_cmake_args': None, 'catkin_skip_building_tests': False, 'cmake_args': None, 'cmake_clean_cache': False, 'cmake_clean_first': False, 'cmake_force_configure': False, 'cmake_target': None, 'cmake_target_skip_unavailable': False, 'install_base': '/home/angel/ros2_ws/install/courseworks', 'merge_install': False, 'path': '/home/angel/ros2_ws/src/courseworks', 'symlink_install': False, 'test_result_base': None}
[1.124s] INFO:colcon.colcon_core.executor:Executing jobs using 'parallel' executor
[1.136s] DEBUG:colcon.colcon_parallel_executor.executor.parallel:run_until_complete
[1.136s] INFO:colcon.colcon_ros.task.ament_python.build:Building ROS package in '/home/angel/ros2_ws/src/basic_comms' with build type 'ament_python'
[1.137s] Level 1:colcon.colcon_core.shell:create_environment_hook('basic_comms', 'ament_prefix_path')
[1.152s] INFO:colcon.colcon_core.plugin_system:Skipping extension 'colcon_core.shell.bat': Not used on non-Windows systems
[1.153s] INFO:colcon.colcon_core.shell:Creating environment hook '/home/angel/ros2_ws/install/basic_comms/share/basic_comms/hook/ament_prefix_path.ps1'
[1.153s] INFO:colcon.colcon_core.shell:Creating environment descriptor '/home/angel/ros2_ws/install/basic_comms/share/basic_comms/hook/ament_prefix_path.dsv'
[1.154s] INFO:colcon.colcon_core.shell:Creating environment hook '/home/angel/ros2_ws/install/basic_comms/share/basic_comms/hook/ament_prefix_path.sh'
[1.165s] INFO:colcon.colcon_core.shell:Skip shell extension 'powershell' for command environment: Not usable outside of PowerShell
[1.165s] DEBUG:colcon.colcon_core.shell:Skip shell extension 'dsv' for command environment
[1.201s] INFO:colcon.colcon_ros.task.ament_python.build:Building ROS package in '/home/angel/ros2_ws/src/basic_comms_params' with build type 'ament_python'
[1.201s] Level 1:colcon.colcon_core.shell:create_environment_hook('basic_comms_params', 'ament_prefix_path')
[1.212s] INFO:colcon.colcon_core.shell:Creating environment hook '/home/angel/ros2_ws/install/basic_comms_params/share/basic_comms_params/hook/ament_prefix_path.ps1'
[1.213s] INFO:colcon.colcon_core.shell:Creating environment descriptor '/home/angel/ros2_ws/install/basic_comms_params/share/basic_comms_params/hook/ament_prefix_path.dsv'
[1.213s] INFO:colcon.colcon_core.shell:Creating environment hook '/home/angel/ros2_ws/install/basic_comms_params/share/basic_comms_params/hook/ament_prefix_path.sh'
[1.224s] INFO:colcon.colcon_core.shell:Skip shell extension 'powershell' for command environment: Not usable outside of PowerShell
[1.224s] DEBUG:colcon.colcon_core.shell:Skip shell extension 'dsv' for command environment
[1.260s] INFO:colcon.colcon_ros.task.ament_python.build:Building ROS package in '/home/angel/ros2_ws/src/courseworks' with build type 'ament_python'
[1.260s] Level 1:colcon.colcon_core.shell:create_environment_hook('courseworks', 'ament_prefix_path')
[1.272s] INFO:colcon.colcon_core.shell:Creating environment hook '/home/angel/ros2_ws/install/courseworks/share/courseworks/hook/ament_prefix_path.ps1'
[1.272s] INFO:colcon.colcon_core.shell:Creating environment descriptor '/home/angel/ros2_ws/install/courseworks/share/courseworks/hook/ament_prefix_path.dsv'
[1.272s] INFO:colcon.colcon_core.shell:Creating environment hook '/home/angel/ros2_ws/install/courseworks/share/courseworks/hook/ament_prefix_path.sh'
[1.283s] INFO:colcon.colcon_core.shell:Skip shell extension 'powershell' for command environment: Not usable outside of PowerShell
[1.283s] DEBUG:colcon.colcon_core.shell:Skip shell extension 'dsv' for command environment
[1.528s] INFO:colcon.colcon_core.task.python.build:Building Python package in '/home/angel/ros2_ws/src/basic_comms'
[1.540s] INFO:colcon.colcon_core.shell:Skip shell extension 'powershell' for command environment: Not usable outside of PowerShell
[1.540s] DEBUG:colcon.colcon_core.shell:Skip shell extension 'dsv' for command environment
[1.781s] INFO:colcon.colcon_core.task.python.build:Building Python package in '/home/angel/ros2_ws/src/basic_comms_params'
[1.793s] INFO:colcon.colcon_core.shell:Skip shell extension 'powershell' for command environment: Not usable outside of PowerShell
[1.793s] DEBUG:colcon.colcon_core.shell:Skip shell extension 'dsv' for command environment
[2.038s] INFO:colcon.colcon_core.task.python.build:Building Python package in '/home/angel/ros2_ws/src/courseworks'
[2.049s] INFO:colcon.colcon_core.shell:Skip shell extension 'powershell' for command environment: Not usable outside of PowerShell
[2.050s] DEBUG:colcon.colcon_core.shell:Skip shell extension 'dsv' for command environment
[2.386s] DEBUG:colcon.colcon_core.event_handler.log_command:Invoking command in '/home/angel/ros2_ws/src/basic_comms': PYTHONPATH=/home/angel/ros2_ws/build/basic_comms/prefix_override:/home/angel/ros2_ws/install/basic_comms/lib/python3.10/site-packages:${PYTHONPATH} /usr/bin/python3 setup.py egg_info --egg-base ../../build/basic_comms build --build-base /home/angel/ros2_ws/build/basic_comms/build install --record /home/angel/ros2_ws/build/basic_comms/install.log --single-version-externally-managed
[2.397s] DEBUG:colcon.colcon_core.event_handler.log_command:Invoking command in '/home/angel/ros2_ws/src/courseworks': PYTHONPATH=/home/angel/ros2_ws/build/courseworks/prefix_override:/home/angel/ros2_ws/install/courseworks/lib/python3.10/site-packages:${PYTHONPATH} /usr/bin/python3 setup.py egg_info --egg-base ../../build/courseworks build --build-base /home/angel/ros2_ws/build/courseworks/build install --record /home/angel/ros2_ws/build/courseworks/install.log --single-version-externally-managed
[2.399s] DEBUG:colcon.colcon_core.event_handler.log_command:Invoking command in '/home/angel/ros2_ws/src/basic_comms_params': PYTHONPATH=/home/angel/ros2_ws/build/basic_comms_params/prefix_override:/home/angel/ros2_ws/install/basic_comms_params/lib/python3.10/site-packages:${PYTHONPATH} /usr/bin/python3 setup.py egg_info --egg-base ../../build/basic_comms_params build --build-base /home/angel/ros2_ws/build/basic_comms_params/build install --record /home/angel/ros2_ws/build/basic_comms_params/install.log --single-version-externally-managed
[2.642s] DEBUG:colcon.colcon_core.event_handler.log_command:Invoked command in '/home/angel/ros2_ws/src/basic_comms' returned '0': PYTHONPATH=/home/angel/ros2_ws/build/basic_comms/prefix_override:/home/angel/ros2_ws/install/basic_comms/lib/python3.10/site-packages:${PYTHONPATH} /usr/bin/python3 setup.py egg_info --egg-base ../../build/basic_comms build --build-base /home/angel/ros2_ws/build/basic_comms/build install --record /home/angel/ros2_ws/build/basic_comms/install.log --single-version-externally-managed
[2.657s] Level 1:colcon.colcon_core.environment:checking '/home/angel/ros2_ws/install/basic_comms' for CMake module files
[2.657s] Level 1:colcon.colcon_core.environment:checking '/home/angel/ros2_ws/install/basic_comms' for CMake config files
[2.658s] Level 1:colcon.colcon_core.environment:checking '/home/angel/ros2_ws/install/basic_comms/lib'
[2.658s] Level 1:colcon.colcon_core.environment:checking '/home/angel/ros2_ws/install/basic_comms/bin'
[2.658s] Level 1:colcon.colcon_core.environment:checking '/home/angel/ros2_ws/install/basic_comms/lib/pkgconfig/basic_comms.pc'
[2.658s] Level 1:colcon.colcon_core.environment:checking '/home/angel/ros2_ws/install/basic_comms/lib/python3.10/site-packages'
[2.658s] Level 1:colcon.colcon_core.shell:create_environment_hook('basic_comms', 'pythonpath')
[2.670s] INFO:colcon.colcon_core.shell:Creating environment hook '/home/angel/ros2_ws/install/basic_comms/share/basic_comms/hook/pythonpath.ps1'
[2.671s] INFO:colcon.colcon_core.shell:Creating environment descriptor '/home/angel/ros2_ws/install/basic_comms/share/basic_comms/hook/pythonpath.dsv'
[2.671s] INFO:colcon.colcon_core.shell:Creating environment hook '/home/angel/ros2_ws/install/basic_comms/share/basic_comms/hook/pythonpath.sh'
[2.672s] Level 1:colcon.colcon_core.environment:checking '/home/angel/ros2_ws/install/basic_comms/bin'
[2.672s] Level 1:colcon.colcon_core.environment:create_environment_scripts_only(basic_comms)
[2.683s] INFO:colcon.colcon_core.shell:Creating package script '/home/angel/ros2_ws/install/basic_comms/share/basic_comms/package.ps1'
[2.684s] INFO:colcon.colcon_core.shell:Creating package descriptor '/home/angel/ros2_ws/install/basic_comms/share/basic_comms/package.dsv'
[2.684s] INFO:colcon.colcon_core.shell:Creating package script '/home/angel/ros2_ws/install/basic_comms/share/basic_comms/package.sh'
[2.685s] INFO:colcon.colcon_core.shell:Creating package script '/home/angel/ros2_ws/install/basic_comms/share/basic_comms/package.bash'
[2.686s] INFO:colcon.colcon_core.shell:Creating package script '/home/angel/ros2_ws/install/basic_comms/share/basic_comms/package.zsh'
[2.686s] Level 1:colcon.colcon_core.environment:create_file_with_runtime_dependencies(/home/angel/ros2_ws/install/basic_comms/share/colcon-core/packages/basic_comms)
[2.688s] DEBUG:colcon.colcon_core.event_handler.log_command:Invoked command in '/home/angel/ros2_ws/src/courseworks' returned '0': PYTHONPATH=/home/angel/ros2_ws/build/courseworks/prefix_override:/home/angel/ros2_ws/install/courseworks/lib/python3.10/site-packages:${PYTHONPATH} /usr/bin/python3 setup.py egg_info --egg-base ../../build/courseworks build --build-base /home/angel/ros2_ws/build/courseworks/build install --record /home/angel/ros2_ws/build/courseworks/install.log --single-version-externally-managed
[2.699s] Level 1:colcon.colcon_core.environment:checking '/home/angel/ros2_ws/install/courseworks' for CMake module files
[2.700s] Level 1:colcon.colcon_core.environment:checking '/home/angel/ros2_ws/install/courseworks' for CMake config files
[2.701s] Level 1:colcon.colcon_core.environment:checking '/home/angel/ros2_ws/install/courseworks/lib'
[2.701s] Level 1:colcon.colcon_core.environment:checking '/home/angel/ros2_ws/install/courseworks/bin'
[2.701s] Level 1:colcon.colcon_core.environment:checking '/home/angel/ros2_ws/install/courseworks/lib/pkgconfig/courseworks.pc'
[2.701s] Level 1:colcon.colcon_core.environment:checking '/home/angel/ros2_ws/install/courseworks/lib/python3.10/site-packages'
[2.701s] Level 1:colcon.colcon_core.shell:create_environment_hook('courseworks', 'pythonpath')
[2.713s] INFO:colcon.colcon_core.shell:Creating environment hook '/home/angel/ros2_ws/install/courseworks/share/courseworks/hook/pythonpath.ps1'
[2.714s] INFO:colcon.colcon_core.shell:Creating environment descriptor '/home/angel/ros2_ws/install/courseworks/share/courseworks/hook/pythonpath.dsv'
[2.714s] INFO:colcon.colcon_core.shell:Creating environment hook '/home/angel/ros2_ws/install/courseworks/share/courseworks/hook/pythonpath.sh'
[2.715s] Level 1:colcon.colcon_core.environment:checking '/home/angel/ros2_ws/install/courseworks/bin'
[2.715s] Level 1:colcon.colcon_core.environment:create_environment_scripts_only(courseworks)
[2.726s] INFO:colcon.colcon_core.shell:Creating package script '/home/angel/ros2_ws/install/courseworks/share/courseworks/package.ps1'
[2.726s] INFO:colcon.colcon_core.shell:Creating package descriptor '/home/angel/ros2_ws/install/courseworks/share/courseworks/package.dsv'
[2.727s] INFO:colcon.colcon_core.shell:Creating package script '/home/angel/ros2_ws/install/courseworks/share/courseworks/package.sh'
[2.727s] INFO:colcon.colcon_core.shell:Creating package script '/home/angel/ros2_ws/install/courseworks/share/courseworks/package.bash'
[2.727s] INFO:colcon.colcon_core.shell:Creating package script '/home/angel/ros2_ws/install/courseworks/share/courseworks/package.zsh'
[2.727s] Level 1:colcon.colcon_core.environment:create_file_with_runtime_dependencies(/home/angel/ros2_ws/install/courseworks/share/colcon-core/packages/courseworks)
[2.729s] DEBUG:colcon.colcon_core.event_handler.log_command:Invoked command in '/home/angel/ros2_ws/src/basic_comms_params' returned '0': PYTHONPATH=/home/angel/ros2_ws/build/basic_comms_params/prefix_override:/home/angel/ros2_ws/install/basic_comms_params/lib/python3.10/site-packages:${PYTHONPATH} /usr/bin/python3 setup.py egg_info --egg-base ../../build/basic_comms_params build --build-base /home/angel/ros2_ws/build/basic_comms_params/build install --record /home/angel/ros2_ws/build/basic_comms_params/install.log --single-version-externally-managed
[2.742s] Level 1:colcon.colcon_core.environment:checking '/home/angel/ros2_ws/install/basic_comms_params' for CMake module files
[2.742s] Level 1:colcon.colcon_core.environment:checking '/home/angel/ros2_ws/install/basic_comms_params' for CMake config files
[2.743s] Level 1:colcon.colcon_core.environment:checking '/home/angel/ros2_ws/install/basic_comms_params/lib'
[2.743s] Level 1:colcon.colcon_core.environment:checking '/home/angel/ros2_ws/install/basic_comms_params/bin'
[2.743s] Level 1:colcon.colcon_core.environment:checking '/home/angel/ros2_ws/install/basic_comms_params/lib/pkgconfig/basic_comms_params.pc'
[2.743s] Level 1:colcon.colcon_core.environment:checking '/home/angel/ros2_ws/install/basic_comms_params/lib/python3.10/site-packages'
[2.743s] Level 1:colcon.colcon_core.shell:create_environment_hook('basic_comms_params', 'pythonpath')
[2.755s] INFO:colcon.colcon_core.shell:Creating environment hook '/home/angel/ros2_ws/install/basic_comms_params/share/basic_comms_params/hook/pythonpath.ps1'
[2.755s] INFO:colcon.colcon_core.shell:Creating environment descriptor '/home/angel/ros2_ws/install/basic_comms_params/share/basic_comms_params/hook/pythonpath.dsv'
[2.755s] INFO:colcon.colcon_core.shell:Creating environment hook '/home/angel/ros2_ws/install/basic_comms_params/share/basic_comms_params/hook/pythonpath.sh'
[2.756s] Level 1:colcon.colcon_core.environment:checking '/home/angel/ros2_ws/install/basic_comms_params/bin'
[2.756s] Level 1:colcon.colcon_core.environment:create_environment_scripts_only(basic_comms_params)
[2.767s] INFO:colcon.colcon_core.shell:Creating package script '/home/angel/ros2_ws/install/basic_comms_params/share/basic_comms_params/package.ps1'
[2.768s] INFO:colcon.colcon_core.shell:Creating package descriptor '/home/angel/ros2_ws/install/basic_comms_params/share/basic_comms_params/package.dsv'
[2.768s] INFO:colcon.colcon_core.shell:Creating package script '/home/angel/ros2_ws/install/basic_comms_params/share/basic_comms_params/package.sh'
[2.769s] INFO:colcon.colcon_core.shell:Creating package script '/home/angel/ros2_ws/install/basic_comms_params/share/basic_comms_params/package.bash'
[2.769s] INFO:colcon.colcon_core.shell:Creating package script '/home/angel/ros2_ws/install/basic_comms_params/share/basic_comms_params/package.zsh'
[2.769s] Level 1:colcon.colcon_core.environment:create_file_with_runtime_dependencies(/home/angel/ros2_ws/install/basic_comms_params/share/colcon-core/packages/basic_comms_params)
[2.769s] DEBUG:colcon.colcon_parallel_executor.executor.parallel:closing loop
[2.770s] DEBUG:colcon.colcon_parallel_executor.executor.parallel:loop closed
[2.770s] DEBUG:colcon.colcon_parallel_executor.executor.parallel:run_until_complete finished with '0'
[2.770s] DEBUG:colcon.colcon_core.event_reactor:joining thread
[2.787s] INFO:colcon.colcon_core.plugin_system:Skipping extension 'colcon_notification.desktop_notification.terminal_notifier': Not used on non-Darwin systems
[2.787s] INFO:colcon.colcon_core.plugin_system:Skipping extension 'colcon_notification.desktop_notification.win32': Not used on non-Windows systems
[2.787s] INFO:colcon.colcon_notification.desktop_notification:Sending desktop notification using 'notify2'
[2.800s] DEBUG:colcon.colcon_core.event_reactor:joined thread
[2.812s] INFO:colcon.colcon_core.shell:Creating prefix script '/home/angel/ros2_ws/install/local_setup.ps1'
[2.813s] INFO:colcon.colcon_core.shell:Creating prefix util module '/home/angel/ros2_ws/install/_local_setup_util_ps1.py'
[2.814s] INFO:colcon.colcon_core.shell:Creating prefix chain script '/home/angel/ros2_ws/install/setup.ps1'
[2.826s] INFO:colcon.colcon_core.shell:Creating prefix script '/home/angel/ros2_ws/install/local_setup.sh'
[2.827s] INFO:colcon.colcon_core.shell:Creating prefix util module '/home/angel/ros2_ws/install/_local_setup_util_sh.py'
[2.827s] INFO:colcon.colcon_core.shell:Creating prefix chain script '/home/angel/ros2_ws/install/setup.sh'
[2.840s] INFO:colcon.colcon_core.shell:Creating prefix script '/home/angel/ros2_ws/install/local_setup.bash'
[2.840s] INFO:colcon.colcon_core.shell:Creating prefix chain script '/home/angel/ros2_ws/install/setup.bash'
[2.854s] INFO:colcon.colcon_core.shell:Creating prefix script '/home/angel/ros2_ws/install/local_setup.zsh'
[2.854s] INFO:colcon.colcon_core.shell:Creating prefix chain script '/home/angel/ros2_ws/install/setup.zsh'
