[1.334s] Invoking command in '/home/angel/ros2_ws/src/basic_comms': PYTHONPATH=/home/angel/ros2_ws/src/build/basic_comms/prefix_override:/home/angel/ros2_ws/src/install/basic_comms/lib/python3.10/site-packages:${PYTHONPATH} /usr/bin/python3 setup.py egg_info --egg-base ../build/basic_comms build --build-base /home/angel/ros2_ws/src/build/basic_comms/build install --record /home/angel/ros2_ws/src/build/basic_comms/install.log --single-version-externally-managed
[1.613s] running egg_info
[1.613s] writing ../build/basic_comms/basic_comms.egg-info/PKG-INFO
[1.614s] writing dependency_links to ../build/basic_comms/basic_comms.egg-info/dependency_links.txt
[1.614s] writing entry points to ../build/basic_comms/basic_comms.egg-info/entry_points.txt
[1.614s] writing requirements to ../build/basic_comms/basic_comms.egg-info/requires.txt
[1.614s] writing top-level names to ../build/basic_comms/basic_comms.egg-info/top_level.txt
[1.616s] reading manifest file '../build/basic_comms/basic_comms.egg-info/SOURCES.txt'
[1.618s] writing manifest file '../build/basic_comms/basic_comms.egg-info/SOURCES.txt'
[1.618s] running build
[1.618s] running build_py
[1.618s] running install
[1.619s] /usr/lib/python3/dist-packages/setuptools/command/install.py:34: SetuptoolsDeprecationWarning: setup.py install is deprecated. Use build and pip and other standards-based tools.
[1.619s]   warnings.warn(
[1.619s] running install_lib
[1.620s] running install_data
[1.621s] running install_egg_info
[1.623s] removing '/home/angel/ros2_ws/src/install/basic_comms/lib/python3.10/site-packages/basic_comms-0.0.0-py3.10.egg-info' (and everything under it)
[1.623s] Copying ../build/basic_comms/basic_comms.egg-info to /home/angel/ros2_ws/src/install/basic_comms/lib/python3.10/site-packages/basic_comms-0.0.0-py3.10.egg-info
[1.624s] running install_scripts
[1.651s] Installing listener script to /home/angel/ros2_ws/src/install/basic_comms/lib/basic_comms
[1.652s] Installing talker script to /home/angel/ros2_ws/src/install/basic_comms/lib/basic_comms
[1.652s] writing list of installed files to '/home/angel/ros2_ws/src/build/basic_comms/install.log'
[1.690s] Invoked command in '/home/angel/ros2_ws/src/basic_comms' returned '0': PYTHONPATH=/home/angel/ros2_ws/src/build/basic_comms/prefix_override:/home/angel/ros2_ws/src/install/basic_comms/lib/python3.10/site-packages:${PYTHONPATH} /usr/bin/python3 setup.py egg_info --egg-base ../build/basic_comms build --build-base /home/angel/ros2_ws/src/build/basic_comms/build install --record /home/angel/ros2_ws/src/build/basic_comms/install.log --single-version-externally-managed
