[1.058s] Invoking command in '/home/eleazar/ros2_ws/src/basic_comms': PYTHONPATH=/home/eleazar/ros2_ws/build/basic_comms/prefix_override:/home/eleazar/ros2_ws/install/basic_comms/lib/python3.10/site-packages:${PYTHONPATH} /usr/bin/python3 setup.py egg_info --egg-base ../../build/basic_comms build --build-base /home/eleazar/ros2_ws/build/basic_comms/build install --record /home/eleazar/ros2_ws/build/basic_comms/install.log --single-version-externally-managed
[1.218s] running egg_info
[1.219s] writing ../../build/basic_comms/basic_comms.egg-info/PKG-INFO
[1.220s] writing dependency_links to ../../build/basic_comms/basic_comms.egg-info/dependency_links.txt
[1.220s] writing entry points to ../../build/basic_comms/basic_comms.egg-info/entry_points.txt
[1.220s] writing requirements to ../../build/basic_comms/basic_comms.egg-info/requires.txt
[1.220s] writing top-level names to ../../build/basic_comms/basic_comms.egg-info/top_level.txt
[1.220s] reading manifest file '../../build/basic_comms/basic_comms.egg-info/SOURCES.txt'
[1.222s] writing manifest file '../../build/basic_comms/basic_comms.egg-info/SOURCES.txt'
[1.222s] running build
[1.222s] running build_py
[1.222s] running install
[1.222s] running install_lib
[1.224s] /usr/lib/python3/dist-packages/setuptools/command/install.py:34: SetuptoolsDeprecationWarning: setup.py install is deprecated. Use build and pip and other standards-based tools.
[1.224s]   warnings.warn(
[1.224s] running install_data
[1.224s] running install_egg_info
[1.226s] removing '/home/eleazar/ros2_ws/install/basic_comms/lib/python3.10/site-packages/basic_comms-0.0.0-py3.10.egg-info' (and everything under it)
[1.226s] Copying ../../build/basic_comms/basic_comms.egg-info to /home/eleazar/ros2_ws/install/basic_comms/lib/python3.10/site-packages/basic_comms-0.0.0-py3.10.egg-info
[1.226s] running install_scripts
[1.243s] Installing listener script to /home/eleazar/ros2_ws/install/basic_comms/lib/basic_comms
[1.244s] Installing talker script to /home/eleazar/ros2_ws/install/basic_comms/lib/basic_comms
[1.244s] writing list of installed files to '/home/eleazar/ros2_ws/build/basic_comms/install.log'
[1.345s] Invoked command in '/home/eleazar/ros2_ws/src/basic_comms' returned '0': PYTHONPATH=/home/eleazar/ros2_ws/build/basic_comms/prefix_override:/home/eleazar/ros2_ws/install/basic_comms/lib/python3.10/site-packages:${PYTHONPATH} /usr/bin/python3 setup.py egg_info --egg-base ../../build/basic_comms build --build-base /home/eleazar/ros2_ws/build/basic_comms/build install --record /home/eleazar/ros2_ws/build/basic_comms/install.log --single-version-externally-managed
