[1.077s] Invoking command in '/home/eleazar/ros2_ws/src/basic_comms': PYTHONPATH=/home/eleazar/ros2_ws/build/basic_comms/prefix_override:/home/eleazar/ros2_ws/install/basic_comms/lib/python3.10/site-packages:${PYTHONPATH} /usr/bin/python3 setup.py egg_info --egg-base ../../build/basic_comms build --build-base /home/eleazar/ros2_ws/build/basic_comms/build install --record /home/eleazar/ros2_ws/build/basic_comms/install.log --single-version-externally-managed
[1.263s] running egg_info
[1.264s] writing ../../build/basic_comms/basic_comms.egg-info/PKG-INFO
[1.264s] writing dependency_links to ../../build/basic_comms/basic_comms.egg-info/dependency_links.txt
[1.264s] writing entry points to ../../build/basic_comms/basic_comms.egg-info/entry_points.txt
[1.264s] writing requirements to ../../build/basic_comms/basic_comms.egg-info/requires.txt
[1.264s] writing top-level names to ../../build/basic_comms/basic_comms.egg-info/top_level.txt
[1.266s] reading manifest file '../../build/basic_comms/basic_comms.egg-info/SOURCES.txt'
[1.266s] writing manifest file '../../build/basic_comms/basic_comms.egg-info/SOURCES.txt'
[1.267s] running build
[1.267s] running build_py
[1.267s] /usr/lib/python3/dist-packages/setuptools/command/install.py:34: SetuptoolsDeprecationWarning: setup.py install is deprecated. Use build and pip and other standards-based tools.
[1.267s]   warnings.warn(
[1.267s] running install
[1.267s] running install_lib
[1.268s] running install_data
[1.268s] running install_egg_info
[1.269s] removing '/home/eleazar/ros2_ws/install/basic_comms/lib/python3.10/site-packages/basic_comms-0.0.0-py3.10.egg-info' (and everything under it)
[1.270s] Copying ../../build/basic_comms/basic_comms.egg-info to /home/eleazar/ros2_ws/install/basic_comms/lib/python3.10/site-packages/basic_comms-0.0.0-py3.10.egg-info
[1.270s] running install_scripts
[1.292s] Installing listener script to /home/eleazar/ros2_ws/install/basic_comms/lib/basic_comms
[1.292s] Installing talker script to /home/eleazar/ros2_ws/install/basic_comms/lib/basic_comms
[1.293s] writing list of installed files to '/home/eleazar/ros2_ws/build/basic_comms/install.log'
[1.337s] Invoked command in '/home/eleazar/ros2_ws/src/basic_comms' returned '0': PYTHONPATH=/home/eleazar/ros2_ws/build/basic_comms/prefix_override:/home/eleazar/ros2_ws/install/basic_comms/lib/python3.10/site-packages:${PYTHONPATH} /usr/bin/python3 setup.py egg_info --egg-base ../../build/basic_comms build --build-base /home/eleazar/ros2_ws/build/basic_comms/build install --record /home/eleazar/ros2_ws/build/basic_comms/install.log --single-version-externally-managed
