[1.233s] Invoking command in '/home/angel/ros2_ws/src/basic_comms': PYTHONPATH=/home/angel/ros2_ws/build/basic_comms/prefix_override:/home/angel/ros2_ws/install/basic_comms/lib/python3.10/site-packages:${PYTHONPATH} /usr/bin/python3 setup.py egg_info --egg-base ../../build/basic_comms build --build-base /home/angel/ros2_ws/build/basic_comms/build install --record /home/angel/ros2_ws/build/basic_comms/install.log --single-version-externally-managed
[1.418s] running egg_info
[1.419s] writing ../../build/basic_comms/basic_comms.egg-info/PKG-INFO
[1.419s] writing dependency_links to ../../build/basic_comms/basic_comms.egg-info/dependency_links.txt
[1.419s] writing entry points to ../../build/basic_comms/basic_comms.egg-info/entry_points.txt
[1.419s] writing requirements to ../../build/basic_comms/basic_comms.egg-info/requires.txt
[1.419s] writing top-level names to ../../build/basic_comms/basic_comms.egg-info/top_level.txt
[1.422s] reading manifest file '../../build/basic_comms/basic_comms.egg-info/SOURCES.txt'
[1.423s] writing manifest file '../../build/basic_comms/basic_comms.egg-info/SOURCES.txt'
[1.423s] running build
[1.423s] running build_py
[1.423s] running install
[1.424s] /usr/lib/python3/dist-packages/setuptools/command/install.py:34: SetuptoolsDeprecationWarning: setup.py install is deprecated. Use build and pip and other standards-based tools.
[1.424s]   warnings.warn(
[1.424s] running install_lib
[1.425s] running install_data
[1.426s] running install_egg_info
[1.428s] removing '/home/angel/ros2_ws/install/basic_comms/lib/python3.10/site-packages/basic_comms-0.0.0-py3.10.egg-info' (and everything under it)
[1.428s] Copying ../../build/basic_comms/basic_comms.egg-info to /home/angel/ros2_ws/install/basic_comms/lib/python3.10/site-packages/basic_comms-0.0.0-py3.10.egg-info
[1.429s] running install_scripts
[1.447s] Installing listener script to /home/angel/ros2_ws/install/basic_comms/lib/basic_comms
[1.447s] Installing talker script to /home/angel/ros2_ws/install/basic_comms/lib/basic_comms
[1.447s] writing list of installed files to '/home/angel/ros2_ws/build/basic_comms/install.log'
[1.480s] Invoked command in '/home/angel/ros2_ws/src/basic_comms' returned '0': PYTHONPATH=/home/angel/ros2_ws/build/basic_comms/prefix_override:/home/angel/ros2_ws/install/basic_comms/lib/python3.10/site-packages:${PYTHONPATH} /usr/bin/python3 setup.py egg_info --egg-base ../../build/basic_comms build --build-base /home/angel/ros2_ws/build/basic_comms/build install --record /home/angel/ros2_ws/build/basic_comms/install.log --single-version-externally-managed
