[1.823s] Invoking command in '/home/angel/ros2_ws/src/basic_comms': PYTHONPATH=/home/angel/ros2_ws/build/basic_comms/prefix_override:/home/angel/ros2_ws/install/basic_comms/lib/python3.10/site-packages:${PYTHONPATH} /usr/bin/python3 setup.py egg_info --egg-base ../../build/basic_comms build --build-base /home/angel/ros2_ws/build/basic_comms/build install --record /home/angel/ros2_ws/build/basic_comms/install.log --single-version-externally-managed
[2.092s] running egg_info
[2.093s] writing ../../build/basic_comms/basic_comms.egg-info/PKG-INFO
[2.093s] writing dependency_links to ../../build/basic_comms/basic_comms.egg-info/dependency_links.txt
[2.093s] writing entry points to ../../build/basic_comms/basic_comms.egg-info/entry_points.txt
[2.094s] writing requirements to ../../build/basic_comms/basic_comms.egg-info/requires.txt
[2.094s] writing top-level names to ../../build/basic_comms/basic_comms.egg-info/top_level.txt
[2.097s] reading manifest file '../../build/basic_comms/basic_comms.egg-info/SOURCES.txt'
[2.098s] writing manifest file '../../build/basic_comms/basic_comms.egg-info/SOURCES.txt'
[2.098s] running build
[2.098s] running build_py
[2.099s] running install
[2.099s] /usr/lib/python3/dist-packages/setuptools/command/install.py:34: SetuptoolsDeprecationWarning: setup.py install is deprecated. Use build and pip and other standards-based tools.
[2.099s]   warnings.warn(
[2.099s] running install_lib
[2.101s] running install_data
[2.102s] running install_egg_info
[2.104s] removing '/home/angel/ros2_ws/install/basic_comms/lib/python3.10/site-packages/basic_comms-0.0.0-py3.10.egg-info' (and everything under it)
[2.105s] Copying ../../build/basic_comms/basic_comms.egg-info to /home/angel/ros2_ws/install/basic_comms/lib/python3.10/site-packages/basic_comms-0.0.0-py3.10.egg-info
[2.106s] running install_scripts
[2.136s] Installing listener script to /home/angel/ros2_ws/install/basic_comms/lib/basic_comms
[2.137s] Installing talker script to /home/angel/ros2_ws/install/basic_comms/lib/basic_comms
[2.137s] writing list of installed files to '/home/angel/ros2_ws/build/basic_comms/install.log'
[2.179s] Invoked command in '/home/angel/ros2_ws/src/basic_comms' returned '0': PYTHONPATH=/home/angel/ros2_ws/build/basic_comms/prefix_override:/home/angel/ros2_ws/install/basic_comms/lib/python3.10/site-packages:${PYTHONPATH} /usr/bin/python3 setup.py egg_info --egg-base ../../build/basic_comms build --build-base /home/angel/ros2_ws/build/basic_comms/build install --record /home/angel/ros2_ws/build/basic_comms/install.log --single-version-externally-managed
