[1.271s] Invoking command in '/home/angel/ros2_ws/src/basic_comms_params': PYTHONPATH=/home/angel/ros2_ws/src/build/basic_comms_params/prefix_override:/home/angel/ros2_ws/src/install/basic_comms_params/lib/python3.10/site-packages:${PYTHONPATH} /usr/bin/python3 setup.py egg_info --egg-base ../build/basic_comms_params build --build-base /home/angel/ros2_ws/src/build/basic_comms_params/build install --record /home/angel/ros2_ws/src/build/basic_comms_params/install.log --single-version-externally-managed
[1.553s] running egg_info
[1.553s] writing ../build/basic_comms_params/basic_comms_params.egg-info/PKG-INFO
[1.554s] writing dependency_links to ../build/basic_comms_params/basic_comms_params.egg-info/dependency_links.txt
[1.554s] writing entry points to ../build/basic_comms_params/basic_comms_params.egg-info/entry_points.txt
[1.554s] writing requirements to ../build/basic_comms_params/basic_comms_params.egg-info/requires.txt
[1.554s] writing top-level names to ../build/basic_comms_params/basic_comms_params.egg-info/top_level.txt
[1.557s] reading manifest file '../build/basic_comms_params/basic_comms_params.egg-info/SOURCES.txt'
[1.557s] adding license file 'LICENSE'
[1.558s] writing manifest file '../build/basic_comms_params/basic_comms_params.egg-info/SOURCES.txt'
[1.558s] running build
[1.558s] running build_py
[1.558s] copying basic_comms_params/talker_params.py -> /home/angel/ros2_ws/src/build/basic_comms_params/build/lib/basic_comms_params
[1.559s] running install
[1.559s] /usr/lib/python3/dist-packages/setuptools/command/install.py:34: SetuptoolsDeprecationWarning: setup.py install is deprecated. Use build and pip and other standards-based tools.
[1.559s]   warnings.warn(
[1.559s] running install_lib
[1.560s] copying /home/angel/ros2_ws/src/build/basic_comms_params/build/lib/basic_comms_params/talker_params.py -> /home/angel/ros2_ws/src/install/basic_comms_params/lib/python3.10/site-packages/basic_comms_params
[1.561s] byte-compiling /home/angel/ros2_ws/src/install/basic_comms_params/lib/python3.10/site-packages/basic_comms_params/talker_params.py to talker_params.cpython-310.pyc
[1.562s] running install_data
[1.563s] running install_egg_info
[1.565s] removing '/home/angel/ros2_ws/src/install/basic_comms_params/lib/python3.10/site-packages/basic_comms_params-0.0.0-py3.10.egg-info' (and everything under it)
[1.565s] Copying ../build/basic_comms_params/basic_comms_params.egg-info to /home/angel/ros2_ws/src/install/basic_comms_params/lib/python3.10/site-packages/basic_comms_params-0.0.0-py3.10.egg-info
[1.567s] running install_scripts
[1.593s] Installing talker_params script to /home/angel/ros2_ws/src/install/basic_comms_params/lib/basic_comms_params
[1.594s] writing list of installed files to '/home/angel/ros2_ws/src/build/basic_comms_params/install.log'
[1.635s] Invoked command in '/home/angel/ros2_ws/src/basic_comms_params' returned '0': PYTHONPATH=/home/angel/ros2_ws/src/build/basic_comms_params/prefix_override:/home/angel/ros2_ws/src/install/basic_comms_params/lib/python3.10/site-packages:${PYTHONPATH} /usr/bin/python3 setup.py egg_info --egg-base ../build/basic_comms_params build --build-base /home/angel/ros2_ws/src/build/basic_comms_params/build install --record /home/angel/ros2_ws/src/build/basic_comms_params/install.log --single-version-externally-managed
