[0.567s] Invoking command in '/home/eleazar/ros2_ws/build/msgs_clase': CMAKE_PREFIX_PATH=/opt/ros/humble /usr/bin/cmake /home/eleazar/ros2_ws/src/msgs_clase -DCMAKE_INSTALL_PREFIX=/home/eleazar/ros2_ws/install/msgs_clase
[0.656s] -- The C compiler identification is GNU 11.4.0
[0.738s] -- The CXX compiler identification is GNU 11.4.0
[0.749s] -- Detecting C compiler ABI info
[0.814s] -- Detecting C compiler ABI info - done
[0.820s] -- Check for working C compiler: /usr/bin/cc - skipped
[0.820s] -- Detecting C compile features
[0.821s] -- Detecting C compile features - done
[0.825s] -- Detecting CXX compiler ABI info
[0.899s] -- Detecting CXX compiler ABI info - done
[0.908s] -- Check for working CXX compiler: /usr/bin/c++ - skipped
[0.908s] -- Detecting CXX compile features
[0.908s] -- Detecting CXX compile features - done
[0.915s] -- Found ament_cmake: 1.3.7 (/opt/ros/humble/share/ament_cmake/cmake)
[1.080s] -- Found Python3: /usr/bin/python3.10 (found version "3.10.12") found components: Interpreter 
[1.167s] -- Found geometry_msgs: 4.2.3 (/opt/ros/humble/share/geometry_msgs/cmake)
[1.201s] -- Found rosidl_generator_c: 3.1.5 (/opt/ros/humble/share/rosidl_generator_c/cmake)
[1.206s] -- Found rosidl_adapter: 3.1.5 (/opt/ros/humble/share/rosidl_adapter/cmake)
[1.213s] -- Found rosidl_generator_cpp: 3.1.5 (/opt/ros/humble/share/rosidl_generator_cpp/cmake)
[1.224s] -- Using all available rosidl_typesupport_c: rosidl_typesupport_fastrtps_c;rosidl_typesupport_introspection_c
[1.237s] -- Using all available rosidl_typesupport_cpp: rosidl_typesupport_fastrtps_cpp;rosidl_typesupport_introspection_cpp
[1.329s] -- Found rosidl_default_generators: 1.2.0 (/opt/ros/humble/share/rosidl_default_generators/cmake)
[1.536s] -- Found ament_cmake_ros: 0.10.0 (/opt/ros/humble/share/ament_cmake_ros/cmake)
[1.844s] -- Using all available rosidl_typesupport_c: rosidl_typesupport_fastrtps_c;rosidl_typesupport_introspection_c
[1.962s] -- Using all available rosidl_typesupport_cpp: rosidl_typesupport_fastrtps_cpp;rosidl_typesupport_introspection_cpp
[1.978s] -- Found PythonInterp: /usr/bin/python3 (found suitable version "3.10.12", minimum required is "3.6") 
[1.980s] -- Found python_cmake_module: 0.10.0 (/opt/ros/humble/share/python_cmake_module/cmake)
[2.000s] -- Found PythonLibs: /usr/lib/x86_64-linux-gnu/libpython3.10.so (found suitable version "3.10.12", minimum required is "3.5") 
[2.000s] -- Using PYTHON_EXECUTABLE: /usr/bin/python3
[2.000s] -- Using PYTHON_INCLUDE_DIRS: /usr/include/python3.10
[2.000s] -- Using PYTHON_LIBRARIES: /usr/lib/x86_64-linux-gnu/libpython3.10.so
[2.015s] -- Found PythonExtra: .so  
[2.055s] -- Found ament_lint_auto: 0.12.10 (/opt/ros/humble/share/ament_lint_auto/cmake)
[2.075s] -- Added test 'lint_cmake' to check CMake code style
[2.077s] -- Added test 'xmllint' to check XML markup files
[2.078s] -- Configuring done
[2.100s] -- Generating done
[2.101s] -- Build files have been written to: /home/eleazar/ros2_ws/build/msgs_clase
[2.111s] Invoked command in '/home/eleazar/ros2_ws/build/msgs_clase' returned '0': CMAKE_PREFIX_PATH=/opt/ros/humble /usr/bin/cmake /home/eleazar/ros2_ws/src/msgs_clase -DCMAKE_INSTALL_PREFIX=/home/eleazar/ros2_ws/install/msgs_clase
[2.111s] Invoking command in '/home/eleazar/ros2_ws/build/msgs_clase': CMAKE_PREFIX_PATH=/opt/ros/humble /usr/bin/cmake --build /home/eleazar/ros2_ws/build/msgs_clase -- -j20 -l20
[2.138s] [  3%] [34m[1mGenerating C code for ROS interfaces[0m
[2.146s] [  6%] [34m[1mGenerating C++ code for ROS interfaces[0m
[2.151s] [  6%] Built target ament_cmake_python_copy_msgs_clase
[2.318s] running egg_info
[2.318s] creating msgs_clase.egg-info
[2.319s] writing msgs_clase.egg-info/PKG-INFO
[2.319s] writing dependency_links to msgs_clase.egg-info/dependency_links.txt
[2.319s] writing top-level names to msgs_clase.egg-info/top_level.txt
[2.319s] writing manifest file 'msgs_clase.egg-info/SOURCES.txt'
[2.321s] reading manifest file 'msgs_clase.egg-info/SOURCES.txt'
[2.322s] writing manifest file 'msgs_clase.egg-info/SOURCES.txt'
[2.322s] [  6%] Built target msgs_clase__cpp
[2.332s] [ 12%] [34m[1mGenerating C++ type support for eProsima Fast-RTPS[0m
[2.332s] [ 12%] [34m[1mGenerating C++ type support dispatch for ROS interfaces[0m
[2.332s] [ 16%] [34m[1mGenerating C++ introspection for ROS interfaces[0m
[2.341s] [ 19%] [32mBuilding C object CMakeFiles/msgs_clase__rosidl_generator_c.dir/rosidl_generator_c/msgs_clase/msg/detail/sphere__functions.c.o[0m
[2.348s] [ 19%] Built target ament_cmake_python_build_msgs_clase_egg
[2.389s] [ 22%] [32m[1mLinking C shared library libmsgs_clase__rosidl_generator_c.so[0m
[2.424s] [ 22%] Built target msgs_clase__rosidl_generator_c
[2.433s] [ 25%] [34m[1mGenerating C type support for eProsima Fast-RTPS[0m
[2.433s] [ 29%] [34m[1mGenerating C introspection for ROS interfaces[0m
[2.433s] [ 32%] [34m[1mGenerating C type support dispatch for ROS interfaces[0m
[2.531s] [ 35%] [32mBuilding CXX object CMakeFiles/msgs_clase__rosidl_typesupport_cpp.dir/rosidl_typesupport_cpp/msgs_clase/msg/sphere__type_support.cpp.o[0m
[2.549s] [ 38%] [32mBuilding CXX object CMakeFiles/msgs_clase__rosidl_typesupport_fastrtps_cpp.dir/rosidl_typesupport_fastrtps_cpp/msgs_clase/msg/detail/dds_fastrtps/sphere__type_support.cpp.o[0m
[2.577s] [ 41%] [32mBuilding CXX object CMakeFiles/msgs_clase__rosidl_typesupport_introspection_cpp.dir/rosidl_typesupport_introspection_cpp/msgs_clase/msg/detail/sphere__type_support.cpp.o[0m
[2.645s] [ 45%] [32mBuilding CXX object CMakeFiles/msgs_clase__rosidl_typesupport_c.dir/rosidl_typesupport_c/msgs_clase/msg/sphere__type_support.cpp.o[0m
[2.652s] [ 48%] [32mBuilding C object CMakeFiles/msgs_clase__rosidl_typesupport_introspection_c.dir/rosidl_typesupport_introspection_c/msgs_clase/msg/detail/sphere__type_support.c.o[0m
[2.659s] [ 51%] [32mBuilding CXX object CMakeFiles/msgs_clase__rosidl_typesupport_fastrtps_c.dir/rosidl_typesupport_fastrtps_c/msgs_clase/msg/detail/sphere__type_support_c.cpp.o[0m
[2.673s] [ 54%] [32m[1mLinking CXX shared library libmsgs_clase__rosidl_typesupport_c.so[0m
[2.681s] [ 58%] [32m[1mLinking C shared library libmsgs_clase__rosidl_typesupport_introspection_c.so[0m
[2.712s] [ 58%] Built target msgs_clase__rosidl_typesupport_introspection_c
[2.712s] [ 58%] Built target msgs_clase__rosidl_typesupport_c
[2.775s] [ 61%] [32m[1mLinking CXX shared library libmsgs_clase__rosidl_typesupport_cpp.so[0m
[2.813s] [ 61%] Built target msgs_clase__rosidl_typesupport_cpp
[2.875s] [ 64%] [32m[1mLinking CXX shared library libmsgs_clase__rosidl_typesupport_fastrtps_cpp.so[0m
[2.911s] [ 67%] [32m[1mLinking CXX shared library libmsgs_clase__rosidl_typesupport_introspection_cpp.so[0m
[2.922s] [ 70%] [32m[1mLinking CXX shared library libmsgs_clase__rosidl_typesupport_fastrtps_c.so[0m
[2.944s] [ 70%] Built target msgs_clase__rosidl_typesupport_fastrtps_cpp
[2.962s] [ 70%] Built target msgs_clase__rosidl_typesupport_introspection_cpp
[2.980s] [ 70%] Built target msgs_clase__rosidl_typesupport_fastrtps_c
[2.996s] [ 70%] Built target msgs_clase
[3.008s] [ 74%] [34m[1mGenerating Python code for ROS interfaces[0m
[3.191s] [ 74%] Built target msgs_clase__py
[3.204s] [ 77%] [32mBuilding C object CMakeFiles/msgs_clase__rosidl_generator_py.dir/rosidl_generator_py/msgs_clase/msg/_sphere_s.c.o[0m
[3.275s] [ 80%] [32m[1mLinking C shared library rosidl_generator_py/msgs_clase/libmsgs_clase__rosidl_generator_py.so[0m
[3.309s] [ 80%] Built target msgs_clase__rosidl_generator_py
[3.328s] [ 87%] [32mBuilding C object CMakeFiles/msgs_clase__rosidl_typesupport_introspection_c__pyext.dir/rosidl_generator_py/msgs_clase/_msgs_clase_s.ep.rosidl_typesupport_introspection_c.c.o[0m
[3.328s] [ 87%] [32mBuilding C object CMakeFiles/msgs_clase__rosidl_typesupport_fastrtps_c__pyext.dir/rosidl_generator_py/msgs_clase/_msgs_clase_s.ep.rosidl_typesupport_fastrtps_c.c.o[0m
[3.328s] [ 90%] [32mBuilding C object CMakeFiles/msgs_clase__rosidl_typesupport_c__pyext.dir/rosidl_generator_py/msgs_clase/_msgs_clase_s.ep.rosidl_typesupport_c.c.o[0m
[3.404s] [ 93%] [32m[1mLinking C shared library rosidl_generator_py/msgs_clase/msgs_clase_s__rosidl_typesupport_c.cpython-310-x86_64-linux-gnu.so[0m
[3.405s] [ 96%] [32m[1mLinking C shared library rosidl_generator_py/msgs_clase/msgs_clase_s__rosidl_typesupport_fastrtps_c.cpython-310-x86_64-linux-gnu.so[0m
[3.407s] [100%] [32m[1mLinking C shared library rosidl_generator_py/msgs_clase/msgs_clase_s__rosidl_typesupport_introspection_c.cpython-310-x86_64-linux-gnu.so[0m
[3.438s] [100%] Built target msgs_clase__rosidl_typesupport_c__pyext
[3.440s] [100%] Built target msgs_clase__rosidl_typesupport_fastrtps_c__pyext
[3.440s] [100%] Built target msgs_clase__rosidl_typesupport_introspection_c__pyext
[3.449s] Invoked command in '/home/eleazar/ros2_ws/build/msgs_clase' returned '0': CMAKE_PREFIX_PATH=/opt/ros/humble /usr/bin/cmake --build /home/eleazar/ros2_ws/build/msgs_clase -- -j20 -l20
[3.503s] Invoking command in '/home/eleazar/ros2_ws/build/msgs_clase': CMAKE_PREFIX_PATH=/opt/ros/humble /usr/bin/cmake --install /home/eleazar/ros2_ws/build/msgs_clase
[3.510s] -- Install configuration: ""
[3.510s] -- Installing: /home/eleazar/ros2_ws/install/msgs_clase/share/ament_index/resource_index/rosidl_interfaces/msgs_clase
[3.510s] -- Installing: /home/eleazar/ros2_ws/install/msgs_clase/include/msgs_clase/msgs_clase
[3.510s] -- Installing: /home/eleazar/ros2_ws/install/msgs_clase/include/msgs_clase/msgs_clase/msg
[3.510s] -- Installing: /home/eleazar/ros2_ws/install/msgs_clase/include/msgs_clase/msgs_clase/msg/rosidl_generator_c__visibility_control.h
[3.510s] -- Installing: /home/eleazar/ros2_ws/install/msgs_clase/include/msgs_clase/msgs_clase/msg/sphere.h
[3.510s] -- Installing: /home/eleazar/ros2_ws/install/msgs_clase/include/msgs_clase/msgs_clase/msg/detail
[3.510s] -- Installing: /home/eleazar/ros2_ws/install/msgs_clase/include/msgs_clase/msgs_clase/msg/detail/sphere__type_support.h
[3.510s] -- Installing: /home/eleazar/ros2_ws/install/msgs_clase/include/msgs_clase/msgs_clase/msg/detail/sphere__functions.c
[3.510s] -- Installing: /home/eleazar/ros2_ws/install/msgs_clase/include/msgs_clase/msgs_clase/msg/detail/sphere__functions.h
[3.510s] -- Installing: /home/eleazar/ros2_ws/install/msgs_clase/include/msgs_clase/msgs_clase/msg/detail/sphere__struct.h
[3.510s] -- Installing: /home/eleazar/ros2_ws/install/msgs_clase/share/msgs_clase/environment/library_path.sh
[3.511s] -- Installing: /home/eleazar/ros2_ws/install/msgs_clase/share/msgs_clase/environment/library_path.dsv
[3.511s] -- Installing: /home/eleazar/ros2_ws/install/msgs_clase/lib/libmsgs_clase__rosidl_generator_c.so
[3.511s] -- Set runtime path of "/home/eleazar/ros2_ws/install/msgs_clase/lib/libmsgs_clase__rosidl_generator_c.so" to ""
[3.511s] -- Up-to-date: /home/eleazar/ros2_ws/install/msgs_clase/include/msgs_clase/msgs_clase
[3.511s] -- Up-to-date: /home/eleazar/ros2_ws/install/msgs_clase/include/msgs_clase/msgs_clase/msg
[3.511s] -- Up-to-date: /home/eleazar/ros2_ws/install/msgs_clase/include/msgs_clase/msgs_clase/msg/detail
[3.511s] -- Installing: /home/eleazar/ros2_ws/install/msgs_clase/include/msgs_clase/msgs_clase/msg/detail/sphere__rosidl_typesupport_fastrtps_c.h
[3.511s] -- Installing: /home/eleazar/ros2_ws/install/msgs_clase/include/msgs_clase/msgs_clase/msg/rosidl_typesupport_fastrtps_c__visibility_control.h
[3.512s] -- Installing: /home/eleazar/ros2_ws/install/msgs_clase/lib/libmsgs_clase__rosidl_typesupport_fastrtps_c.so
[3.512s] -- Set runtime path of "/home/eleazar/ros2_ws/install/msgs_clase/lib/libmsgs_clase__rosidl_typesupport_fastrtps_c.so" to ""
[3.512s] -- Up-to-date: /home/eleazar/ros2_ws/install/msgs_clase/include/msgs_clase/msgs_clase
[3.512s] -- Up-to-date: /home/eleazar/ros2_ws/install/msgs_clase/include/msgs_clase/msgs_clase/msg
[3.512s] -- Up-to-date: /home/eleazar/ros2_ws/install/msgs_clase/include/msgs_clase/msgs_clase/msg/detail
[3.512s] -- Installing: /home/eleazar/ros2_ws/install/msgs_clase/include/msgs_clase/msgs_clase/msg/detail/sphere__struct.hpp
[3.512s] -- Installing: /home/eleazar/ros2_ws/install/msgs_clase/include/msgs_clase/msgs_clase/msg/detail/sphere__builder.hpp
[3.512s] -- Installing: /home/eleazar/ros2_ws/install/msgs_clase/include/msgs_clase/msgs_clase/msg/detail/sphere__traits.hpp
[3.512s] -- Installing: /home/eleazar/ros2_ws/install/msgs_clase/include/msgs_clase/msgs_clase/msg/sphere.hpp
[3.512s] -- Up-to-date: /home/eleazar/ros2_ws/install/msgs_clase/include/msgs_clase/msgs_clase
[3.512s] -- Up-to-date: /home/eleazar/ros2_ws/install/msgs_clase/include/msgs_clase/msgs_clase/msg
[3.512s] -- Installing: /home/eleazar/ros2_ws/install/msgs_clase/include/msgs_clase/msgs_clase/msg/rosidl_typesupport_fastrtps_cpp__visibility_control.h
[3.512s] -- Up-to-date: /home/eleazar/ros2_ws/install/msgs_clase/include/msgs_clase/msgs_clase/msg/detail
[3.512s] -- Installing: /home/eleazar/ros2_ws/install/msgs_clase/include/msgs_clase/msgs_clase/msg/detail/sphere__rosidl_typesupport_fastrtps_cpp.hpp
[3.512s] -- Installing: /home/eleazar/ros2_ws/install/msgs_clase/include/msgs_clase/msgs_clase/msg/detail/dds_fastrtps
[3.512s] -- Installing: /home/eleazar/ros2_ws/install/msgs_clase/lib/libmsgs_clase__rosidl_typesupport_fastrtps_cpp.so
[3.512s] -- Set runtime path of "/home/eleazar/ros2_ws/install/msgs_clase/lib/libmsgs_clase__rosidl_typesupport_fastrtps_cpp.so" to ""
[3.512s] -- Up-to-date: /home/eleazar/ros2_ws/install/msgs_clase/include/msgs_clase/msgs_clase
[3.512s] -- Up-to-date: /home/eleazar/ros2_ws/install/msgs_clase/include/msgs_clase/msgs_clase/msg
[3.512s] -- Installing: /home/eleazar/ros2_ws/install/msgs_clase/include/msgs_clase/msgs_clase/msg/rosidl_typesupport_introspection_c__visibility_control.h
[3.512s] -- Up-to-date: /home/eleazar/ros2_ws/install/msgs_clase/include/msgs_clase/msgs_clase/msg/detail
[3.512s] -- Installing: /home/eleazar/ros2_ws/install/msgs_clase/include/msgs_clase/msgs_clase/msg/detail/sphere__rosidl_typesupport_introspection_c.h
[3.512s] -- Installing: /home/eleazar/ros2_ws/install/msgs_clase/include/msgs_clase/msgs_clase/msg/detail/sphere__type_support.c
[3.512s] -- Installing: /home/eleazar/ros2_ws/install/msgs_clase/lib/libmsgs_clase__rosidl_typesupport_introspection_c.so
[3.512s] -- Set runtime path of "/home/eleazar/ros2_ws/install/msgs_clase/lib/libmsgs_clase__rosidl_typesupport_introspection_c.so" to ""
[3.512s] -- Installing: /home/eleazar/ros2_ws/install/msgs_clase/lib/libmsgs_clase__rosidl_typesupport_c.so
[3.512s] -- Set runtime path of "/home/eleazar/ros2_ws/install/msgs_clase/lib/libmsgs_clase__rosidl_typesupport_c.so" to ""
[3.513s] -- Up-to-date: /home/eleazar/ros2_ws/install/msgs_clase/include/msgs_clase/msgs_clase
[3.513s] -- Up-to-date: /home/eleazar/ros2_ws/install/msgs_clase/include/msgs_clase/msgs_clase/msg
[3.513s] -- Up-to-date: /home/eleazar/ros2_ws/install/msgs_clase/include/msgs_clase/msgs_clase/msg/detail
[3.513s] -- Installing: /home/eleazar/ros2_ws/install/msgs_clase/include/msgs_clase/msgs_clase/msg/detail/sphere__type_support.cpp
[3.513s] -- Installing: /home/eleazar/ros2_ws/install/msgs_clase/include/msgs_clase/msgs_clase/msg/detail/sphere__rosidl_typesupport_introspection_cpp.hpp
[3.513s] -- Installing: /home/eleazar/ros2_ws/install/msgs_clase/lib/libmsgs_clase__rosidl_typesupport_introspection_cpp.so
[3.513s] -- Set runtime path of "/home/eleazar/ros2_ws/install/msgs_clase/lib/libmsgs_clase__rosidl_typesupport_introspection_cpp.so" to ""
[3.513s] -- Installing: /home/eleazar/ros2_ws/install/msgs_clase/lib/libmsgs_clase__rosidl_typesupport_cpp.so
[3.513s] -- Set runtime path of "/home/eleazar/ros2_ws/install/msgs_clase/lib/libmsgs_clase__rosidl_typesupport_cpp.so" to ""
[3.513s] -- Installing: /home/eleazar/ros2_ws/install/msgs_clase/share/msgs_clase/environment/pythonpath.sh
[3.513s] -- Installing: /home/eleazar/ros2_ws/install/msgs_clase/share/msgs_clase/environment/pythonpath.dsv
[3.513s] -- Installing: /home/eleazar/ros2_ws/install/msgs_clase/local/lib/python3.10/dist-packages/msgs_clase-0.0.0-py3.10.egg-info
[3.513s] -- Installing: /home/eleazar/ros2_ws/install/msgs_clase/local/lib/python3.10/dist-packages/msgs_clase-0.0.0-py3.10.egg-info/top_level.txt
[3.513s] -- Installing: /home/eleazar/ros2_ws/install/msgs_clase/local/lib/python3.10/dist-packages/msgs_clase-0.0.0-py3.10.egg-info/dependency_links.txt
[3.513s] -- Installing: /home/eleazar/ros2_ws/install/msgs_clase/local/lib/python3.10/dist-packages/msgs_clase-0.0.0-py3.10.egg-info/PKG-INFO
[3.513s] -- Installing: /home/eleazar/ros2_ws/install/msgs_clase/local/lib/python3.10/dist-packages/msgs_clase-0.0.0-py3.10.egg-info/SOURCES.txt
[3.513s] -- Installing: /home/eleazar/ros2_ws/install/msgs_clase/local/lib/python3.10/dist-packages/msgs_clase
[3.514s] -- Installing: /home/eleazar/ros2_ws/install/msgs_clase/local/lib/python3.10/dist-packages/msgs_clase/libmsgs_clase__rosidl_generator_py.so
[3.514s] -- Installing: /home/eleazar/ros2_ws/install/msgs_clase/local/lib/python3.10/dist-packages/msgs_clase/msgs_clase_s__rosidl_typesupport_introspection_c.cpython-310-x86_64-linux-gnu.so
[3.514s] -- Installing: /home/eleazar/ros2_ws/install/msgs_clase/local/lib/python3.10/dist-packages/msgs_clase/msg
[3.514s] -- Installing: /home/eleazar/ros2_ws/install/msgs_clase/local/lib/python3.10/dist-packages/msgs_clase/msg/_sphere_s.c
[3.514s] -- Installing: /home/eleazar/ros2_ws/install/msgs_clase/local/lib/python3.10/dist-packages/msgs_clase/msg/_sphere.py
[3.514s] -- Installing: /home/eleazar/ros2_ws/install/msgs_clase/local/lib/python3.10/dist-packages/msgs_clase/msg/__init__.py
[3.514s] -- Installing: /home/eleazar/ros2_ws/install/msgs_clase/local/lib/python3.10/dist-packages/msgs_clase/msgs_clase_s__rosidl_typesupport_c.cpython-310-x86_64-linux-gnu.so
[3.514s] -- Installing: /home/eleazar/ros2_ws/install/msgs_clase/local/lib/python3.10/dist-packages/msgs_clase/__init__.py
[3.514s] -- Installing: /home/eleazar/ros2_ws/install/msgs_clase/local/lib/python3.10/dist-packages/msgs_clase/_msgs_clase_s.ep.rosidl_typesupport_c.c
[3.514s] -- Installing: /home/eleazar/ros2_ws/install/msgs_clase/local/lib/python3.10/dist-packages/msgs_clase/_msgs_clase_s.ep.rosidl_typesupport_introspection_c.c
[3.514s] -- Installing: /home/eleazar/ros2_ws/install/msgs_clase/local/lib/python3.10/dist-packages/msgs_clase/_msgs_clase_s.ep.rosidl_typesupport_fastrtps_c.c
[3.514s] -- Installing: /home/eleazar/ros2_ws/install/msgs_clase/local/lib/python3.10/dist-packages/msgs_clase/msgs_clase_s__rosidl_typesupport_fastrtps_c.cpython-310-x86_64-linux-gnu.so
[3.540s] Listing '/home/eleazar/ros2_ws/install/msgs_clase/local/lib/python3.10/dist-packages/msgs_clase'...
[3.540s] Compiling '/home/eleazar/ros2_ws/install/msgs_clase/local/lib/python3.10/dist-packages/msgs_clase/__init__.py'...
[3.541s] Listing '/home/eleazar/ros2_ws/install/msgs_clase/local/lib/python3.10/dist-packages/msgs_clase/msg'...
[3.541s] Compiling '/home/eleazar/ros2_ws/install/msgs_clase/local/lib/python3.10/dist-packages/msgs_clase/msg/__init__.py'...
[3.541s] Compiling '/home/eleazar/ros2_ws/install/msgs_clase/local/lib/python3.10/dist-packages/msgs_clase/msg/_sphere.py'...
[3.545s] -- Installing: /home/eleazar/ros2_ws/install/msgs_clase/local/lib/python3.10/dist-packages/msgs_clase/msgs_clase_s__rosidl_typesupport_fastrtps_c.cpython-310-x86_64-linux-gnu.so
[3.545s] -- Set runtime path of "/home/eleazar/ros2_ws/install/msgs_clase/local/lib/python3.10/dist-packages/msgs_clase/msgs_clase_s__rosidl_typesupport_fastrtps_c.cpython-310-x86_64-linux-gnu.so" to ""
[3.545s] -- Installing: /home/eleazar/ros2_ws/install/msgs_clase/local/lib/python3.10/dist-packages/msgs_clase/msgs_clase_s__rosidl_typesupport_introspection_c.cpython-310-x86_64-linux-gnu.so
[3.545s] -- Set runtime path of "/home/eleazar/ros2_ws/install/msgs_clase/local/lib/python3.10/dist-packages/msgs_clase/msgs_clase_s__rosidl_typesupport_introspection_c.cpython-310-x86_64-linux-gnu.so" to ""
[3.546s] -- Installing: /home/eleazar/ros2_ws/install/msgs_clase/local/lib/python3.10/dist-packages/msgs_clase/msgs_clase_s__rosidl_typesupport_c.cpython-310-x86_64-linux-gnu.so
[3.546s] -- Set runtime path of "/home/eleazar/ros2_ws/install/msgs_clase/local/lib/python3.10/dist-packages/msgs_clase/msgs_clase_s__rosidl_typesupport_c.cpython-310-x86_64-linux-gnu.so" to ""
[3.546s] -- Installing: /home/eleazar/ros2_ws/install/msgs_clase/lib/libmsgs_clase__rosidl_generator_py.so
[3.546s] -- Set runtime path of "/home/eleazar/ros2_ws/install/msgs_clase/lib/libmsgs_clase__rosidl_generator_py.so" to ""
[3.546s] -- Installing: /home/eleazar/ros2_ws/install/msgs_clase/share/msgs_clase/msg/Sphere.idl
[3.546s] -- Installing: /home/eleazar/ros2_ws/install/msgs_clase/share/msgs_clase/msg/Sphere.msg
[3.546s] -- Installing: /home/eleazar/ros2_ws/install/msgs_clase/share/ament_index/resource_index/package_run_dependencies/msgs_clase
[3.546s] -- Installing: /home/eleazar/ros2_ws/install/msgs_clase/share/ament_index/resource_index/parent_prefix_path/msgs_clase
[3.546s] -- Installing: /home/eleazar/ros2_ws/install/msgs_clase/share/msgs_clase/environment/ament_prefix_path.sh
[3.547s] -- Installing: /home/eleazar/ros2_ws/install/msgs_clase/share/msgs_clase/environment/ament_prefix_path.dsv
[3.547s] -- Installing: /home/eleazar/ros2_ws/install/msgs_clase/share/msgs_clase/environment/path.sh
[3.547s] -- Installing: /home/eleazar/ros2_ws/install/msgs_clase/share/msgs_clase/environment/path.dsv
[3.547s] -- Installing: /home/eleazar/ros2_ws/install/msgs_clase/share/msgs_clase/local_setup.bash
[3.547s] -- Installing: /home/eleazar/ros2_ws/install/msgs_clase/share/msgs_clase/local_setup.sh
[3.547s] -- Installing: /home/eleazar/ros2_ws/install/msgs_clase/share/msgs_clase/local_setup.zsh
[3.547s] -- Installing: /home/eleazar/ros2_ws/install/msgs_clase/share/msgs_clase/local_setup.dsv
[3.547s] -- Installing: /home/eleazar/ros2_ws/install/msgs_clase/share/msgs_clase/package.dsv
[3.547s] -- Installing: /home/eleazar/ros2_ws/install/msgs_clase/share/ament_index/resource_index/packages/msgs_clase
[3.547s] -- Installing: /home/eleazar/ros2_ws/install/msgs_clase/share/msgs_clase/cmake/export_msgs_clase__rosidl_generator_cExport.cmake
[3.547s] -- Installing: /home/eleazar/ros2_ws/install/msgs_clase/share/msgs_clase/cmake/export_msgs_clase__rosidl_generator_cExport-noconfig.cmake
[3.547s] -- Installing: /home/eleazar/ros2_ws/install/msgs_clase/share/msgs_clase/cmake/export_msgs_clase__rosidl_typesupport_fastrtps_cExport.cmake
[3.547s] -- Installing: /home/eleazar/ros2_ws/install/msgs_clase/share/msgs_clase/cmake/export_msgs_clase__rosidl_typesupport_fastrtps_cExport-noconfig.cmake
[3.547s] -- Installing: /home/eleazar/ros2_ws/install/msgs_clase/share/msgs_clase/cmake/export_msgs_clase__rosidl_generator_cppExport.cmake
[3.547s] -- Installing: /home/eleazar/ros2_ws/install/msgs_clase/share/msgs_clase/cmake/export_msgs_clase__rosidl_typesupport_fastrtps_cppExport.cmake
[3.547s] -- Installing: /home/eleazar/ros2_ws/install/msgs_clase/share/msgs_clase/cmake/export_msgs_clase__rosidl_typesupport_fastrtps_cppExport-noconfig.cmake
[3.547s] -- Installing: /home/eleazar/ros2_ws/install/msgs_clase/share/msgs_clase/cmake/msgs_clase__rosidl_typesupport_introspection_cExport.cmake
[3.547s] -- Installing: /home/eleazar/ros2_ws/install/msgs_clase/share/msgs_clase/cmake/msgs_clase__rosidl_typesupport_introspection_cExport-noconfig.cmake
[3.547s] -- Installing: /home/eleazar/ros2_ws/install/msgs_clase/share/msgs_clase/cmake/msgs_clase__rosidl_typesupport_cExport.cmake
[3.548s] -- Installing: /home/eleazar/ros2_ws/install/msgs_clase/share/msgs_clase/cmake/msgs_clase__rosidl_typesupport_cExport-noconfig.cmake
[3.548s] -- Installing: /home/eleazar/ros2_ws/install/msgs_clase/share/msgs_clase/cmake/msgs_clase__rosidl_typesupport_introspection_cppExport.cmake
[3.548s] -- Installing: /home/eleazar/ros2_ws/install/msgs_clase/share/msgs_clase/cmake/msgs_clase__rosidl_typesupport_introspection_cppExport-noconfig.cmake
[3.548s] -- Installing: /home/eleazar/ros2_ws/install/msgs_clase/share/msgs_clase/cmake/msgs_clase__rosidl_typesupport_cppExport.cmake
[3.548s] -- Installing: /home/eleazar/ros2_ws/install/msgs_clase/share/msgs_clase/cmake/msgs_clase__rosidl_typesupport_cppExport-noconfig.cmake
[3.548s] -- Installing: /home/eleazar/ros2_ws/install/msgs_clase/share/msgs_clase/cmake/export_msgs_clase__rosidl_generator_pyExport.cmake
[3.548s] -- Installing: /home/eleazar/ros2_ws/install/msgs_clase/share/msgs_clase/cmake/export_msgs_clase__rosidl_generator_pyExport-noconfig.cmake
[3.548s] -- Installing: /home/eleazar/ros2_ws/install/msgs_clase/share/msgs_clase/cmake/rosidl_cmake-extras.cmake
[3.548s] -- Installing: /home/eleazar/ros2_ws/install/msgs_clase/share/msgs_clase/cmake/ament_cmake_export_dependencies-extras.cmake
[3.548s] -- Installing: /home/eleazar/ros2_ws/install/msgs_clase/share/msgs_clase/cmake/ament_cmake_export_include_directories-extras.cmake
[3.548s] -- Installing: /home/eleazar/ros2_ws/install/msgs_clase/share/msgs_clase/cmake/ament_cmake_export_libraries-extras.cmake
[3.548s] -- Installing: /home/eleazar/ros2_ws/install/msgs_clase/share/msgs_clase/cmake/ament_cmake_export_targets-extras.cmake
[3.548s] -- Installing: /home/eleazar/ros2_ws/install/msgs_clase/share/msgs_clase/cmake/rosidl_cmake_export_typesupport_targets-extras.cmake
[3.548s] -- Installing: /home/eleazar/ros2_ws/install/msgs_clase/share/msgs_clase/cmake/rosidl_cmake_export_typesupport_libraries-extras.cmake
[3.548s] -- Installing: /home/eleazar/ros2_ws/install/msgs_clase/share/msgs_clase/cmake/msgs_claseConfig.cmake
[3.548s] -- Installing: /home/eleazar/ros2_ws/install/msgs_clase/share/msgs_clase/cmake/msgs_claseConfig-version.cmake
[3.548s] -- Installing: /home/eleazar/ros2_ws/install/msgs_clase/share/msgs_clase/package.xml
[3.550s] Invoked command in '/home/eleazar/ros2_ws/build/msgs_clase' returned '0': CMAKE_PREFIX_PATH=/opt/ros/humble /usr/bin/cmake --install /home/eleazar/ros2_ws/build/msgs_clase
