[0.419s] DEBUG:colcon:Command line arguments: ['/usr/bin/colcon', 'build']
[0.419s] DEBUG:colcon:Parsed command line arguments: Namespace(log_base=None, log_level=None, verb_name='build', build_base='build', install_base='install', merge_install=False, symlink_install=False, test_result_base=None, continue_on_error=False, executor='parallel', parallel_workers=20, event_handlers=None, ignore_user_meta=False, metas=['./colcon.meta'], base_paths=['.'], packages_ignore=None, packages_ignore_regex=None, paths=None, packages_up_to=None, packages_up_to_regex=None, packages_above=None, packages_above_and_dependencies=None, packages_above_depth=None, packages_select_by_dep=None, packages_skip_by_dep=None, packages_skip_up_to=None, packages_select_build_failed=False, packages_skip_build_finished=False, packages_select_test_failures=False, packages_skip_test_passed=False, packages_select=None, packages_skip=None, packages_select_regex=None, packages_skip_regex=None, packages_start=None, packages_end=None, allow_overriding=[], cmake_args=None, cmake_target=None, cmake_target_skip_unavailable=False, cmake_clean_cache=False, cmake_clean_first=False, cmake_force_configure=False, ament_cmake_args=None, catkin_cmake_args=None, catkin_skip_building_tests=False, verb_parser=<colcon_defaults.argument_parser.defaults.DefaultArgumentsDecorator object at 0x7d9ed2b97d90>, verb_extension=<colcon_core.verb.build.BuildVerb object at 0x7d9ed2fb7640>, main=<bound method BuildVerb.main of <colcon_core.verb.build.BuildVerb object at 0x7d9ed2fb7640>>)
[0.440s] Level 1:colcon.colcon_core.package_discovery:discover_packages(colcon_meta) check parameters
[0.440s] Level 1:colcon.colcon_core.package_discovery:discover_packages(recursive) check parameters
[0.440s] Level 1:colcon.colcon_core.package_discovery:discover_packages(ignore) check parameters
[0.440s] Level 1:colcon.colcon_core.package_discovery:discover_packages(path) check parameters
[0.440s] Level 1:colcon.colcon_core.package_discovery:discover_packages(colcon_meta) discover
[0.440s] Level 1:colcon.colcon_core.package_discovery:discover_packages(recursive) discover
[0.440s] INFO:colcon.colcon_core.package_discovery:Crawling recursively for packages in '/home/eleazar/ros2_ws'
[0.440s] Level 1:colcon.colcon_core.package_identification:_identify(.) by extensions ['ignore', 'ignore_ament_install']
[0.440s] Level 1:colcon.colcon_core.package_identification:_identify(.) by extension 'ignore'
[0.440s] Level 1:colcon.colcon_core.package_identification:_identify(.) by extension 'ignore_ament_install'
[0.440s] Level 1:colcon.colcon_core.package_identification:_identify(.) by extensions ['colcon_pkg']
[0.440s] Level 1:colcon.colcon_core.package_identification:_identify(.) by extension 'colcon_pkg'
[0.440s] Level 1:colcon.colcon_core.package_identification:_identify(.) by extensions ['colcon_meta']
[0.440s] Level 1:colcon.colcon_core.package_identification:_identify(.) by extension 'colcon_meta'
[0.440s] Level 1:colcon.colcon_core.package_identification:_identify(.) by extensions ['ros']
[0.440s] Level 1:colcon.colcon_core.package_identification:_identify(.) by extension 'ros'
[0.446s] Level 1:colcon.colcon_core.package_identification:_identify(.) by extensions ['cmake', 'python']
[0.447s] Level 1:colcon.colcon_core.package_identification:_identify(.) by extension 'cmake'
[0.447s] Level 1:colcon.colcon_core.package_identification:_identify(.) by extension 'python'
[0.447s] Level 1:colcon.colcon_core.package_identification:_identify(.) by extensions ['python_setup_py']
[0.447s] Level 1:colcon.colcon_core.package_identification:_identify(.) by extension 'python_setup_py'
[0.447s] Level 1:colcon.colcon_core.package_identification:_identify(build) by extensions ['ignore', 'ignore_ament_install']
[0.447s] Level 1:colcon.colcon_core.package_identification:_identify(build) by extension 'ignore'
[0.447s] Level 1:colcon.colcon_core.package_identification:_identify(build) ignored
[0.447s] Level 1:colcon.colcon_core.package_identification:_identify(install) by extensions ['ignore', 'ignore_ament_install']
[0.447s] Level 1:colcon.colcon_core.package_identification:_identify(install) by extension 'ignore'
[0.447s] Level 1:colcon.colcon_core.package_identification:_identify(install) ignored
[0.447s] Level 1:colcon.colcon_core.package_identification:_identify(log) by extensions ['ignore', 'ignore_ament_install']
[0.447s] Level 1:colcon.colcon_core.package_identification:_identify(log) by extension 'ignore'
[0.447s] Level 1:colcon.colcon_core.package_identification:_identify(log) ignored
[0.447s] Level 1:colcon.colcon_core.package_identification:_identify(src) by extensions ['ignore', 'ignore_ament_install']
[0.447s] Level 1:colcon.colcon_core.package_identification:_identify(src) by extension 'ignore'
[0.447s] Level 1:colcon.colcon_core.package_identification:_identify(src) by extension 'ignore_ament_install'
[0.447s] Level 1:colcon.colcon_core.package_identification:_identify(src) by extensions ['colcon_pkg']
[0.447s] Level 1:colcon.colcon_core.package_identification:_identify(src) by extension 'colcon_pkg'
[0.447s] Level 1:colcon.colcon_core.package_identification:_identify(src) by extensions ['colcon_meta']
[0.447s] Level 1:colcon.colcon_core.package_identification:_identify(src) by extension 'colcon_meta'
[0.447s] Level 1:colcon.colcon_core.package_identification:_identify(src) by extensions ['ros']
[0.447s] Level 1:colcon.colcon_core.package_identification:_identify(src) by extension 'ros'
[0.447s] Level 1:colcon.colcon_core.package_identification:_identify(src) by extensions ['cmake', 'python']
[0.447s] Level 1:colcon.colcon_core.package_identification:_identify(src) by extension 'cmake'
[0.447s] Level 1:colcon.colcon_core.package_identification:_identify(src) by extension 'python'
[0.447s] Level 1:colcon.colcon_core.package_identification:_identify(src) by extensions ['python_setup_py']
[0.447s] Level 1:colcon.colcon_core.package_identification:_identify(src) by extension 'python_setup_py'
[0.447s] Level 1:colcon.colcon_core.package_identification:_identify(src/basic_comms) by extensions ['ignore', 'ignore_ament_install']
[0.447s] Level 1:colcon.colcon_core.package_identification:_identify(src/basic_comms) by extension 'ignore'
[0.447s] Level 1:colcon.colcon_core.package_identification:_identify(src/basic_comms) by extension 'ignore_ament_install'
[0.447s] Level 1:colcon.colcon_core.package_identification:_identify(src/basic_comms) by extensions ['colcon_pkg']
[0.447s] Level 1:colcon.colcon_core.package_identification:_identify(src/basic_comms) by extension 'colcon_pkg'
[0.447s] Level 1:colcon.colcon_core.package_identification:_identify(src/basic_comms) by extensions ['colcon_meta']
[0.447s] Level 1:colcon.colcon_core.package_identification:_identify(src/basic_comms) by extension 'colcon_meta'
[0.447s] Level 1:colcon.colcon_core.package_identification:_identify(src/basic_comms) by extensions ['ros']
[0.448s] Level 1:colcon.colcon_core.package_identification:_identify(src/basic_comms) by extension 'ros'
[0.449s] DEBUG:colcon.colcon_core.package_identification:Package 'src/basic_comms' with type 'ros.ament_python' and name 'basic_comms'
[0.449s] Level 1:colcon.colcon_core.package_identification:_identify(src/basic_comms_params) by extensions ['ignore', 'ignore_ament_install']
[0.449s] Level 1:colcon.colcon_core.package_identification:_identify(src/basic_comms_params) by extension 'ignore'
[0.449s] Level 1:colcon.colcon_core.package_identification:_identify(src/basic_comms_params) by extension 'ignore_ament_install'
[0.449s] Level 1:colcon.colcon_core.package_identification:_identify(src/basic_comms_params) by extensions ['colcon_pkg']
[0.449s] Level 1:colcon.colcon_core.package_identification:_identify(src/basic_comms_params) by extension 'colcon_pkg'
[0.449s] Level 1:colcon.colcon_core.package_identification:_identify(src/basic_comms_params) by extensions ['colcon_meta']
[0.449s] Level 1:colcon.colcon_core.package_identification:_identify(src/basic_comms_params) by extension 'colcon_meta'
[0.449s] Level 1:colcon.colcon_core.package_identification:_identify(src/basic_comms_params) by extensions ['ros']
[0.449s] Level 1:colcon.colcon_core.package_identification:_identify(src/basic_comms_params) by extension 'ros'
[0.449s] DEBUG:colcon.colcon_core.package_identification:Package 'src/basic_comms_params' with type 'ros.ament_python' and name 'basic_comms_params'
[0.449s] Level 1:colcon.colcon_core.package_identification:_identify(src/build) by extensions ['ignore', 'ignore_ament_install']
[0.450s] Level 1:colcon.colcon_core.package_identification:_identify(src/build) by extension 'ignore'
[0.450s] Level 1:colcon.colcon_core.package_identification:_identify(src/build) ignored
[0.450s] Level 1:colcon.colcon_core.package_identification:_identify(src/courseworks) by extensions ['ignore', 'ignore_ament_install']
[0.450s] Level 1:colcon.colcon_core.package_identification:_identify(src/courseworks) by extension 'ignore'
[0.450s] Level 1:colcon.colcon_core.package_identification:_identify(src/courseworks) by extension 'ignore_ament_install'
[0.450s] Level 1:colcon.colcon_core.package_identification:_identify(src/courseworks) by extensions ['colcon_pkg']
[0.450s] Level 1:colcon.colcon_core.package_identification:_identify(src/courseworks) by extension 'colcon_pkg'
[0.450s] Level 1:colcon.colcon_core.package_identification:_identify(src/courseworks) by extensions ['colcon_meta']
[0.450s] Level 1:colcon.colcon_core.package_identification:_identify(src/courseworks) by extension 'colcon_meta'
[0.450s] Level 1:colcon.colcon_core.package_identification:_identify(src/courseworks) by extensions ['ros']
[0.450s] Level 1:colcon.colcon_core.package_identification:_identify(src/courseworks) by extension 'ros'
[0.450s] DEBUG:colcon.colcon_core.package_identification:Package 'src/courseworks' with type 'ros.ament_python' and name 'courseworks'
[0.450s] Level 1:colcon.colcon_core.package_identification:_identify(src/final_challenge) by extensions ['ignore', 'ignore_ament_install']
[0.450s] Level 1:colcon.colcon_core.package_identification:_identify(src/final_challenge) by extension 'ignore'
[0.450s] Level 1:colcon.colcon_core.package_identification:_identify(src/final_challenge) by extension 'ignore_ament_install'
[0.450s] Level 1:colcon.colcon_core.package_identification:_identify(src/final_challenge) by extensions ['colcon_pkg']
[0.450s] Level 1:colcon.colcon_core.package_identification:_identify(src/final_challenge) by extension 'colcon_pkg'
[0.450s] Level 1:colcon.colcon_core.package_identification:_identify(src/final_challenge) by extensions ['colcon_meta']
[0.450s] Level 1:colcon.colcon_core.package_identification:_identify(src/final_challenge) by extension 'colcon_meta'
[0.450s] Level 1:colcon.colcon_core.package_identification:_identify(src/final_challenge) by extensions ['ros']
[0.450s] Level 1:colcon.colcon_core.package_identification:_identify(src/final_challenge) by extension 'ros'
[0.451s] DEBUG:colcon.colcon_core.package_identification:Package 'src/final_challenge' with type 'ros.ament_python' and name 'final_challenge'
[0.451s] Level 1:colcon.colcon_core.package_identification:_identify(src/install) by extensions ['ignore', 'ignore_ament_install']
[0.451s] Level 1:colcon.colcon_core.package_identification:_identify(src/install) by extension 'ignore'
[0.451s] Level 1:colcon.colcon_core.package_identification:_identify(src/install) ignored
[0.451s] Level 1:colcon.colcon_core.package_identification:_identify(src/log) by extensions ['ignore', 'ignore_ament_install']
[0.451s] Level 1:colcon.colcon_core.package_identification:_identify(src/log) by extension 'ignore'
[0.451s] Level 1:colcon.colcon_core.package_identification:_identify(src/log) ignored
[0.451s] Level 1:colcon.colcon_core.package_identification:_identify(src/msgs_clase) by extensions ['ignore', 'ignore_ament_install']
[0.451s] Level 1:colcon.colcon_core.package_identification:_identify(src/msgs_clase) by extension 'ignore'
[0.451s] Level 1:colcon.colcon_core.package_identification:_identify(src/msgs_clase) by extension 'ignore_ament_install'
[0.451s] Level 1:colcon.colcon_core.package_identification:_identify(src/msgs_clase) by extensions ['colcon_pkg']
[0.451s] Level 1:colcon.colcon_core.package_identification:_identify(src/msgs_clase) by extension 'colcon_pkg'
[0.451s] Level 1:colcon.colcon_core.package_identification:_identify(src/msgs_clase) by extensions ['colcon_meta']
[0.451s] Level 1:colcon.colcon_core.package_identification:_identify(src/msgs_clase) by extension 'colcon_meta'
[0.451s] Level 1:colcon.colcon_core.package_identification:_identify(src/msgs_clase) by extensions ['ros']
[0.451s] Level 1:colcon.colcon_core.package_identification:_identify(src/msgs_clase) by extension 'ros'
[0.451s] DEBUG:colcon.colcon_core.package_identification:Package 'src/msgs_clase' with type 'ros.ament_cmake' and name 'msgs_clase'
[0.451s] Level 1:colcon.colcon_core.package_identification:_identify(src/sphere_msgs) by extensions ['ignore', 'ignore_ament_install']
[0.451s] Level 1:colcon.colcon_core.package_identification:_identify(src/sphere_msgs) by extension 'ignore'
[0.451s] Level 1:colcon.colcon_core.package_identification:_identify(src/sphere_msgs) by extension 'ignore_ament_install'
[0.451s] Level 1:colcon.colcon_core.package_identification:_identify(src/sphere_msgs) by extensions ['colcon_pkg']
[0.451s] Level 1:colcon.colcon_core.package_identification:_identify(src/sphere_msgs) by extension 'colcon_pkg'
[0.451s] Level 1:colcon.colcon_core.package_identification:_identify(src/sphere_msgs) by extensions ['colcon_meta']
[0.451s] Level 1:colcon.colcon_core.package_identification:_identify(src/sphere_msgs) by extension 'colcon_meta'
[0.452s] Level 1:colcon.colcon_core.package_identification:_identify(src/sphere_msgs) by extensions ['ros']
[0.452s] Level 1:colcon.colcon_core.package_identification:_identify(src/sphere_msgs) by extension 'ros'
[0.452s] DEBUG:colcon.colcon_core.package_identification:Package 'src/sphere_msgs' with type 'ros.ament_python' and name 'sphere_msgs'
[0.452s] Level 1:colcon.colcon_core.package_discovery:discover_packages(recursive) using defaults
[0.452s] Level 1:colcon.colcon_core.package_discovery:discover_packages(ignore) discover
[0.452s] Level 1:colcon.colcon_core.package_discovery:discover_packages(ignore) using defaults
[0.452s] Level 1:colcon.colcon_core.package_discovery:discover_packages(path) discover
[0.452s] Level 1:colcon.colcon_core.package_discovery:discover_packages(path) using defaults
[0.491s] Level 1:colcon.colcon_core.package_discovery:discover_packages(prefix_path) check parameters
[0.491s] Level 1:colcon.colcon_core.package_discovery:discover_packages(prefix_path) discover
[0.505s] DEBUG:colcon.colcon_installed_package_information.package_discovery:Found 6 installed packages in /home/eleazar/ros2_ws/install
[0.511s] DEBUG:colcon.colcon_installed_package_information.package_discovery:Found 3 installed packages in /home/eleazar/ros2_utilities_ws/install
[0.517s] DEBUG:colcon.colcon_installed_package_information.package_discovery:Found 270 installed packages in /opt/ros/humble
[0.518s] Level 1:colcon.colcon_core.package_discovery:discover_packages(prefix_path) using defaults
[0.571s] Level 5:colcon.colcon_core.verb:set package 'basic_comms' build argument 'cmake_args' from command line to 'None'
[0.571s] Level 5:colcon.colcon_core.verb:set package 'basic_comms' build argument 'cmake_target' from command line to 'None'
[0.571s] Level 5:colcon.colcon_core.verb:set package 'basic_comms' build argument 'cmake_target_skip_unavailable' from command line to 'False'
[0.571s] Level 5:colcon.colcon_core.verb:set package 'basic_comms' build argument 'cmake_clean_cache' from command line to 'False'
[0.571s] Level 5:colcon.colcon_core.verb:set package 'basic_comms' build argument 'cmake_clean_first' from command line to 'False'
[0.571s] Level 5:colcon.colcon_core.verb:set package 'basic_comms' build argument 'cmake_force_configure' from command line to 'False'
[0.571s] Level 5:colcon.colcon_core.verb:set package 'basic_comms' build argument 'ament_cmake_args' from command line to 'None'
[0.571s] Level 5:colcon.colcon_core.verb:set package 'basic_comms' build argument 'catkin_cmake_args' from command line to 'None'
[0.571s] Level 5:colcon.colcon_core.verb:set package 'basic_comms' build argument 'catkin_skip_building_tests' from command line to 'False'
[0.571s] DEBUG:colcon.colcon_core.verb:Building package 'basic_comms' with the following arguments: {'ament_cmake_args': None, 'build_base': '/home/eleazar/ros2_ws/build/basic_comms', 'catkin_cmake_args': None, 'catkin_skip_building_tests': False, 'cmake_args': None, 'cmake_clean_cache': False, 'cmake_clean_first': False, 'cmake_force_configure': False, 'cmake_target': None, 'cmake_target_skip_unavailable': False, 'install_base': '/home/eleazar/ros2_ws/install/basic_comms', 'merge_install': False, 'path': '/home/eleazar/ros2_ws/src/basic_comms', 'symlink_install': False, 'test_result_base': None}
[0.580s] Level 5:colcon.colcon_core.verb:set package 'basic_comms_params' build argument 'cmake_args' from command line to 'None'
[0.580s] Level 5:colcon.colcon_core.verb:set package 'basic_comms_params' build argument 'cmake_target' from command line to 'None'
[0.580s] Level 5:colcon.colcon_core.verb:set package 'basic_comms_params' build argument 'cmake_target_skip_unavailable' from command line to 'False'
[0.580s] Level 5:colcon.colcon_core.verb:set package 'basic_comms_params' build argument 'cmake_clean_cache' from command line to 'False'
[0.580s] Level 5:colcon.colcon_core.verb:set package 'basic_comms_params' build argument 'cmake_clean_first' from command line to 'False'
[0.580s] Level 5:colcon.colcon_core.verb:set package 'basic_comms_params' build argument 'cmake_force_configure' from command line to 'False'
[0.580s] Level 5:colcon.colcon_core.verb:set package 'basic_comms_params' build argument 'ament_cmake_args' from command line to 'None'
[0.580s] Level 5:colcon.colcon_core.verb:set package 'basic_comms_params' build argument 'catkin_cmake_args' from command line to 'None'
[0.580s] Level 5:colcon.colcon_core.verb:set package 'basic_comms_params' build argument 'catkin_skip_building_tests' from command line to 'False'
[0.580s] DEBUG:colcon.colcon_core.verb:Building package 'basic_comms_params' with the following arguments: {'ament_cmake_args': None, 'build_base': '/home/eleazar/ros2_ws/build/basic_comms_params', 'catkin_cmake_args': None, 'catkin_skip_building_tests': False, 'cmake_args': None, 'cmake_clean_cache': False, 'cmake_clean_first': False, 'cmake_force_configure': False, 'cmake_target': None, 'cmake_target_skip_unavailable': False, 'install_base': '/home/eleazar/ros2_ws/install/basic_comms_params', 'merge_install': False, 'path': '/home/eleazar/ros2_ws/src/basic_comms_params', 'symlink_install': False, 'test_result_base': None}
[0.588s] Level 5:colcon.colcon_core.verb:set package 'courseworks' build argument 'cmake_args' from command line to 'None'
[0.588s] Level 5:colcon.colcon_core.verb:set package 'courseworks' build argument 'cmake_target' from command line to 'None'
[0.588s] Level 5:colcon.colcon_core.verb:set package 'courseworks' build argument 'cmake_target_skip_unavailable' from command line to 'False'
[0.588s] Level 5:colcon.colcon_core.verb:set package 'courseworks' build argument 'cmake_clean_cache' from command line to 'False'
[0.588s] Level 5:colcon.colcon_core.verb:set package 'courseworks' build argument 'cmake_clean_first' from command line to 'False'
[0.588s] Level 5:colcon.colcon_core.verb:set package 'courseworks' build argument 'cmake_force_configure' from command line to 'False'
[0.588s] Level 5:colcon.colcon_core.verb:set package 'courseworks' build argument 'ament_cmake_args' from command line to 'None'
[0.588s] Level 5:colcon.colcon_core.verb:set package 'courseworks' build argument 'catkin_cmake_args' from command line to 'None'
[0.588s] Level 5:colcon.colcon_core.verb:set package 'courseworks' build argument 'catkin_skip_building_tests' from command line to 'False'
[0.588s] DEBUG:colcon.colcon_core.verb:Building package 'courseworks' with the following arguments: {'ament_cmake_args': None, 'build_base': '/home/eleazar/ros2_ws/build/courseworks', 'catkin_cmake_args': None, 'catkin_skip_building_tests': False, 'cmake_args': None, 'cmake_clean_cache': False, 'cmake_clean_first': False, 'cmake_force_configure': False, 'cmake_target': None, 'cmake_target_skip_unavailable': False, 'install_base': '/home/eleazar/ros2_ws/install/courseworks', 'merge_install': False, 'path': '/home/eleazar/ros2_ws/src/courseworks', 'symlink_install': False, 'test_result_base': None}
[0.595s] Level 5:colcon.colcon_core.verb:set package 'final_challenge' build argument 'cmake_args' from command line to 'None'
[0.595s] Level 5:colcon.colcon_core.verb:set package 'final_challenge' build argument 'cmake_target' from command line to 'None'
[0.595s] Level 5:colcon.colcon_core.verb:set package 'final_challenge' build argument 'cmake_target_skip_unavailable' from command line to 'False'
[0.595s] Level 5:colcon.colcon_core.verb:set package 'final_challenge' build argument 'cmake_clean_cache' from command line to 'False'
[0.595s] Level 5:colcon.colcon_core.verb:set package 'final_challenge' build argument 'cmake_clean_first' from command line to 'False'
[0.595s] Level 5:colcon.colcon_core.verb:set package 'final_challenge' build argument 'cmake_force_configure' from command line to 'False'
[0.595s] Level 5:colcon.colcon_core.verb:set package 'final_challenge' build argument 'ament_cmake_args' from command line to 'None'
[0.595s] Level 5:colcon.colcon_core.verb:set package 'final_challenge' build argument 'catkin_cmake_args' from command line to 'None'
[0.595s] Level 5:colcon.colcon_core.verb:set package 'final_challenge' build argument 'catkin_skip_building_tests' from command line to 'False'
[0.595s] DEBUG:colcon.colcon_core.verb:Building package 'final_challenge' with the following arguments: {'ament_cmake_args': None, 'build_base': '/home/eleazar/ros2_ws/build/final_challenge', 'catkin_cmake_args': None, 'catkin_skip_building_tests': False, 'cmake_args': None, 'cmake_clean_cache': False, 'cmake_clean_first': False, 'cmake_force_configure': False, 'cmake_target': None, 'cmake_target_skip_unavailable': False, 'install_base': '/home/eleazar/ros2_ws/install/final_challenge', 'merge_install': False, 'path': '/home/eleazar/ros2_ws/src/final_challenge', 'symlink_install': False, 'test_result_base': None}
[0.601s] Level 5:colcon.colcon_core.verb:set package 'msgs_clase' build argument 'cmake_args' from command line to 'None'
[0.601s] Level 5:colcon.colcon_core.verb:set package 'msgs_clase' build argument 'cmake_target' from command line to 'None'
[0.601s] Level 5:colcon.colcon_core.verb:set package 'msgs_clase' build argument 'cmake_target_skip_unavailable' from command line to 'False'
[0.601s] Level 5:colcon.colcon_core.verb:set package 'msgs_clase' build argument 'cmake_clean_cache' from command line to 'False'
[0.601s] Level 5:colcon.colcon_core.verb:set package 'msgs_clase' build argument 'cmake_clean_first' from command line to 'False'
[0.601s] Level 5:colcon.colcon_core.verb:set package 'msgs_clase' build argument 'cmake_force_configure' from command line to 'False'
[0.601s] Level 5:colcon.colcon_core.verb:set package 'msgs_clase' build argument 'ament_cmake_args' from command line to 'None'
[0.601s] Level 5:colcon.colcon_core.verb:set package 'msgs_clase' build argument 'catkin_cmake_args' from command line to 'None'
[0.601s] Level 5:colcon.colcon_core.verb:set package 'msgs_clase' build argument 'catkin_skip_building_tests' from command line to 'False'
[0.601s] DEBUG:colcon.colcon_core.verb:Building package 'msgs_clase' with the following arguments: {'ament_cmake_args': None, 'build_base': '/home/eleazar/ros2_ws/build/msgs_clase', 'catkin_cmake_args': None, 'catkin_skip_building_tests': False, 'cmake_args': None, 'cmake_clean_cache': False, 'cmake_clean_first': False, 'cmake_force_configure': False, 'cmake_target': None, 'cmake_target_skip_unavailable': False, 'install_base': '/home/eleazar/ros2_ws/install/msgs_clase', 'merge_install': False, 'path': '/home/eleazar/ros2_ws/src/msgs_clase', 'symlink_install': False, 'test_result_base': None}
[0.607s] Level 5:colcon.colcon_core.verb:set package 'sphere_msgs' build argument 'cmake_args' from command line to 'None'
[0.607s] Level 5:colcon.colcon_core.verb:set package 'sphere_msgs' build argument 'cmake_target' from command line to 'None'
[0.607s] Level 5:colcon.colcon_core.verb:set package 'sphere_msgs' build argument 'cmake_target_skip_unavailable' from command line to 'False'
[0.607s] Level 5:colcon.colcon_core.verb:set package 'sphere_msgs' build argument 'cmake_clean_cache' from command line to 'False'
[0.607s] Level 5:colcon.colcon_core.verb:set package 'sphere_msgs' build argument 'cmake_clean_first' from command line to 'False'
[0.607s] Level 5:colcon.colcon_core.verb:set package 'sphere_msgs' build argument 'cmake_force_configure' from command line to 'False'
[0.607s] Level 5:colcon.colcon_core.verb:set package 'sphere_msgs' build argument 'ament_cmake_args' from command line to 'None'
[0.607s] Level 5:colcon.colcon_core.verb:set package 'sphere_msgs' build argument 'catkin_cmake_args' from command line to 'None'
[0.607s] Level 5:colcon.colcon_core.verb:set package 'sphere_msgs' build argument 'catkin_skip_building_tests' from command line to 'False'
[0.607s] DEBUG:colcon.colcon_core.verb:Building package 'sphere_msgs' with the following arguments: {'ament_cmake_args': None, 'build_base': '/home/eleazar/ros2_ws/build/sphere_msgs', 'catkin_cmake_args': None, 'catkin_skip_building_tests': False, 'cmake_args': None, 'cmake_clean_cache': False, 'cmake_clean_first': False, 'cmake_force_configure': False, 'cmake_target': None, 'cmake_target_skip_unavailable': False, 'install_base': '/home/eleazar/ros2_ws/install/sphere_msgs', 'merge_install': False, 'path': '/home/eleazar/ros2_ws/src/sphere_msgs', 'symlink_install': False, 'test_result_base': None}
[0.613s] INFO:colcon.colcon_core.executor:Executing jobs using 'parallel' executor
[0.619s] DEBUG:colcon.colcon_parallel_executor.executor.parallel:run_until_complete
[0.620s] INFO:colcon.colcon_ros.task.ament_cmake.build:Building ROS package in '/home/eleazar/ros2_ws/src/msgs_clase' with build type 'ament_cmake'
[0.620s] INFO:colcon.colcon_cmake.task.cmake.build:Building CMake package in '/home/eleazar/ros2_ws/src/msgs_clase'
[0.627s] INFO:colcon.colcon_core.plugin_system:Skipping extension 'colcon_core.shell.bat': Not used on non-Windows systems
[0.627s] INFO:colcon.colcon_core.shell:Skip shell extension 'powershell' for command environment: Not usable outside of PowerShell
[0.627s] DEBUG:colcon.colcon_core.shell:Skip shell extension 'dsv' for command environment
[0.653s] INFO:colcon.colcon_ros.task.ament_python.build:Building ROS package in '/home/eleazar/ros2_ws/src/basic_comms' with build type 'ament_python'
[0.653s] Level 1:colcon.colcon_core.shell:create_environment_hook('basic_comms', 'ament_prefix_path')
[0.660s] INFO:colcon.colcon_core.shell:Creating environment hook '/home/eleazar/ros2_ws/install/basic_comms/share/basic_comms/hook/ament_prefix_path.ps1'
[0.660s] INFO:colcon.colcon_core.shell:Creating environment descriptor '/home/eleazar/ros2_ws/install/basic_comms/share/basic_comms/hook/ament_prefix_path.dsv'
[0.660s] INFO:colcon.colcon_core.shell:Creating environment hook '/home/eleazar/ros2_ws/install/basic_comms/share/basic_comms/hook/ament_prefix_path.sh'
[0.667s] INFO:colcon.colcon_core.shell:Skip shell extension 'powershell' for command environment: Not usable outside of PowerShell
[0.667s] DEBUG:colcon.colcon_core.shell:Skip shell extension 'dsv' for command environment
[0.692s] INFO:colcon.colcon_ros.task.ament_python.build:Building ROS package in '/home/eleazar/ros2_ws/src/basic_comms_params' with build type 'ament_python'
[0.692s] Level 1:colcon.colcon_core.shell:create_environment_hook('basic_comms_params', 'ament_prefix_path')
[0.698s] INFO:colcon.colcon_core.shell:Creating environment hook '/home/eleazar/ros2_ws/install/basic_comms_params/share/basic_comms_params/hook/ament_prefix_path.ps1'
[0.699s] INFO:colcon.colcon_core.shell:Creating environment descriptor '/home/eleazar/ros2_ws/install/basic_comms_params/share/basic_comms_params/hook/ament_prefix_path.dsv'
[0.699s] INFO:colcon.colcon_core.shell:Creating environment hook '/home/eleazar/ros2_ws/install/basic_comms_params/share/basic_comms_params/hook/ament_prefix_path.sh'
[0.705s] INFO:colcon.colcon_core.shell:Skip shell extension 'powershell' for command environment: Not usable outside of PowerShell
[0.705s] DEBUG:colcon.colcon_core.shell:Skip shell extension 'dsv' for command environment
[0.730s] INFO:colcon.colcon_ros.task.ament_python.build:Building ROS package in '/home/eleazar/ros2_ws/src/courseworks' with build type 'ament_python'
[0.730s] Level 1:colcon.colcon_core.shell:create_environment_hook('courseworks', 'ament_prefix_path')
[0.737s] INFO:colcon.colcon_core.shell:Creating environment hook '/home/eleazar/ros2_ws/install/courseworks/share/courseworks/hook/ament_prefix_path.ps1'
[0.737s] INFO:colcon.colcon_core.shell:Creating environment descriptor '/home/eleazar/ros2_ws/install/courseworks/share/courseworks/hook/ament_prefix_path.dsv'
[0.737s] INFO:colcon.colcon_core.shell:Creating environment hook '/home/eleazar/ros2_ws/install/courseworks/share/courseworks/hook/ament_prefix_path.sh'
[0.743s] INFO:colcon.colcon_core.shell:Skip shell extension 'powershell' for command environment: Not usable outside of PowerShell
[0.743s] DEBUG:colcon.colcon_core.shell:Skip shell extension 'dsv' for command environment
[0.768s] INFO:colcon.colcon_ros.task.ament_python.build:Building ROS package in '/home/eleazar/ros2_ws/src/final_challenge' with build type 'ament_python'
[0.768s] Level 1:colcon.colcon_core.shell:create_environment_hook('final_challenge', 'ament_prefix_path')
[0.775s] INFO:colcon.colcon_core.shell:Creating environment hook '/home/eleazar/ros2_ws/install/final_challenge/share/final_challenge/hook/ament_prefix_path.ps1'
[0.775s] INFO:colcon.colcon_core.shell:Creating environment descriptor '/home/eleazar/ros2_ws/install/final_challenge/share/final_challenge/hook/ament_prefix_path.dsv'
[0.775s] INFO:colcon.colcon_core.shell:Creating environment hook '/home/eleazar/ros2_ws/install/final_challenge/share/final_challenge/hook/ament_prefix_path.sh'
[0.781s] INFO:colcon.colcon_core.shell:Skip shell extension 'powershell' for command environment: Not usable outside of PowerShell
[0.781s] DEBUG:colcon.colcon_core.shell:Skip shell extension 'dsv' for command environment
[0.810s] DEBUG:colcon.colcon_core.event_handler.log_command:Invoking command in '/home/eleazar/ros2_ws/build/msgs_clase': CMAKE_PREFIX_PATH=${CMAKE_PREFIX_PATH}:/home/eleazar/ros2_ws/install/sphere_msgs:/home/eleazar/ros2_ws/install/final_challenge:/home/eleazar/ros2_ws/install/courseworks:/home/eleazar/ros2_ws/install/basic_comms_params:/home/eleazar/ros2_ws/install/basic_comms:/opt/ros/humble /usr/bin/cmake --build /home/eleazar/ros2_ws/build/msgs_clase -- -j20 -l20
[0.941s] INFO:colcon.colcon_core.task.python.build:Building Python package in '/home/eleazar/ros2_ws/src/basic_comms'
[0.948s] INFO:colcon.colcon_core.shell:Skip shell extension 'powershell' for command environment: Not usable outside of PowerShell
[0.948s] DEBUG:colcon.colcon_core.shell:Skip shell extension 'dsv' for command environment
[1.099s] INFO:colcon.colcon_core.task.python.build:Building Python package in '/home/eleazar/ros2_ws/src/basic_comms_params'
[1.105s] INFO:colcon.colcon_core.shell:Skip shell extension 'powershell' for command environment: Not usable outside of PowerShell
[1.105s] DEBUG:colcon.colcon_core.shell:Skip shell extension 'dsv' for command environment
[1.255s] INFO:colcon.colcon_core.task.python.build:Building Python package in '/home/eleazar/ros2_ws/src/courseworks'
[1.262s] INFO:colcon.colcon_core.shell:Skip shell extension 'powershell' for command environment: Not usable outside of PowerShell
[1.262s] DEBUG:colcon.colcon_core.shell:Skip shell extension 'dsv' for command environment
[1.411s] INFO:colcon.colcon_core.task.python.build:Building Python package in '/home/eleazar/ros2_ws/src/final_challenge'
[1.418s] INFO:colcon.colcon_core.shell:Skip shell extension 'powershell' for command environment: Not usable outside of PowerShell
[1.418s] DEBUG:colcon.colcon_core.shell:Skip shell extension 'dsv' for command environment
[1.446s] DEBUG:colcon.colcon_core.event_handler.log_command:Invoked command in '/home/eleazar/ros2_ws/build/msgs_clase' returned '0': CMAKE_PREFIX_PATH=${CMAKE_PREFIX_PATH}:/home/eleazar/ros2_ws/install/sphere_msgs:/home/eleazar/ros2_ws/install/final_challenge:/home/eleazar/ros2_ws/install/courseworks:/home/eleazar/ros2_ws/install/basic_comms_params:/home/eleazar/ros2_ws/install/basic_comms:/opt/ros/humble /usr/bin/cmake --build /home/eleazar/ros2_ws/build/msgs_clase -- -j20 -l20
[1.480s] DEBUG:colcon.colcon_core.event_handler.log_command:Invoking command in '/home/eleazar/ros2_ws/build/msgs_clase': CMAKE_PREFIX_PATH=${CMAKE_PREFIX_PATH}:/home/eleazar/ros2_ws/install/sphere_msgs:/home/eleazar/ros2_ws/install/final_challenge:/home/eleazar/ros2_ws/install/courseworks:/home/eleazar/ros2_ws/install/basic_comms_params:/home/eleazar/ros2_ws/install/basic_comms:/opt/ros/humble /usr/bin/cmake --install /home/eleazar/ros2_ws/build/msgs_clase
[1.513s] Level 1:colcon.colcon_core.environment:create_environment_scripts_only(msgs_clase)
[1.513s] DEBUG:colcon.colcon_core.event_handler.log_command:Invoked command in '/home/eleazar/ros2_ws/build/msgs_clase' returned '0': CMAKE_PREFIX_PATH=${CMAKE_PREFIX_PATH}:/home/eleazar/ros2_ws/install/sphere_msgs:/home/eleazar/ros2_ws/install/final_challenge:/home/eleazar/ros2_ws/install/courseworks:/home/eleazar/ros2_ws/install/basic_comms_params:/home/eleazar/ros2_ws/install/basic_comms:/opt/ros/humble /usr/bin/cmake --install /home/eleazar/ros2_ws/build/msgs_clase
[1.525s] Level 1:colcon.colcon_core.environment:checking '/home/eleazar/ros2_ws/install/msgs_clase' for CMake module files
[1.525s] Level 1:colcon.colcon_core.environment:checking '/home/eleazar/ros2_ws/install/msgs_clase' for CMake config files
[1.525s] Level 1:colcon.colcon_core.shell:create_environment_hook('msgs_clase', 'cmake_prefix_path')
[1.532s] INFO:colcon.colcon_core.shell:Creating environment hook '/home/eleazar/ros2_ws/install/msgs_clase/share/msgs_clase/hook/cmake_prefix_path.ps1'
[1.533s] INFO:colcon.colcon_core.shell:Creating environment descriptor '/home/eleazar/ros2_ws/install/msgs_clase/share/msgs_clase/hook/cmake_prefix_path.dsv'
[1.533s] INFO:colcon.colcon_core.shell:Creating environment hook '/home/eleazar/ros2_ws/install/msgs_clase/share/msgs_clase/hook/cmake_prefix_path.sh'
[1.533s] Level 1:colcon.colcon_core.environment:checking '/home/eleazar/ros2_ws/install/msgs_clase/lib'
[1.533s] Level 1:colcon.colcon_core.shell:create_environment_hook('msgs_clase', 'ld_library_path_lib')
[1.540s] INFO:colcon.colcon_core.shell:Creating environment hook '/home/eleazar/ros2_ws/install/msgs_clase/share/msgs_clase/hook/ld_library_path_lib.ps1'
[1.540s] INFO:colcon.colcon_core.shell:Creating environment descriptor '/home/eleazar/ros2_ws/install/msgs_clase/share/msgs_clase/hook/ld_library_path_lib.dsv'
[1.540s] INFO:colcon.colcon_core.shell:Creating environment hook '/home/eleazar/ros2_ws/install/msgs_clase/share/msgs_clase/hook/ld_library_path_lib.sh'
[1.541s] Level 1:colcon.colcon_core.environment:checking '/home/eleazar/ros2_ws/install/msgs_clase/bin'
[1.541s] Level 1:colcon.colcon_core.environment:checking '/home/eleazar/ros2_ws/install/msgs_clase/lib/pkgconfig/msgs_clase.pc'
[1.541s] Level 1:colcon.colcon_core.environment:checking '/home/eleazar/ros2_ws/install/msgs_clase/lib/python3.10/site-packages'
[1.541s] Level 1:colcon.colcon_core.environment:checking '/home/eleazar/ros2_ws/install/msgs_clase/bin'
[1.548s] INFO:colcon.colcon_core.shell:Creating package script '/home/eleazar/ros2_ws/install/msgs_clase/share/msgs_clase/package.ps1'
[1.548s] INFO:colcon.colcon_core.shell:Creating package descriptor '/home/eleazar/ros2_ws/install/msgs_clase/share/msgs_clase/package.dsv'
[1.549s] INFO:colcon.colcon_core.shell:Creating package script '/home/eleazar/ros2_ws/install/msgs_clase/share/msgs_clase/package.sh'
[1.549s] INFO:colcon.colcon_core.shell:Creating package script '/home/eleazar/ros2_ws/install/msgs_clase/share/msgs_clase/package.bash'
[1.549s] INFO:colcon.colcon_core.shell:Creating package script '/home/eleazar/ros2_ws/install/msgs_clase/share/msgs_clase/package.zsh'
[1.550s] Level 1:colcon.colcon_core.environment:create_file_with_runtime_dependencies(/home/eleazar/ros2_ws/install/msgs_clase/share/colcon-core/packages/msgs_clase)
[1.586s] Level 1:colcon.colcon_core.environment:create_environment_scripts_only(msgs_clase)
[1.593s] Level 1:colcon.colcon_core.environment:checking '/home/eleazar/ros2_ws/install/msgs_clase' for CMake module files
[1.594s] Level 1:colcon.colcon_core.environment:checking '/home/eleazar/ros2_ws/install/msgs_clase' for CMake config files
[1.594s] Level 1:colcon.colcon_core.shell:create_environment_hook('msgs_clase', 'cmake_prefix_path')
[1.601s] INFO:colcon.colcon_core.shell:Creating environment hook '/home/eleazar/ros2_ws/install/msgs_clase/share/msgs_clase/hook/cmake_prefix_path.ps1'
[1.601s] INFO:colcon.colcon_core.shell:Creating environment descriptor '/home/eleazar/ros2_ws/install/msgs_clase/share/msgs_clase/hook/cmake_prefix_path.dsv'
[1.601s] INFO:colcon.colcon_core.shell:Creating environment hook '/home/eleazar/ros2_ws/install/msgs_clase/share/msgs_clase/hook/cmake_prefix_path.sh'
[1.602s] Level 1:colcon.colcon_core.environment:checking '/home/eleazar/ros2_ws/install/msgs_clase/lib'
[1.602s] Level 1:colcon.colcon_core.shell:create_environment_hook('msgs_clase', 'ld_library_path_lib')
[1.609s] INFO:colcon.colcon_core.shell:Creating environment hook '/home/eleazar/ros2_ws/install/msgs_clase/share/msgs_clase/hook/ld_library_path_lib.ps1'
[1.609s] INFO:colcon.colcon_core.shell:Creating environment descriptor '/home/eleazar/ros2_ws/install/msgs_clase/share/msgs_clase/hook/ld_library_path_lib.dsv'
[1.609s] INFO:colcon.colcon_core.shell:Creating environment hook '/home/eleazar/ros2_ws/install/msgs_clase/share/msgs_clase/hook/ld_library_path_lib.sh'
[1.609s] Level 1:colcon.colcon_core.environment:checking '/home/eleazar/ros2_ws/install/msgs_clase/bin'
[1.609s] Level 1:colcon.colcon_core.environment:checking '/home/eleazar/ros2_ws/install/msgs_clase/lib/pkgconfig/msgs_clase.pc'
[1.609s] Level 1:colcon.colcon_core.environment:checking '/home/eleazar/ros2_ws/install/msgs_clase/lib/python3.10/site-packages'
[1.610s] Level 1:colcon.colcon_core.environment:checking '/home/eleazar/ros2_ws/install/msgs_clase/bin'
[1.617s] INFO:colcon.colcon_core.shell:Creating package script '/home/eleazar/ros2_ws/install/msgs_clase/share/msgs_clase/package.ps1'
[1.617s] INFO:colcon.colcon_core.shell:Creating package descriptor '/home/eleazar/ros2_ws/install/msgs_clase/share/msgs_clase/package.dsv'
[1.618s] INFO:colcon.colcon_core.shell:Creating package script '/home/eleazar/ros2_ws/install/msgs_clase/share/msgs_clase/package.sh'
[1.618s] INFO:colcon.colcon_core.shell:Creating package script '/home/eleazar/ros2_ws/install/msgs_clase/share/msgs_clase/package.bash'
[1.618s] INFO:colcon.colcon_core.shell:Creating package script '/home/eleazar/ros2_ws/install/msgs_clase/share/msgs_clase/package.zsh'
[1.618s] Level 1:colcon.colcon_core.environment:create_file_with_runtime_dependencies(/home/eleazar/ros2_ws/install/msgs_clase/share/colcon-core/packages/msgs_clase)
[1.619s] INFO:colcon.colcon_ros.task.ament_python.build:Building ROS package in '/home/eleazar/ros2_ws/src/sphere_msgs' with build type 'ament_python'
[1.619s] Level 1:colcon.colcon_core.shell:create_environment_hook('sphere_msgs', 'ament_prefix_path')
[1.627s] INFO:colcon.colcon_core.shell:Creating environment hook '/home/eleazar/ros2_ws/install/sphere_msgs/share/sphere_msgs/hook/ament_prefix_path.ps1'
[1.628s] INFO:colcon.colcon_core.shell:Creating environment descriptor '/home/eleazar/ros2_ws/install/sphere_msgs/share/sphere_msgs/hook/ament_prefix_path.dsv'
[1.628s] INFO:colcon.colcon_core.shell:Creating environment hook '/home/eleazar/ros2_ws/install/sphere_msgs/share/sphere_msgs/hook/ament_prefix_path.sh'
[1.636s] INFO:colcon.colcon_core.shell:Skip shell extension 'powershell' for command environment: Not usable outside of PowerShell
[1.636s] DEBUG:colcon.colcon_core.shell:Skip shell extension 'dsv' for command environment
[1.667s] DEBUG:colcon.colcon_core.event_handler.log_command:Invoking command in '/home/eleazar/ros2_ws/src/basic_comms': PYTHONPATH=/home/eleazar/ros2_ws/build/basic_comms/prefix_override:/home/eleazar/ros2_ws/install/basic_comms/lib/python3.10/site-packages:${PYTHONPATH} /usr/bin/python3 setup.py egg_info --egg-base ../../build/basic_comms build --build-base /home/eleazar/ros2_ws/build/basic_comms/build install --record /home/eleazar/ros2_ws/build/basic_comms/install.log --single-version-externally-managed
[1.668s] DEBUG:colcon.colcon_core.event_handler.log_command:Invoking command in '/home/eleazar/ros2_ws/src/courseworks': PYTHONPATH=/home/eleazar/ros2_ws/build/courseworks/prefix_override:/home/eleazar/ros2_ws/install/courseworks/lib/python3.10/site-packages:${PYTHONPATH} /usr/bin/python3 setup.py egg_info --egg-base ../../build/courseworks build --build-base /home/eleazar/ros2_ws/build/courseworks/build install --record /home/eleazar/ros2_ws/build/courseworks/install.log --single-version-externally-managed
[1.669s] DEBUG:colcon.colcon_core.event_handler.log_command:Invoking command in '/home/eleazar/ros2_ws/src/basic_comms_params': PYTHONPATH=/home/eleazar/ros2_ws/build/basic_comms_params/prefix_override:/home/eleazar/ros2_ws/install/basic_comms_params/lib/python3.10/site-packages:${PYTHONPATH} /usr/bin/python3 setup.py egg_info --egg-base ../../build/basic_comms_params build --build-base /home/eleazar/ros2_ws/build/basic_comms_params/build install --record /home/eleazar/ros2_ws/build/basic_comms_params/install.log --single-version-externally-managed
[1.670s] DEBUG:colcon.colcon_core.event_handler.log_command:Invoking command in '/home/eleazar/ros2_ws/src/final_challenge': PYTHONPATH=/home/eleazar/ros2_ws/build/final_challenge/prefix_override:/home/eleazar/ros2_ws/install/final_challenge/lib/python3.10/site-packages:${PYTHONPATH} /usr/bin/python3 setup.py egg_info --egg-base ../../build/final_challenge build --build-base /home/eleazar/ros2_ws/build/final_challenge/build install --record /home/eleazar/ros2_ws/build/final_challenge/install.log --single-version-externally-managed
[1.810s] INFO:colcon.colcon_core.task.python.build:Building Python package in '/home/eleazar/ros2_ws/src/sphere_msgs'
[1.827s] INFO:colcon.colcon_core.shell:Skip shell extension 'powershell' for command environment: Not usable outside of PowerShell
[1.827s] DEBUG:colcon.colcon_core.shell:Skip shell extension 'dsv' for command environment
[1.858s] DEBUG:colcon.colcon_core.event_handler.log_command:Invoked command in '/home/eleazar/ros2_ws/src/final_challenge' returned '0': PYTHONPATH=/home/eleazar/ros2_ws/build/final_challenge/prefix_override:/home/eleazar/ros2_ws/install/final_challenge/lib/python3.10/site-packages:${PYTHONPATH} /usr/bin/python3 setup.py egg_info --egg-base ../../build/final_challenge build --build-base /home/eleazar/ros2_ws/build/final_challenge/build install --record /home/eleazar/ros2_ws/build/final_challenge/install.log --single-version-externally-managed
[1.872s] Level 1:colcon.colcon_core.environment:checking '/home/eleazar/ros2_ws/install/final_challenge' for CMake module files
[1.872s] Level 1:colcon.colcon_core.environment:checking '/home/eleazar/ros2_ws/install/final_challenge' for CMake config files
[1.872s] Level 1:colcon.colcon_core.environment:checking '/home/eleazar/ros2_ws/install/final_challenge/lib'
[1.872s] Level 1:colcon.colcon_core.environment:checking '/home/eleazar/ros2_ws/install/final_challenge/bin'
[1.872s] Level 1:colcon.colcon_core.environment:checking '/home/eleazar/ros2_ws/install/final_challenge/lib/pkgconfig/final_challenge.pc'
[1.872s] Level 1:colcon.colcon_core.environment:checking '/home/eleazar/ros2_ws/install/final_challenge/lib/python3.10/site-packages'
[1.872s] Level 1:colcon.colcon_core.shell:create_environment_hook('final_challenge', 'pythonpath')
[1.878s] INFO:colcon.colcon_core.shell:Creating environment hook '/home/eleazar/ros2_ws/install/final_challenge/share/final_challenge/hook/pythonpath.ps1'
[1.879s] INFO:colcon.colcon_core.shell:Creating environment descriptor '/home/eleazar/ros2_ws/install/final_challenge/share/final_challenge/hook/pythonpath.dsv'
[1.879s] INFO:colcon.colcon_core.shell:Creating environment hook '/home/eleazar/ros2_ws/install/final_challenge/share/final_challenge/hook/pythonpath.sh'
[1.879s] Level 1:colcon.colcon_core.environment:checking '/home/eleazar/ros2_ws/install/final_challenge/bin'
[1.879s] Level 1:colcon.colcon_core.environment:create_environment_scripts_only(final_challenge)
[1.885s] INFO:colcon.colcon_core.shell:Creating package script '/home/eleazar/ros2_ws/install/final_challenge/share/final_challenge/package.ps1'
[1.886s] INFO:colcon.colcon_core.shell:Creating package descriptor '/home/eleazar/ros2_ws/install/final_challenge/share/final_challenge/package.dsv'
[1.886s] INFO:colcon.colcon_core.shell:Creating package script '/home/eleazar/ros2_ws/install/final_challenge/share/final_challenge/package.sh'
[1.886s] INFO:colcon.colcon_core.shell:Creating package script '/home/eleazar/ros2_ws/install/final_challenge/share/final_challenge/package.bash'
[1.886s] INFO:colcon.colcon_core.shell:Creating package script '/home/eleazar/ros2_ws/install/final_challenge/share/final_challenge/package.zsh'
[1.886s] Level 1:colcon.colcon_core.environment:create_file_with_runtime_dependencies(/home/eleazar/ros2_ws/install/final_challenge/share/colcon-core/packages/final_challenge)
[1.887s] DEBUG:colcon.colcon_core.event_handler.log_command:Invoked command in '/home/eleazar/ros2_ws/src/basic_comms' returned '0': PYTHONPATH=/home/eleazar/ros2_ws/build/basic_comms/prefix_override:/home/eleazar/ros2_ws/install/basic_comms/lib/python3.10/site-packages:${PYTHONPATH} /usr/bin/python3 setup.py egg_info --egg-base ../../build/basic_comms build --build-base /home/eleazar/ros2_ws/build/basic_comms/build install --record /home/eleazar/ros2_ws/build/basic_comms/install.log --single-version-externally-managed
[1.895s] Level 1:colcon.colcon_core.environment:checking '/home/eleazar/ros2_ws/install/basic_comms' for CMake module files
[1.896s] Level 1:colcon.colcon_core.environment:checking '/home/eleazar/ros2_ws/install/basic_comms' for CMake config files
[1.896s] Level 1:colcon.colcon_core.environment:checking '/home/eleazar/ros2_ws/install/basic_comms/lib'
[1.896s] Level 1:colcon.colcon_core.environment:checking '/home/eleazar/ros2_ws/install/basic_comms/bin'
[1.896s] Level 1:colcon.colcon_core.environment:checking '/home/eleazar/ros2_ws/install/basic_comms/lib/pkgconfig/basic_comms.pc'
[1.896s] Level 1:colcon.colcon_core.environment:checking '/home/eleazar/ros2_ws/install/basic_comms/lib/python3.10/site-packages'
[1.896s] Level 1:colcon.colcon_core.shell:create_environment_hook('basic_comms', 'pythonpath')
[1.903s] INFO:colcon.colcon_core.shell:Creating environment hook '/home/eleazar/ros2_ws/install/basic_comms/share/basic_comms/hook/pythonpath.ps1'
[1.903s] INFO:colcon.colcon_core.shell:Creating environment descriptor '/home/eleazar/ros2_ws/install/basic_comms/share/basic_comms/hook/pythonpath.dsv'
[1.903s] INFO:colcon.colcon_core.shell:Creating environment hook '/home/eleazar/ros2_ws/install/basic_comms/share/basic_comms/hook/pythonpath.sh'
[1.903s] Level 1:colcon.colcon_core.environment:checking '/home/eleazar/ros2_ws/install/basic_comms/bin'
[1.903s] Level 1:colcon.colcon_core.environment:create_environment_scripts_only(basic_comms)
[1.910s] INFO:colcon.colcon_core.shell:Creating package script '/home/eleazar/ros2_ws/install/basic_comms/share/basic_comms/package.ps1'
[1.910s] INFO:colcon.colcon_core.shell:Creating package descriptor '/home/eleazar/ros2_ws/install/basic_comms/share/basic_comms/package.dsv'
[1.910s] INFO:colcon.colcon_core.shell:Creating package script '/home/eleazar/ros2_ws/install/basic_comms/share/basic_comms/package.sh'
[1.910s] INFO:colcon.colcon_core.shell:Creating package script '/home/eleazar/ros2_ws/install/basic_comms/share/basic_comms/package.bash'
[1.910s] INFO:colcon.colcon_core.shell:Creating package script '/home/eleazar/ros2_ws/install/basic_comms/share/basic_comms/package.zsh'
[1.911s] Level 1:colcon.colcon_core.environment:create_file_with_runtime_dependencies(/home/eleazar/ros2_ws/install/basic_comms/share/colcon-core/packages/basic_comms)
[1.911s] DEBUG:colcon.colcon_core.event_handler.log_command:Invoked command in '/home/eleazar/ros2_ws/src/courseworks' returned '0': PYTHONPATH=/home/eleazar/ros2_ws/build/courseworks/prefix_override:/home/eleazar/ros2_ws/install/courseworks/lib/python3.10/site-packages:${PYTHONPATH} /usr/bin/python3 setup.py egg_info --egg-base ../../build/courseworks build --build-base /home/eleazar/ros2_ws/build/courseworks/build install --record /home/eleazar/ros2_ws/build/courseworks/install.log --single-version-externally-managed
[1.924s] Level 1:colcon.colcon_core.environment:checking '/home/eleazar/ros2_ws/install/courseworks' for CMake module files
[1.925s] Level 1:colcon.colcon_core.environment:checking '/home/eleazar/ros2_ws/install/courseworks' for CMake config files
[1.925s] Level 1:colcon.colcon_core.environment:checking '/home/eleazar/ros2_ws/install/courseworks/lib'
[1.925s] Level 1:colcon.colcon_core.environment:checking '/home/eleazar/ros2_ws/install/courseworks/bin'
[1.925s] Level 1:colcon.colcon_core.environment:checking '/home/eleazar/ros2_ws/install/courseworks/lib/pkgconfig/courseworks.pc'
[1.925s] Level 1:colcon.colcon_core.environment:checking '/home/eleazar/ros2_ws/install/courseworks/lib/python3.10/site-packages'
[1.925s] Level 1:colcon.colcon_core.shell:create_environment_hook('courseworks', 'pythonpath')
[1.932s] INFO:colcon.colcon_core.shell:Creating environment hook '/home/eleazar/ros2_ws/install/courseworks/share/courseworks/hook/pythonpath.ps1'
[1.932s] INFO:colcon.colcon_core.shell:Creating environment descriptor '/home/eleazar/ros2_ws/install/courseworks/share/courseworks/hook/pythonpath.dsv'
[1.932s] INFO:colcon.colcon_core.shell:Creating environment hook '/home/eleazar/ros2_ws/install/courseworks/share/courseworks/hook/pythonpath.sh'
[1.933s] Level 1:colcon.colcon_core.environment:checking '/home/eleazar/ros2_ws/install/courseworks/bin'
[1.933s] Level 1:colcon.colcon_core.environment:create_environment_scripts_only(courseworks)
[1.939s] INFO:colcon.colcon_core.shell:Creating package script '/home/eleazar/ros2_ws/install/courseworks/share/courseworks/package.ps1'
[1.939s] INFO:colcon.colcon_core.shell:Creating package descriptor '/home/eleazar/ros2_ws/install/courseworks/share/courseworks/package.dsv'
[1.939s] INFO:colcon.colcon_core.shell:Creating package script '/home/eleazar/ros2_ws/install/courseworks/share/courseworks/package.sh'
[1.940s] INFO:colcon.colcon_core.shell:Creating package script '/home/eleazar/ros2_ws/install/courseworks/share/courseworks/package.bash'
[1.940s] INFO:colcon.colcon_core.shell:Creating package script '/home/eleazar/ros2_ws/install/courseworks/share/courseworks/package.zsh'
[1.940s] Level 1:colcon.colcon_core.environment:create_file_with_runtime_dependencies(/home/eleazar/ros2_ws/install/courseworks/share/colcon-core/packages/courseworks)
[1.942s] DEBUG:colcon.colcon_core.event_handler.log_command:Invoked command in '/home/eleazar/ros2_ws/src/basic_comms_params' returned '0': PYTHONPATH=/home/eleazar/ros2_ws/build/basic_comms_params/prefix_override:/home/eleazar/ros2_ws/install/basic_comms_params/lib/python3.10/site-packages:${PYTHONPATH} /usr/bin/python3 setup.py egg_info --egg-base ../../build/basic_comms_params build --build-base /home/eleazar/ros2_ws/build/basic_comms_params/build install --record /home/eleazar/ros2_ws/build/basic_comms_params/install.log --single-version-externally-managed
[1.947s] Level 1:colcon.colcon_core.environment:checking '/home/eleazar/ros2_ws/install/basic_comms_params' for CMake module files
[1.947s] Level 1:colcon.colcon_core.environment:checking '/home/eleazar/ros2_ws/install/basic_comms_params' for CMake config files
[1.947s] Level 1:colcon.colcon_core.environment:checking '/home/eleazar/ros2_ws/install/basic_comms_params/lib'
[1.947s] Level 1:colcon.colcon_core.environment:checking '/home/eleazar/ros2_ws/install/basic_comms_params/bin'
[1.947s] Level 1:colcon.colcon_core.environment:checking '/home/eleazar/ros2_ws/install/basic_comms_params/lib/pkgconfig/basic_comms_params.pc'
[1.948s] Level 1:colcon.colcon_core.environment:checking '/home/eleazar/ros2_ws/install/basic_comms_params/lib/python3.10/site-packages'
[1.948s] Level 1:colcon.colcon_core.shell:create_environment_hook('basic_comms_params', 'pythonpath')
[1.954s] INFO:colcon.colcon_core.shell:Creating environment hook '/home/eleazar/ros2_ws/install/basic_comms_params/share/basic_comms_params/hook/pythonpath.ps1'
[1.954s] INFO:colcon.colcon_core.shell:Creating environment descriptor '/home/eleazar/ros2_ws/install/basic_comms_params/share/basic_comms_params/hook/pythonpath.dsv'
[1.954s] INFO:colcon.colcon_core.shell:Creating environment hook '/home/eleazar/ros2_ws/install/basic_comms_params/share/basic_comms_params/hook/pythonpath.sh'
[1.954s] Level 1:colcon.colcon_core.environment:checking '/home/eleazar/ros2_ws/install/basic_comms_params/bin'
[1.955s] Level 1:colcon.colcon_core.environment:create_environment_scripts_only(basic_comms_params)
[1.961s] INFO:colcon.colcon_core.shell:Creating package script '/home/eleazar/ros2_ws/install/basic_comms_params/share/basic_comms_params/package.ps1'
[1.961s] INFO:colcon.colcon_core.shell:Creating package descriptor '/home/eleazar/ros2_ws/install/basic_comms_params/share/basic_comms_params/package.dsv'
[1.961s] INFO:colcon.colcon_core.shell:Creating package script '/home/eleazar/ros2_ws/install/basic_comms_params/share/basic_comms_params/package.sh'
[1.961s] INFO:colcon.colcon_core.shell:Creating package script '/home/eleazar/ros2_ws/install/basic_comms_params/share/basic_comms_params/package.bash'
[1.961s] INFO:colcon.colcon_core.shell:Creating package script '/home/eleazar/ros2_ws/install/basic_comms_params/share/basic_comms_params/package.zsh'
[1.961s] Level 1:colcon.colcon_core.environment:create_file_with_runtime_dependencies(/home/eleazar/ros2_ws/install/basic_comms_params/share/colcon-core/packages/basic_comms_params)
[2.120s] DEBUG:colcon.colcon_core.event_handler.log_command:Invoking command in '/home/eleazar/ros2_ws/src/sphere_msgs': PYTHONPATH=/home/eleazar/ros2_ws/build/sphere_msgs/prefix_override:/home/eleazar/ros2_ws/install/sphere_msgs/lib/python3.10/site-packages:${PYTHONPATH} /usr/bin/python3 setup.py egg_info --egg-base ../../build/sphere_msgs build --build-base /home/eleazar/ros2_ws/build/sphere_msgs/build install --record /home/eleazar/ros2_ws/build/sphere_msgs/install.log --single-version-externally-managed
[2.261s] DEBUG:colcon.colcon_core.event_handler.log_command:Invoked command in '/home/eleazar/ros2_ws/src/sphere_msgs' returned '0': PYTHONPATH=/home/eleazar/ros2_ws/build/sphere_msgs/prefix_override:/home/eleazar/ros2_ws/install/sphere_msgs/lib/python3.10/site-packages:${PYTHONPATH} /usr/bin/python3 setup.py egg_info --egg-base ../../build/sphere_msgs build --build-base /home/eleazar/ros2_ws/build/sphere_msgs/build install --record /home/eleazar/ros2_ws/build/sphere_msgs/install.log --single-version-externally-managed
[2.268s] Level 1:colcon.colcon_core.environment:checking '/home/eleazar/ros2_ws/install/sphere_msgs' for CMake module files
[2.268s] Level 1:colcon.colcon_core.environment:checking '/home/eleazar/ros2_ws/install/sphere_msgs' for CMake config files
[2.269s] Level 1:colcon.colcon_core.environment:checking '/home/eleazar/ros2_ws/install/sphere_msgs/lib'
[2.269s] Level 1:colcon.colcon_core.environment:checking '/home/eleazar/ros2_ws/install/sphere_msgs/bin'
[2.269s] Level 1:colcon.colcon_core.environment:checking '/home/eleazar/ros2_ws/install/sphere_msgs/lib/pkgconfig/sphere_msgs.pc'
[2.269s] Level 1:colcon.colcon_core.environment:checking '/home/eleazar/ros2_ws/install/sphere_msgs/lib/python3.10/site-packages'
[2.269s] Level 1:colcon.colcon_core.shell:create_environment_hook('sphere_msgs', 'pythonpath')
[2.275s] INFO:colcon.colcon_core.shell:Creating environment hook '/home/eleazar/ros2_ws/install/sphere_msgs/share/sphere_msgs/hook/pythonpath.ps1'
[2.275s] INFO:colcon.colcon_core.shell:Creating environment descriptor '/home/eleazar/ros2_ws/install/sphere_msgs/share/sphere_msgs/hook/pythonpath.dsv'
[2.276s] INFO:colcon.colcon_core.shell:Creating environment hook '/home/eleazar/ros2_ws/install/sphere_msgs/share/sphere_msgs/hook/pythonpath.sh'
[2.276s] Level 1:colcon.colcon_core.environment:checking '/home/eleazar/ros2_ws/install/sphere_msgs/bin'
[2.276s] Level 1:colcon.colcon_core.environment:create_environment_scripts_only(sphere_msgs)
[2.282s] INFO:colcon.colcon_core.shell:Creating package script '/home/eleazar/ros2_ws/install/sphere_msgs/share/sphere_msgs/package.ps1'
[2.282s] INFO:colcon.colcon_core.shell:Creating package descriptor '/home/eleazar/ros2_ws/install/sphere_msgs/share/sphere_msgs/package.dsv'
[2.283s] INFO:colcon.colcon_core.shell:Creating package script '/home/eleazar/ros2_ws/install/sphere_msgs/share/sphere_msgs/package.sh'
[2.283s] INFO:colcon.colcon_core.shell:Creating package script '/home/eleazar/ros2_ws/install/sphere_msgs/share/sphere_msgs/package.bash'
[2.283s] INFO:colcon.colcon_core.shell:Creating package script '/home/eleazar/ros2_ws/install/sphere_msgs/share/sphere_msgs/package.zsh'
[2.283s] Level 1:colcon.colcon_core.environment:create_file_with_runtime_dependencies(/home/eleazar/ros2_ws/install/sphere_msgs/share/colcon-core/packages/sphere_msgs)
[2.283s] DEBUG:colcon.colcon_parallel_executor.executor.parallel:closing loop
[2.283s] DEBUG:colcon.colcon_parallel_executor.executor.parallel:loop closed
[2.284s] DEBUG:colcon.colcon_parallel_executor.executor.parallel:run_until_complete finished with '0'
[2.284s] DEBUG:colcon.colcon_core.event_reactor:joining thread
[2.293s] INFO:colcon.colcon_core.plugin_system:Skipping extension 'colcon_notification.desktop_notification.terminal_notifier': Not used on non-Darwin systems
[2.294s] INFO:colcon.colcon_core.plugin_system:Skipping extension 'colcon_notification.desktop_notification.win32': Not used on non-Windows systems
[2.294s] INFO:colcon.colcon_notification.desktop_notification:Sending desktop notification using 'notify2'
[2.304s] DEBUG:colcon.colcon_core.event_reactor:joined thread
[2.311s] INFO:colcon.colcon_core.shell:Creating prefix script '/home/eleazar/ros2_ws/install/local_setup.ps1'
[2.312s] INFO:colcon.colcon_core.shell:Creating prefix util module '/home/eleazar/ros2_ws/install/_local_setup_util_ps1.py'
[2.312s] INFO:colcon.colcon_core.shell:Creating prefix chain script '/home/eleazar/ros2_ws/install/setup.ps1'
[2.319s] INFO:colcon.colcon_core.shell:Creating prefix script '/home/eleazar/ros2_ws/install/local_setup.sh'
[2.319s] INFO:colcon.colcon_core.shell:Creating prefix util module '/home/eleazar/ros2_ws/install/_local_setup_util_sh.py'
[2.320s] INFO:colcon.colcon_core.shell:Creating prefix chain script '/home/eleazar/ros2_ws/install/setup.sh'
[2.326s] INFO:colcon.colcon_core.shell:Creating prefix script '/home/eleazar/ros2_ws/install/local_setup.bash'
[2.327s] INFO:colcon.colcon_core.shell:Creating prefix chain script '/home/eleazar/ros2_ws/install/setup.bash'
[2.334s] INFO:colcon.colcon_core.shell:Creating prefix script '/home/eleazar/ros2_ws/install/local_setup.zsh'
[2.334s] INFO:colcon.colcon_core.shell:Creating prefix chain script '/home/eleazar/ros2_ws/install/setup.zsh'
