[1.289s] Invoking command in '/home/angel/ros2_ws/src/basic_comms': PYTHONPATH=/home/angel/ros2_ws/build/basic_comms/prefix_override:/home/angel/ros2_ws/install/basic_comms/lib/python3.10/site-packages:${PYTHONPATH} /usr/bin/python3 setup.py egg_info --egg-base ../../build/basic_comms build --build-base /home/angel/ros2_ws/build/basic_comms/build install --record /home/angel/ros2_ws/build/basic_comms/install.log --single-version-externally-managed
[1.554s] running egg_info
[1.554s] writing ../../build/basic_comms/basic_comms.egg-info/PKG-INFO
[1.554s] writing dependency_links to ../../build/basic_comms/basic_comms.egg-info/dependency_links.txt
[1.555s] writing entry points to ../../build/basic_comms/basic_comms.egg-info/entry_points.txt
[1.555s] writing requirements to ../../build/basic_comms/basic_comms.egg-info/requires.txt
[1.555s] writing top-level names to ../../build/basic_comms/basic_comms.egg-info/top_level.txt
[1.557s] reading manifest file '../../build/basic_comms/basic_comms.egg-info/SOURCES.txt'
[1.558s] writing manifest file '../../build/basic_comms/basic_comms.egg-info/SOURCES.txt'
[1.559s] running build
[1.559s] running build_py
[1.559s] copying basic_comms/talker.py -> /home/angel/ros2_ws/build/basic_comms/build/lib/basic_comms
[1.559s] running install
[1.560s] /usr/lib/python3/dist-packages/setuptools/command/install.py:34: SetuptoolsDeprecationWarning: setup.py install is deprecated. Use build and pip and other standards-based tools.
[1.560s]   warnings.warn(
[1.560s] running install_lib
[1.560s] copying /home/angel/ros2_ws/build/basic_comms/build/lib/basic_comms/talker.py -> /home/angel/ros2_ws/install/basic_comms/lib/python3.10/site-packages/basic_comms
[1.561s] byte-compiling /home/angel/ros2_ws/install/basic_comms/lib/python3.10/site-packages/basic_comms/talker.py to talker.cpython-310.pyc
[1.562s] running install_data
[1.563s] copying launch/chit_chat_launch.py -> /home/angel/ros2_ws/install/basic_comms/share/basic_comms/launch
[1.563s] running install_egg_info
[1.565s] removing '/home/angel/ros2_ws/install/basic_comms/lib/python3.10/site-packages/basic_comms-0.0.0-py3.10.egg-info' (and everything under it)
[1.565s] Copying ../../build/basic_comms/basic_comms.egg-info to /home/angel/ros2_ws/install/basic_comms/lib/python3.10/site-packages/basic_comms-0.0.0-py3.10.egg-info
[1.566s] running install_scripts
[1.591s] Installing listener script to /home/angel/ros2_ws/install/basic_comms/lib/basic_comms
[1.591s] Installing talker script to /home/angel/ros2_ws/install/basic_comms/lib/basic_comms
[1.591s] writing list of installed files to '/home/angel/ros2_ws/build/basic_comms/install.log'
[1.626s] Invoked command in '/home/angel/ros2_ws/src/basic_comms' returned '0': PYTHONPATH=/home/angel/ros2_ws/build/basic_comms/prefix_override:/home/angel/ros2_ws/install/basic_comms/lib/python3.10/site-packages:${PYTHONPATH} /usr/bin/python3 setup.py egg_info --egg-base ../../build/basic_comms build --build-base /home/angel/ros2_ws/build/basic_comms/build install --record /home/angel/ros2_ws/build/basic_comms/install.log --single-version-externally-managed
