running egg_info
writing ../../build/basic_comms_params/basic_comms_params.egg-info/PKG-INFO
writing dependency_links to ../../build/basic_comms_params/basic_comms_params.egg-info/dependency_links.txt
writing entry points to ../../build/basic_comms_params/basic_comms_params.egg-info/entry_points.txt
writing requirements to ../../build/basic_comms_params/basic_comms_params.egg-info/requires.txt
writing top-level names to ../../build/basic_comms_params/basic_comms_params.egg-info/top_level.txt
reading manifest file '../../build/basic_comms_params/basic_comms_params.egg-info/SOURCES.txt'
adding license file 'LICENSE'
writing manifest file '../../build/basic_comms_params/basic_comms_params.egg-info/SOURCES.txt'
running build
running build_py
copying basic_comms_params/talker_params.py -> /home/angel/ros2_ws/build/basic_comms_params/build/lib/basic_comms_params
running install
running install_lib
copying /home/angel/ros2_ws/build/basic_comms_params/build/lib/basic_comms_params/talker_params.py -> /home/angel/ros2_ws/install/basic_comms_params/lib/python3.10/site-packages/basic_comms_params
byte-compiling /home/angel/ros2_ws/install/basic_comms_params/lib/python3.10/site-packages/basic_comms_params/talker_params.py to talker_params.cpython-310.pyc
running install_data
copying launch/chit_chat_params_launch.py -> /home/angel/ros2_ws/install/basic_comms_params/share/basic_comms_params/launch
running install_egg_info
removing '/home/angel/ros2_ws/install/basic_comms_params/lib/python3.10/site-packages/basic_comms_params-0.0.0-py3.10.egg-info' (and everything under it)
Copying ../../build/basic_comms_params/basic_comms_params.egg-info to /home/angel/ros2_ws/install/basic_comms_params/lib/python3.10/site-packages/basic_comms_params-0.0.0-py3.10.egg-info
running install_scripts
Installing talker_params script to /home/angel/ros2_ws/install/basic_comms_params/lib/basic_comms_params
writing list of installed files to '/home/angel/ros2_ws/build/basic_comms_params/install.log'
