[1.125s] Invoking command in '/home/angel/ros2_ws/src/basic_comms_params': PYTHONPATH=/home/angel/ros2_ws/build/basic_comms_params/prefix_override:/home/angel/ros2_ws/install/basic_comms_params/lib/python3.10/site-packages:${PYTHONPATH} /usr/bin/python3 setup.py egg_info --egg-base ../../build/basic_comms_params build --build-base /home/angel/ros2_ws/build/basic_comms_params/build install --record /home/angel/ros2_ws/build/basic_comms_params/install.log --single-version-externally-managed
[1.309s] running egg_info
[1.309s] writing ../../build/basic_comms_params/basic_comms_params.egg-info/PKG-INFO
[1.310s] writing dependency_links to ../../build/basic_comms_params/basic_comms_params.egg-info/dependency_links.txt
[1.311s] writing entry points to ../../build/basic_comms_params/basic_comms_params.egg-info/entry_points.txt
[1.311s] writing requirements to ../../build/basic_comms_params/basic_comms_params.egg-info/requires.txt
[1.311s] writing top-level names to ../../build/basic_comms_params/basic_comms_params.egg-info/top_level.txt
[1.313s] reading manifest file '../../build/basic_comms_params/basic_comms_params.egg-info/SOURCES.txt'
[1.315s] adding license file 'LICENSE'
[1.315s] writing manifest file '../../build/basic_comms_params/basic_comms_params.egg-info/SOURCES.txt'
[1.315s] running build
[1.315s] running build_py
[1.315s] copying basic_comms_params/talker_params.py -> /home/angel/ros2_ws/build/basic_comms_params/build/lib/basic_comms_params
[1.321s] running install
[1.321s] /usr/lib/python3/dist-packages/setuptools/command/install.py:34: SetuptoolsDeprecationWarning: setup.py install is deprecated. Use build and pip and other standards-based tools.
[1.321s]   warnings.warn(
[1.322s] running install_lib
[1.323s] copying /home/angel/ros2_ws/build/basic_comms_params/build/lib/basic_comms_params/talker_params.py -> /home/angel/ros2_ws/install/basic_comms_params/lib/python3.10/site-packages/basic_comms_params
[1.324s] byte-compiling /home/angel/ros2_ws/install/basic_comms_params/lib/python3.10/site-packages/basic_comms_params/talker_params.py to talker_params.cpython-310.pyc
[1.324s] running install_data
[1.325s] copying launch/chit_chat_params_launch.py -> /home/angel/ros2_ws/install/basic_comms_params/share/basic_comms_params/launch
[1.325s] running install_egg_info
[1.326s] removing '/home/angel/ros2_ws/install/basic_comms_params/lib/python3.10/site-packages/basic_comms_params-0.0.0-py3.10.egg-info' (and everything under it)
[1.327s] Copying ../../build/basic_comms_params/basic_comms_params.egg-info to /home/angel/ros2_ws/install/basic_comms_params/lib/python3.10/site-packages/basic_comms_params-0.0.0-py3.10.egg-info
[1.328s] running install_scripts
[1.345s] Installing talker_params script to /home/angel/ros2_ws/install/basic_comms_params/lib/basic_comms_params
[1.345s] writing list of installed files to '/home/angel/ros2_ws/build/basic_comms_params/install.log'
[1.379s] Invoked command in '/home/angel/ros2_ws/src/basic_comms_params' returned '0': PYTHONPATH=/home/angel/ros2_ws/build/basic_comms_params/prefix_override:/home/angel/ros2_ws/install/basic_comms_params/lib/python3.10/site-packages:${PYTHONPATH} /usr/bin/python3 setup.py egg_info --egg-base ../../build/basic_comms_params build --build-base /home/angel/ros2_ws/build/basic_comms_params/build install --record /home/angel/ros2_ws/build/basic_comms_params/install.log --single-version-externally-managed
