[1.298s] Invoking command in '/home/angel/ros2_ws/src/basic_comms': PYTHONPATH=/home/angel/ros2_ws/src/build/basic_comms/prefix_override:/home/angel/ros2_ws/src/install/basic_comms/lib/python3.10/site-packages:${PYTHONPATH} /usr/bin/python3 setup.py egg_info --egg-base ../build/basic_comms build --build-base /home/angel/ros2_ws/src/build/basic_comms/build install --record /home/angel/ros2_ws/src/build/basic_comms/install.log --single-version-externally-managed
[1.585s] running egg_info
[1.585s] creating ../build/basic_comms/basic_comms.egg-info
[1.586s] writing ../build/basic_comms/basic_comms.egg-info/PKG-INFO
[1.586s] writing dependency_links to ../build/basic_comms/basic_comms.egg-info/dependency_links.txt
[1.586s] writing entry points to ../build/basic_comms/basic_comms.egg-info/entry_points.txt
[1.586s] writing requirements to ../build/basic_comms/basic_comms.egg-info/requires.txt
[1.587s] writing top-level names to ../build/basic_comms/basic_comms.egg-info/top_level.txt
[1.587s] writing manifest file '../build/basic_comms/basic_comms.egg-info/SOURCES.txt'
[1.589s] reading manifest file '../build/basic_comms/basic_comms.egg-info/SOURCES.txt'
[1.590s] writing manifest file '../build/basic_comms/basic_comms.egg-info/SOURCES.txt'
[1.590s] running build
[1.590s] running build_py
[1.590s] creating /home/angel/ros2_ws/src/build/basic_comms/build
[1.590s] creating /home/angel/ros2_ws/src/build/basic_comms/build/lib
[1.591s] creating /home/angel/ros2_ws/src/build/basic_comms/build/lib/basic_comms
[1.591s] copying basic_comms/listener.py -> /home/angel/ros2_ws/src/build/basic_comms/build/lib/basic_comms
[1.591s] copying basic_comms/talker.py -> /home/angel/ros2_ws/src/build/basic_comms/build/lib/basic_comms
[1.591s] copying basic_comms/__init__.py -> /home/angel/ros2_ws/src/build/basic_comms/build/lib/basic_comms
[1.591s] running install
[1.592s] /usr/lib/python3/dist-packages/setuptools/command/install.py:34: SetuptoolsDeprecationWarning: setup.py install is deprecated. Use build and pip and other standards-based tools.
[1.592s]   warnings.warn(
[1.592s] running install_lib
[1.593s] creating /home/angel/ros2_ws/src/install/basic_comms/lib/python3.10/site-packages/basic_comms
[1.593s] copying /home/angel/ros2_ws/src/build/basic_comms/build/lib/basic_comms/listener.py -> /home/angel/ros2_ws/src/install/basic_comms/lib/python3.10/site-packages/basic_comms
[1.593s] copying /home/angel/ros2_ws/src/build/basic_comms/build/lib/basic_comms/talker.py -> /home/angel/ros2_ws/src/install/basic_comms/lib/python3.10/site-packages/basic_comms
[1.593s] copying /home/angel/ros2_ws/src/build/basic_comms/build/lib/basic_comms/__init__.py -> /home/angel/ros2_ws/src/install/basic_comms/lib/python3.10/site-packages/basic_comms
[1.594s] byte-compiling /home/angel/ros2_ws/src/install/basic_comms/lib/python3.10/site-packages/basic_comms/listener.py to listener.cpython-310.pyc
[1.594s] byte-compiling /home/angel/ros2_ws/src/install/basic_comms/lib/python3.10/site-packages/basic_comms/talker.py to talker.cpython-310.pyc
[1.595s] byte-compiling /home/angel/ros2_ws/src/install/basic_comms/lib/python3.10/site-packages/basic_comms/__init__.py to __init__.cpython-310.pyc
[1.595s] running install_data
[1.595s] creating /home/angel/ros2_ws/src/install/basic_comms/share/ament_index
[1.596s] creating /home/angel/ros2_ws/src/install/basic_comms/share/ament_index/resource_index
[1.596s] creating /home/angel/ros2_ws/src/install/basic_comms/share/ament_index/resource_index/packages
[1.596s] copying resource/basic_comms -> /home/angel/ros2_ws/src/install/basic_comms/share/ament_index/resource_index/packages
[1.596s] copying package.xml -> /home/angel/ros2_ws/src/install/basic_comms/share/basic_comms
[1.596s] creating /home/angel/ros2_ws/src/install/basic_comms/share/basic_comms/launch
[1.596s] copying launch/chit_chat_group_launch.py -> /home/angel/ros2_ws/src/install/basic_comms/share/basic_comms/launch
[1.596s] copying launch/chit_chat_launch.py -> /home/angel/ros2_ws/src/install/basic_comms/share/basic_comms/launch
[1.597s] running install_egg_info
[1.599s] Copying ../build/basic_comms/basic_comms.egg-info to /home/angel/ros2_ws/src/install/basic_comms/lib/python3.10/site-packages/basic_comms-0.0.0-py3.10.egg-info
[1.601s] running install_scripts
[1.629s] Installing listener script to /home/angel/ros2_ws/src/install/basic_comms/lib/basic_comms
[1.629s] Installing talker script to /home/angel/ros2_ws/src/install/basic_comms/lib/basic_comms
[1.629s] writing list of installed files to '/home/angel/ros2_ws/src/build/basic_comms/install.log'
[1.731s] Invoked command in '/home/angel/ros2_ws/src/basic_comms' returned '0': PYTHONPATH=/home/angel/ros2_ws/src/build/basic_comms/prefix_override:/home/angel/ros2_ws/src/install/basic_comms/lib/python3.10/site-packages:${PYTHONPATH} /usr/bin/python3 setup.py egg_info --egg-base ../build/basic_comms build --build-base /home/angel/ros2_ws/src/build/basic_comms/build install --record /home/angel/ros2_ws/src/build/basic_comms/install.log --single-version-externally-managed
