[0.756s] DEBUG:colcon:Command line arguments: ['/usr/bin/colcon', 'build']
[0.756s] DEBUG:colcon:Parsed command line arguments: Namespace(log_base=None, log_level=None, verb_name='build', build_base='build', install_base='install', merge_install=False, symlink_install=False, test_result_base=None, continue_on_error=False, executor='parallel', parallel_workers=12, event_handlers=None, ignore_user_meta=False, metas=['./colcon.meta'], base_paths=['.'], packages_ignore=None, packages_ignore_regex=None, paths=None, packages_up_to=None, packages_up_to_regex=None, packages_above=None, packages_above_and_dependencies=None, packages_above_depth=None, packages_select_by_dep=None, packages_skip_by_dep=None, packages_skip_up_to=None, packages_select_build_failed=False, packages_skip_build_finished=False, packages_select_test_failures=False, packages_skip_test_passed=False, packages_select=None, packages_skip=None, packages_select_regex=None, packages_skip_regex=None, packages_start=None, packages_end=None, allow_overriding=[], cmake_args=None, cmake_target=None, cmake_target_skip_unavailable=False, cmake_clean_cache=False, cmake_clean_first=False, cmake_force_configure=False, ament_cmake_args=None, catkin_cmake_args=None, catkin_skip_building_tests=False, verb_parser=<colcon_defaults.argument_parser.defaults.DefaultArgumentsDecorator object at 0x7f766fffb070>, verb_extension=<colcon_core.verb.build.BuildVerb object at 0x7f766fffa7d0>, main=<bound method BuildVerb.main of <colcon_core.verb.build.BuildVerb object at 0x7f766fffa7d0>>)
[0.792s] Level 1:colcon.colcon_core.package_discovery:discover_packages(colcon_meta) check parameters
[0.792s] Level 1:colcon.colcon_core.package_discovery:discover_packages(recursive) check parameters
[0.792s] Level 1:colcon.colcon_core.package_discovery:discover_packages(ignore) check parameters
[0.792s] Level 1:colcon.colcon_core.package_discovery:discover_packages(path) check parameters
[0.792s] Level 1:colcon.colcon_core.package_discovery:discover_packages(colcon_meta) discover
[0.792s] Level 1:colcon.colcon_core.package_discovery:discover_packages(recursive) discover
[0.792s] INFO:colcon.colcon_core.package_discovery:Crawling recursively for packages in '/home/angel/ros2_ws'
[0.792s] Level 1:colcon.colcon_core.package_identification:_identify(.) by extensions ['ignore', 'ignore_ament_install']
[0.793s] Level 1:colcon.colcon_core.package_identification:_identify(.) by extension 'ignore'
[0.793s] Level 1:colcon.colcon_core.package_identification:_identify(.) by extension 'ignore_ament_install'
[0.793s] Level 1:colcon.colcon_core.package_identification:_identify(.) by extensions ['colcon_pkg']
[0.793s] Level 1:colcon.colcon_core.package_identification:_identify(.) by extension 'colcon_pkg'
[0.793s] Level 1:colcon.colcon_core.package_identification:_identify(.) by extensions ['colcon_meta']
[0.793s] Level 1:colcon.colcon_core.package_identification:_identify(.) by extension 'colcon_meta'
[0.793s] Level 1:colcon.colcon_core.package_identification:_identify(.) by extensions ['ros']
[0.793s] Level 1:colcon.colcon_core.package_identification:_identify(.) by extension 'ros'
[0.802s] Level 1:colcon.colcon_core.package_identification:_identify(.) by extensions ['cmake', 'python']
[0.802s] Level 1:colcon.colcon_core.package_identification:_identify(.) by extension 'cmake'
[0.802s] Level 1:colcon.colcon_core.package_identification:_identify(.) by extension 'python'
[0.802s] Level 1:colcon.colcon_core.package_identification:_identify(.) by extensions ['python_setup_py']
[0.802s] Level 1:colcon.colcon_core.package_identification:_identify(.) by extension 'python_setup_py'
[0.803s] Level 1:colcon.colcon_core.package_identification:_identify(build) by extensions ['ignore', 'ignore_ament_install']
[0.803s] Level 1:colcon.colcon_core.package_identification:_identify(build) by extension 'ignore'
[0.803s] Level 1:colcon.colcon_core.package_identification:_identify(build) ignored
[0.803s] Level 1:colcon.colcon_core.package_identification:_identify(install) by extensions ['ignore', 'ignore_ament_install']
[0.803s] Level 1:colcon.colcon_core.package_identification:_identify(install) by extension 'ignore'
[0.803s] Level 1:colcon.colcon_core.package_identification:_identify(install) ignored
[0.803s] Level 1:colcon.colcon_core.package_identification:_identify(log) by extensions ['ignore', 'ignore_ament_install']
[0.803s] Level 1:colcon.colcon_core.package_identification:_identify(log) by extension 'ignore'
[0.803s] Level 1:colcon.colcon_core.package_identification:_identify(log) ignored
[0.803s] Level 1:colcon.colcon_core.package_identification:_identify(src) by extensions ['ignore', 'ignore_ament_install']
[0.803s] Level 1:colcon.colcon_core.package_identification:_identify(src) by extension 'ignore'
[0.803s] Level 1:colcon.colcon_core.package_identification:_identify(src) by extension 'ignore_ament_install'
[0.803s] Level 1:colcon.colcon_core.package_identification:_identify(src) by extensions ['colcon_pkg']
[0.803s] Level 1:colcon.colcon_core.package_identification:_identify(src) by extension 'colcon_pkg'
[0.803s] Level 1:colcon.colcon_core.package_identification:_identify(src) by extensions ['colcon_meta']
[0.803s] Level 1:colcon.colcon_core.package_identification:_identify(src) by extension 'colcon_meta'
[0.803s] Level 1:colcon.colcon_core.package_identification:_identify(src) by extensions ['ros']
[0.803s] Level 1:colcon.colcon_core.package_identification:_identify(src) by extension 'ros'
[0.803s] Level 1:colcon.colcon_core.package_identification:_identify(src) by extensions ['cmake', 'python']
[0.804s] Level 1:colcon.colcon_core.package_identification:_identify(src) by extension 'cmake'
[0.804s] Level 1:colcon.colcon_core.package_identification:_identify(src) by extension 'python'
[0.804s] Level 1:colcon.colcon_core.package_identification:_identify(src) by extensions ['python_setup_py']
[0.804s] Level 1:colcon.colcon_core.package_identification:_identify(src) by extension 'python_setup_py'
[0.804s] Level 1:colcon.colcon_core.package_identification:_identify(src/basic_comms) by extensions ['ignore', 'ignore_ament_install']
[0.804s] Level 1:colcon.colcon_core.package_identification:_identify(src/basic_comms) by extension 'ignore'
[0.804s] Level 1:colcon.colcon_core.package_identification:_identify(src/basic_comms) by extension 'ignore_ament_install'
[0.804s] Level 1:colcon.colcon_core.package_identification:_identify(src/basic_comms) by extensions ['colcon_pkg']
[0.804s] Level 1:colcon.colcon_core.package_identification:_identify(src/basic_comms) by extension 'colcon_pkg'
[0.804s] Level 1:colcon.colcon_core.package_identification:_identify(src/basic_comms) by extensions ['colcon_meta']
[0.804s] Level 1:colcon.colcon_core.package_identification:_identify(src/basic_comms) by extension 'colcon_meta'
[0.804s] Level 1:colcon.colcon_core.package_identification:_identify(src/basic_comms) by extensions ['ros']
[0.804s] Level 1:colcon.colcon_core.package_identification:_identify(src/basic_comms) by extension 'ros'
[0.806s] DEBUG:colcon.colcon_core.package_identification:Package 'src/basic_comms' with type 'ros.ament_python' and name 'basic_comms'
[0.806s] Level 1:colcon.colcon_core.package_discovery:discover_packages(recursive) using defaults
[0.806s] Level 1:colcon.colcon_core.package_discovery:discover_packages(ignore) discover
[0.806s] Level 1:colcon.colcon_core.package_discovery:discover_packages(ignore) using defaults
[0.806s] Level 1:colcon.colcon_core.package_discovery:discover_packages(path) discover
[0.806s] Level 1:colcon.colcon_core.package_discovery:discover_packages(path) using defaults
[0.875s] Level 1:colcon.colcon_core.package_discovery:discover_packages(prefix_path) check parameters
[0.875s] Level 1:colcon.colcon_core.package_discovery:discover_packages(prefix_path) discover
[0.898s] DEBUG:colcon.colcon_installed_package_information.package_discovery:Found 1 installed packages in /home/angel/ros2_ws/install
[0.909s] DEBUG:colcon.colcon_installed_package_information.package_discovery:Found 270 installed packages in /opt/ros/humble
[0.911s] Level 1:colcon.colcon_core.package_discovery:discover_packages(prefix_path) using defaults
[0.980s] Level 5:colcon.colcon_core.verb:set package 'basic_comms' build argument 'cmake_args' from command line to 'None'
[0.980s] Level 5:colcon.colcon_core.verb:set package 'basic_comms' build argument 'cmake_target' from command line to 'None'
[0.980s] Level 5:colcon.colcon_core.verb:set package 'basic_comms' build argument 'cmake_target_skip_unavailable' from command line to 'False'
[0.980s] Level 5:colcon.colcon_core.verb:set package 'basic_comms' build argument 'cmake_clean_cache' from command line to 'False'
[0.980s] Level 5:colcon.colcon_core.verb:set package 'basic_comms' build argument 'cmake_clean_first' from command line to 'False'
[0.980s] Level 5:colcon.colcon_core.verb:set package 'basic_comms' build argument 'cmake_force_configure' from command line to 'False'
[0.980s] Level 5:colcon.colcon_core.verb:set package 'basic_comms' build argument 'ament_cmake_args' from command line to 'None'
[0.980s] Level 5:colcon.colcon_core.verb:set package 'basic_comms' build argument 'catkin_cmake_args' from command line to 'None'
[0.980s] Level 5:colcon.colcon_core.verb:set package 'basic_comms' build argument 'catkin_skip_building_tests' from command line to 'False'
[0.980s] DEBUG:colcon.colcon_core.verb:Building package 'basic_comms' with the following arguments: {'ament_cmake_args': None, 'build_base': '/home/angel/ros2_ws/build/basic_comms', 'catkin_cmake_args': None, 'catkin_skip_building_tests': False, 'cmake_args': None, 'cmake_clean_cache': False, 'cmake_clean_first': False, 'cmake_force_configure': False, 'cmake_target': None, 'cmake_target_skip_unavailable': False, 'install_base': '/home/angel/ros2_ws/install/basic_comms', 'merge_install': False, 'path': '/home/angel/ros2_ws/src/basic_comms', 'symlink_install': False, 'test_result_base': None}
[0.991s] INFO:colcon.colcon_core.executor:Executing jobs using 'parallel' executor
[1.002s] DEBUG:colcon.colcon_parallel_executor.executor.parallel:run_until_complete
[1.002s] INFO:colcon.colcon_ros.task.ament_python.build:Building ROS package in '/home/angel/ros2_ws/src/basic_comms' with build type 'ament_python'
[1.002s] Level 1:colcon.colcon_core.shell:create_environment_hook('basic_comms', 'ament_prefix_path')
[1.015s] INFO:colcon.colcon_core.plugin_system:Skipping extension 'colcon_core.shell.bat': Not used on non-Windows systems
[1.015s] INFO:colcon.colcon_core.shell:Creating environment hook '/home/angel/ros2_ws/install/basic_comms/share/basic_comms/hook/ament_prefix_path.ps1'
[1.016s] INFO:colcon.colcon_core.shell:Creating environment descriptor '/home/angel/ros2_ws/install/basic_comms/share/basic_comms/hook/ament_prefix_path.dsv'
[1.016s] INFO:colcon.colcon_core.shell:Creating environment hook '/home/angel/ros2_ws/install/basic_comms/share/basic_comms/hook/ament_prefix_path.sh'
[1.027s] INFO:colcon.colcon_core.shell:Skip shell extension 'powershell' for command environment: Not usable outside of PowerShell
[1.028s] DEBUG:colcon.colcon_core.shell:Skip shell extension 'dsv' for command environment
[1.270s] INFO:colcon.colcon_core.task.python.build:Building Python package in '/home/angel/ros2_ws/src/basic_comms'
[1.281s] INFO:colcon.colcon_core.shell:Skip shell extension 'powershell' for command environment: Not usable outside of PowerShell
[1.281s] DEBUG:colcon.colcon_core.shell:Skip shell extension 'dsv' for command environment
[1.581s] DEBUG:colcon.colcon_core.event_handler.log_command:Invoking command in '/home/angel/ros2_ws/src/basic_comms': PYTHONPATH=/home/angel/ros2_ws/build/basic_comms/prefix_override:/home/angel/ros2_ws/install/basic_comms/lib/python3.10/site-packages:${PYTHONPATH} /usr/bin/python3 setup.py egg_info --egg-base ../../build/basic_comms build --build-base /home/angel/ros2_ws/build/basic_comms/build install --record /home/angel/ros2_ws/build/basic_comms/install.log --single-version-externally-managed
[1.817s] DEBUG:colcon.colcon_core.event_handler.log_command:Invoked command in '/home/angel/ros2_ws/src/basic_comms' returned '0': PYTHONPATH=/home/angel/ros2_ws/build/basic_comms/prefix_override:/home/angel/ros2_ws/install/basic_comms/lib/python3.10/site-packages:${PYTHONPATH} /usr/bin/python3 setup.py egg_info --egg-base ../../build/basic_comms build --build-base /home/angel/ros2_ws/build/basic_comms/build install --record /home/angel/ros2_ws/build/basic_comms/install.log --single-version-externally-managed
[1.830s] Level 1:colcon.colcon_core.environment:checking '/home/angel/ros2_ws/install/basic_comms' for CMake module files
[1.830s] Level 1:colcon.colcon_core.environment:checking '/home/angel/ros2_ws/install/basic_comms' for CMake config files
[1.831s] Level 1:colcon.colcon_core.environment:checking '/home/angel/ros2_ws/install/basic_comms/lib'
[1.831s] Level 1:colcon.colcon_core.environment:checking '/home/angel/ros2_ws/install/basic_comms/bin'
[1.831s] Level 1:colcon.colcon_core.environment:checking '/home/angel/ros2_ws/install/basic_comms/lib/pkgconfig/basic_comms.pc'
[1.831s] Level 1:colcon.colcon_core.environment:checking '/home/angel/ros2_ws/install/basic_comms/lib/python3.10/site-packages'
[1.831s] Level 1:colcon.colcon_core.shell:create_environment_hook('basic_comms', 'pythonpath')
[1.842s] INFO:colcon.colcon_core.shell:Creating environment hook '/home/angel/ros2_ws/install/basic_comms/share/basic_comms/hook/pythonpath.ps1'
[1.843s] INFO:colcon.colcon_core.shell:Creating environment descriptor '/home/angel/ros2_ws/install/basic_comms/share/basic_comms/hook/pythonpath.dsv'
[1.843s] INFO:colcon.colcon_core.shell:Creating environment hook '/home/angel/ros2_ws/install/basic_comms/share/basic_comms/hook/pythonpath.sh'
[1.843s] Level 1:colcon.colcon_core.environment:checking '/home/angel/ros2_ws/install/basic_comms/bin'
[1.843s] Level 1:colcon.colcon_core.environment:create_environment_scripts_only(basic_comms)
[1.854s] INFO:colcon.colcon_core.shell:Creating package script '/home/angel/ros2_ws/install/basic_comms/share/basic_comms/package.ps1'
[1.855s] INFO:colcon.colcon_core.shell:Creating package descriptor '/home/angel/ros2_ws/install/basic_comms/share/basic_comms/package.dsv'
[1.855s] INFO:colcon.colcon_core.shell:Creating package script '/home/angel/ros2_ws/install/basic_comms/share/basic_comms/package.sh'
[1.856s] INFO:colcon.colcon_core.shell:Creating package script '/home/angel/ros2_ws/install/basic_comms/share/basic_comms/package.bash'
[1.856s] INFO:colcon.colcon_core.shell:Creating package script '/home/angel/ros2_ws/install/basic_comms/share/basic_comms/package.zsh'
[1.857s] Level 1:colcon.colcon_core.environment:create_file_with_runtime_dependencies(/home/angel/ros2_ws/install/basic_comms/share/colcon-core/packages/basic_comms)
[1.857s] DEBUG:colcon.colcon_parallel_executor.executor.parallel:closing loop
[1.857s] DEBUG:colcon.colcon_parallel_executor.executor.parallel:loop closed
[1.857s] DEBUG:colcon.colcon_parallel_executor.executor.parallel:run_until_complete finished with '0'
[1.857s] DEBUG:colcon.colcon_core.event_reactor:joining thread
[1.873s] INFO:colcon.colcon_core.plugin_system:Skipping extension 'colcon_notification.desktop_notification.terminal_notifier': Not used on non-Darwin systems
[1.873s] INFO:colcon.colcon_core.plugin_system:Skipping extension 'colcon_notification.desktop_notification.win32': Not used on non-Windows systems
[1.873s] INFO:colcon.colcon_notification.desktop_notification:Sending desktop notification using 'notify2'
[1.884s] DEBUG:colcon.colcon_core.event_reactor:joined thread
[1.897s] INFO:colcon.colcon_core.shell:Creating prefix script '/home/angel/ros2_ws/install/local_setup.ps1'
[1.897s] INFO:colcon.colcon_core.shell:Creating prefix util module '/home/angel/ros2_ws/install/_local_setup_util_ps1.py'
[1.898s] INFO:colcon.colcon_core.shell:Creating prefix chain script '/home/angel/ros2_ws/install/setup.ps1'
[1.910s] INFO:colcon.colcon_core.shell:Creating prefix script '/home/angel/ros2_ws/install/local_setup.sh'
[1.911s] INFO:colcon.colcon_core.shell:Creating prefix util module '/home/angel/ros2_ws/install/_local_setup_util_sh.py'
[1.911s] INFO:colcon.colcon_core.shell:Creating prefix chain script '/home/angel/ros2_ws/install/setup.sh'
[1.923s] INFO:colcon.colcon_core.shell:Creating prefix script '/home/angel/ros2_ws/install/local_setup.bash'
[1.923s] INFO:colcon.colcon_core.shell:Creating prefix chain script '/home/angel/ros2_ws/install/setup.bash'
[1.935s] INFO:colcon.colcon_core.shell:Creating prefix script '/home/angel/ros2_ws/install/local_setup.zsh'
[1.935s] INFO:colcon.colcon_core.shell:Creating prefix chain script '/home/angel/ros2_ws/install/setup.zsh'
