[0.735s] Invoking command in '/home/eleazar/ros2_ws/src/basic_comms': PYTHONPATH=/home/eleazar/ros2_ws/build/basic_comms/prefix_override:/home/eleazar/ros2_ws/install/basic_comms/lib/python3.10/site-packages:${PYTHONPATH} /usr/bin/python3 setup.py egg_info --egg-base ../../build/basic_comms build --build-base /home/eleazar/ros2_ws/build/basic_comms/build install --record /home/eleazar/ros2_ws/build/basic_comms/install.log --single-version-externally-managed
[0.859s] running egg_info
[0.860s] writing ../../build/basic_comms/basic_comms.egg-info/PKG-INFO
[0.862s] writing dependency_links to ../../build/basic_comms/basic_comms.egg-info/dependency_links.txt
[0.862s] writing entry points to ../../build/basic_comms/basic_comms.egg-info/entry_points.txt
[0.862s] writing requirements to ../../build/basic_comms/basic_comms.egg-info/requires.txt
[0.862s] writing top-level names to ../../build/basic_comms/basic_comms.egg-info/top_level.txt
[0.863s] reading manifest file '../../build/basic_comms/basic_comms.egg-info/SOURCES.txt'
[0.864s] writing manifest file '../../build/basic_comms/basic_comms.egg-info/SOURCES.txt'
[0.864s] running build
[0.864s] running build_py
[0.864s] running install
[0.864s] /usr/lib/python3/dist-packages/setuptools/command/install.py:34: SetuptoolsDeprecationWarning: setup.py install is deprecated. Use build and pip and other standards-based tools.
[0.864s]   warnings.warn(
[0.864s] running install_lib
[0.865s] running install_data
[0.865s] running install_egg_info
[0.866s] removing '/home/eleazar/ros2_ws/install/basic_comms/lib/python3.10/site-packages/basic_comms-0.0.0-py3.10.egg-info' (and everything under it)
[0.866s] Copying ../../build/basic_comms/basic_comms.egg-info to /home/eleazar/ros2_ws/install/basic_comms/lib/python3.10/site-packages/basic_comms-0.0.0-py3.10.egg-info
[0.867s] running install_scripts
[0.879s] Installing listener script to /home/eleazar/ros2_ws/install/basic_comms/lib/basic_comms
[0.880s] Installing talker script to /home/eleazar/ros2_ws/install/basic_comms/lib/basic_comms
[0.880s] writing list of installed files to '/home/eleazar/ros2_ws/build/basic_comms/install.log'
[0.943s] Invoked command in '/home/eleazar/ros2_ws/src/basic_comms' returned '0': PYTHONPATH=/home/eleazar/ros2_ws/build/basic_comms/prefix_override:/home/eleazar/ros2_ws/install/basic_comms/lib/python3.10/site-packages:${PYTHONPATH} /usr/bin/python3 setup.py egg_info --egg-base ../../build/basic_comms build --build-base /home/eleazar/ros2_ws/build/basic_comms/build install --record /home/eleazar/ros2_ws/build/basic_comms/install.log --single-version-externally-managed
