[0.750s] Invoking command in '/home/eleazar/ros2_ws/src/basic_comms_params': PYTHONPATH=/home/eleazar/ros2_ws/build/basic_comms_params/prefix_override:/home/eleazar/ros2_ws/install/basic_comms_params/lib/python3.10/site-packages:${PYTHONPATH} /usr/bin/python3 setup.py egg_info --egg-base ../../build/basic_comms_params build --build-base /home/eleazar/ros2_ws/build/basic_comms_params/build install --record /home/eleazar/ros2_ws/build/basic_comms_params/install.log --single-version-externally-managed
[0.872s] running egg_info
[0.873s] writing ../../build/basic_comms_params/basic_comms_params.egg-info/PKG-INFO
[0.873s] writing dependency_links to ../../build/basic_comms_params/basic_comms_params.egg-info/dependency_links.txt
[0.873s] writing entry points to ../../build/basic_comms_params/basic_comms_params.egg-info/entry_points.txt
[0.873s] writing requirements to ../../build/basic_comms_params/basic_comms_params.egg-info/requires.txt
[0.873s] writing top-level names to ../../build/basic_comms_params/basic_comms_params.egg-info/top_level.txt
[0.874s] reading manifest file '../../build/basic_comms_params/basic_comms_params.egg-info/SOURCES.txt'
[0.874s] adding license file 'LICENSE'
[0.875s] writing manifest file '../../build/basic_comms_params/basic_comms_params.egg-info/SOURCES.txt'
[0.875s] running build
[0.875s] running build_py
[0.875s] running install
[0.875s] /usr/lib/python3/dist-packages/setuptools/command/install.py:34: SetuptoolsDeprecationWarning: setup.py install is deprecated. Use build and pip and other standards-based tools.
[0.875s]   warnings.warn(
[0.876s] running install_lib
[0.876s] running install_data
[0.877s] running install_egg_info
[0.878s] removing '/home/eleazar/ros2_ws/install/basic_comms_params/lib/python3.10/site-packages/basic_comms_params-0.0.0-py3.10.egg-info' (and everything under it)
[0.878s] Copying ../../build/basic_comms_params/basic_comms_params.egg-info to /home/eleazar/ros2_ws/install/basic_comms_params/lib/python3.10/site-packages/basic_comms_params-0.0.0-py3.10.egg-info
[0.878s] running install_scripts
[0.892s] Installing talker_params script to /home/eleazar/ros2_ws/install/basic_comms_params/lib/basic_comms_params
[0.893s] writing list of installed files to '/home/eleazar/ros2_ws/build/basic_comms_params/install.log'
[0.944s] Invoked command in '/home/eleazar/ros2_ws/src/basic_comms_params' returned '0': PYTHONPATH=/home/eleazar/ros2_ws/build/basic_comms_params/prefix_override:/home/eleazar/ros2_ws/install/basic_comms_params/lib/python3.10/site-packages:${PYTHONPATH} /usr/bin/python3 setup.py egg_info --egg-base ../../build/basic_comms_params build --build-base /home/eleazar/ros2_ws/build/basic_comms_params/build install --record /home/eleazar/ros2_ws/build/basic_comms_params/install.log --single-version-externally-managed
