[0.485s] Invoking command in '/home/eleazar/ros2_ws/src/sphere_msgs': AMENT_PREFIX_PATH=/home/eleazar/ros2_ws/install/msgs_clase:${AMENT_PREFIX_PATH} CMAKE_PREFIX_PATH=/home/eleazar/ros2_ws/install/msgs_clase:${CMAKE_PREFIX_PATH} LD_LIBRARY_PATH=/home/eleazar/ros2_ws/install/msgs_clase/lib:${LD_LIBRARY_PATH} PYTHONPATH=/home/eleazar/ros2_ws/build/sphere_msgs/prefix_override:/home/eleazar/ros2_ws/install/sphere_msgs/lib/python3.10/site-packages:/home/eleazar/ros2_ws/install/msgs_clase/local/lib/python3.10/dist-packages:${PYTHONPATH} /usr/bin/python3 setup.py egg_info --egg-base ../../build/sphere_msgs build --build-base /home/eleazar/ros2_ws/build/sphere_msgs/build install --record /home/eleazar/ros2_ws/build/sphere_msgs/install.log --single-version-externally-managed
[0.602s] running egg_info
[0.602s] writing ../../build/sphere_msgs/sphere_msgs.egg-info/PKG-INFO
[0.603s] writing dependency_links to ../../build/sphere_msgs/sphere_msgs.egg-info/dependency_links.txt
[0.603s] writing entry points to ../../build/sphere_msgs/sphere_msgs.egg-info/entry_points.txt
[0.603s] writing requirements to ../../build/sphere_msgs/sphere_msgs.egg-info/requires.txt
[0.603s] writing top-level names to ../../build/sphere_msgs/sphere_msgs.egg-info/top_level.txt
[0.604s] reading manifest file '../../build/sphere_msgs/sphere_msgs.egg-info/SOURCES.txt'
[0.608s] adding license file 'LICENSE'
[0.608s] writing manifest file '../../build/sphere_msgs/sphere_msgs.egg-info/SOURCES.txt'
[0.608s] running build
[0.608s] running build_py
[0.608s] running install
[0.608s] /usr/lib/python3/dist-packages/setuptools/command/install.py:34: SetuptoolsDeprecationWarning: setup.py install is deprecated. Use build and pip and other standards-based tools.
[0.608s]   warnings.warn(
[0.608s] running install_lib
[0.609s] running install_data
[0.609s] running install_egg_info
[0.610s] removing '/home/eleazar/ros2_ws/install/sphere_msgs/lib/python3.10/site-packages/sphere_msgs-0.0.0-py3.10.egg-info' (and everything under it)
[0.610s] Copying ../../build/sphere_msgs/sphere_msgs.egg-info to /home/eleazar/ros2_ws/install/sphere_msgs/lib/python3.10/site-packages/sphere_msgs-0.0.0-py3.10.egg-info
[0.611s] running install_scripts
[0.622s] Installing sphere_node script to /home/eleazar/ros2_ws/install/sphere_msgs/lib/sphere_msgs
[0.622s] writing list of installed files to '/home/eleazar/ros2_ws/build/sphere_msgs/install.log'
[0.633s] Invoked command in '/home/eleazar/ros2_ws/src/sphere_msgs' returned '0': AMENT_PREFIX_PATH=/home/eleazar/ros2_ws/install/msgs_clase:${AMENT_PREFIX_PATH} CMAKE_PREFIX_PATH=/home/eleazar/ros2_ws/install/msgs_clase:${CMAKE_PREFIX_PATH} LD_LIBRARY_PATH=/home/eleazar/ros2_ws/install/msgs_clase/lib:${LD_LIBRARY_PATH} PYTHONPATH=/home/eleazar/ros2_ws/build/sphere_msgs/prefix_override:/home/eleazar/ros2_ws/install/sphere_msgs/lib/python3.10/site-packages:/home/eleazar/ros2_ws/install/msgs_clase/local/lib/python3.10/dist-packages:${PYTHONPATH} /usr/bin/python3 setup.py egg_info --egg-base ../../build/sphere_msgs build --build-base /home/eleazar/ros2_ws/build/sphere_msgs/build install --record /home/eleazar/ros2_ws/build/sphere_msgs/install.log --single-version-externally-managed
