[1.836s] Invoking command in '/home/angel/ros2_ws/src/basic_comms': PYTHONPATH=/home/angel/ros2_ws/build/basic_comms/prefix_override:/home/angel/ros2_ws/install/basic_comms/lib/python3.10/site-packages:${PYTHONPATH} /usr/bin/python3 setup.py egg_info --egg-base ../../build/basic_comms build --build-base /home/angel/ros2_ws/build/basic_comms/build install --record /home/angel/ros2_ws/build/basic_comms/install.log --single-version-externally-managed
[2.109s] running egg_info
[2.110s] writing ../../build/basic_comms/basic_comms.egg-info/PKG-INFO
[2.110s] writing dependency_links to ../../build/basic_comms/basic_comms.egg-info/dependency_links.txt
[2.111s] writing entry points to ../../build/basic_comms/basic_comms.egg-info/entry_points.txt
[2.111s] writing requirements to ../../build/basic_comms/basic_comms.egg-info/requires.txt
[2.111s] writing top-level names to ../../build/basic_comms/basic_comms.egg-info/top_level.txt
[2.113s] reading manifest file '../../build/basic_comms/basic_comms.egg-info/SOURCES.txt'
[2.114s] writing manifest file '../../build/basic_comms/basic_comms.egg-info/SOURCES.txt'
[2.114s] running build
[2.114s] running build_py
[2.114s] running install
[2.114s] /usr/lib/python3/dist-packages/setuptools/command/install.py:34: SetuptoolsDeprecationWarning: setup.py install is deprecated. Use build and pip and other standards-based tools.
[2.115s]   warnings.warn(
[2.115s] running install_lib
[2.116s] running install_data
[2.117s] running install_egg_info
[2.119s] removing '/home/angel/ros2_ws/install/basic_comms/lib/python3.10/site-packages/basic_comms-0.0.0-py3.10.egg-info' (and everything under it)
[2.119s] Copying ../../build/basic_comms/basic_comms.egg-info to /home/angel/ros2_ws/install/basic_comms/lib/python3.10/site-packages/basic_comms-0.0.0-py3.10.egg-info
[2.121s] running install_scripts
[2.146s] Installing listener script to /home/angel/ros2_ws/install/basic_comms/lib/basic_comms
[2.147s] Installing talker script to /home/angel/ros2_ws/install/basic_comms/lib/basic_comms
[2.147s] writing list of installed files to '/home/angel/ros2_ws/build/basic_comms/install.log'
[2.250s] Invoked command in '/home/angel/ros2_ws/src/basic_comms' returned '0': PYTHONPATH=/home/angel/ros2_ws/build/basic_comms/prefix_override:/home/angel/ros2_ws/install/basic_comms/lib/python3.10/site-packages:${PYTHONPATH} /usr/bin/python3 setup.py egg_info --egg-base ../../build/basic_comms build --build-base /home/angel/ros2_ws/build/basic_comms/build install --record /home/angel/ros2_ws/build/basic_comms/install.log --single-version-externally-managed
