[0.857s] Invoking command in '/home/angel/ros2_ws/src/basic_comms': PYTHONPATH=/home/angel/ros2_ws/build/basic_comms/prefix_override:/home/angel/ros2_ws/install/basic_comms/lib/python3.10/site-packages:${PYTHONPATH} /usr/bin/python3 setup.py egg_info --egg-base ../../build/basic_comms build --build-base /home/angel/ros2_ws/build/basic_comms/build install --record /home/angel/ros2_ws/build/basic_comms/install.log --single-version-externally-managed
[1.128s] running egg_info
[1.129s] writing ../../build/basic_comms/basic_comms.egg-info/PKG-INFO
[1.129s] writing dependency_links to ../../build/basic_comms/basic_comms.egg-info/dependency_links.txt
[1.130s] writing entry points to ../../build/basic_comms/basic_comms.egg-info/entry_points.txt
[1.130s] writing requirements to ../../build/basic_comms/basic_comms.egg-info/requires.txt
[1.130s] writing top-level names to ../../build/basic_comms/basic_comms.egg-info/top_level.txt
[1.134s] reading manifest file '../../build/basic_comms/basic_comms.egg-info/SOURCES.txt'
[1.135s] writing manifest file '../../build/basic_comms/basic_comms.egg-info/SOURCES.txt'
[1.135s] running build
[1.135s] running build_py
[1.135s] copying basic_comms/listener.py -> /home/angel/ros2_ws/build/basic_comms/build/lib/basic_comms
[1.135s] running install
[1.136s] /usr/lib/python3/dist-packages/setuptools/command/install.py:34: SetuptoolsDeprecationWarning: setup.py install is deprecated. Use build and pip and other standards-based tools.
[1.136s]   warnings.warn(
[1.136s] running install_lib
[1.137s] copying /home/angel/ros2_ws/build/basic_comms/build/lib/basic_comms/listener.py -> /home/angel/ros2_ws/install/basic_comms/lib/python3.10/site-packages/basic_comms
[1.138s] byte-compiling /home/angel/ros2_ws/install/basic_comms/lib/python3.10/site-packages/basic_comms/listener.py to listener.cpython-310.pyc
[1.139s] running install_data
[1.140s] running install_egg_info
[1.142s] removing '/home/angel/ros2_ws/install/basic_comms/lib/python3.10/site-packages/basic_comms-0.0.0-py3.10.egg-info' (and everything under it)
[1.142s] Copying ../../build/basic_comms/basic_comms.egg-info to /home/angel/ros2_ws/install/basic_comms/lib/python3.10/site-packages/basic_comms-0.0.0-py3.10.egg-info
[1.144s] running install_scripts
[1.169s] Installing listener script to /home/angel/ros2_ws/install/basic_comms/lib/basic_comms
[1.169s] Installing talker script to /home/angel/ros2_ws/install/basic_comms/lib/basic_comms
[1.169s] writing list of installed files to '/home/angel/ros2_ws/build/basic_comms/install.log'
[1.202s] Invoked command in '/home/angel/ros2_ws/src/basic_comms' returned '0': PYTHONPATH=/home/angel/ros2_ws/build/basic_comms/prefix_override:/home/angel/ros2_ws/install/basic_comms/lib/python3.10/site-packages:${PYTHONPATH} /usr/bin/python3 setup.py egg_info --egg-base ../../build/basic_comms build --build-base /home/angel/ros2_ws/build/basic_comms/build install --record /home/angel/ros2_ws/build/basic_comms/install.log --single-version-externally-managed
