[0.400s] DEBUG:colcon:Command line arguments: ['/usr/bin/colcon', 'build']
[0.400s] DEBUG:colcon:Parsed command line arguments: Namespace(log_base=None, log_level=None, verb_name='build', build_base='build', install_base='install', merge_install=False, symlink_install=False, test_result_base=None, continue_on_error=False, executor='parallel', parallel_workers=20, event_handlers=None, ignore_user_meta=False, metas=['./colcon.meta'], base_paths=['.'], packages_ignore=None, packages_ignore_regex=None, paths=None, packages_up_to=None, packages_up_to_regex=None, packages_above=None, packages_above_and_dependencies=None, packages_above_depth=None, packages_select_by_dep=None, packages_skip_by_dep=None, packages_skip_up_to=None, packages_select_build_failed=False, packages_skip_build_finished=False, packages_select_test_failures=False, packages_skip_test_passed=False, packages_select=None, packages_skip=None, packages_select_regex=None, packages_skip_regex=None, packages_start=None, packages_end=None, allow_overriding=[], cmake_args=None, cmake_target=None, cmake_target_skip_unavailable=False, cmake_clean_cache=False, cmake_clean_first=False, cmake_force_configure=False, ament_cmake_args=None, catkin_cmake_args=None, catkin_skip_building_tests=False, verb_parser=<colcon_defaults.argument_parser.defaults.DefaultArgumentsDecorator object at 0x7f55a5997b20>, verb_extension=<colcon_core.verb.build.BuildVerb object at 0x7f55a5dd7c40>, main=<bound method BuildVerb.main of <colcon_core.verb.build.BuildVerb object at 0x7f55a5dd7c40>>)
[0.420s] Level 1:colcon.colcon_core.package_discovery:discover_packages(colcon_meta) check parameters
[0.420s] Level 1:colcon.colcon_core.package_discovery:discover_packages(recursive) check parameters
[0.420s] Level 1:colcon.colcon_core.package_discovery:discover_packages(ignore) check parameters
[0.420s] Level 1:colcon.colcon_core.package_discovery:discover_packages(path) check parameters
[0.420s] Level 1:colcon.colcon_core.package_discovery:discover_packages(colcon_meta) discover
[0.420s] Level 1:colcon.colcon_core.package_discovery:discover_packages(recursive) discover
[0.420s] INFO:colcon.colcon_core.package_discovery:Crawling recursively for packages in '/home/eleazar/ros2_ws'
[0.420s] Level 1:colcon.colcon_core.package_identification:_identify(.) by extensions ['ignore', 'ignore_ament_install']
[0.420s] Level 1:colcon.colcon_core.package_identification:_identify(.) by extension 'ignore'
[0.420s] Level 1:colcon.colcon_core.package_identification:_identify(.) by extension 'ignore_ament_install'
[0.420s] Level 1:colcon.colcon_core.package_identification:_identify(.) by extensions ['colcon_pkg']
[0.420s] Level 1:colcon.colcon_core.package_identification:_identify(.) by extension 'colcon_pkg'
[0.421s] Level 1:colcon.colcon_core.package_identification:_identify(.) by extensions ['colcon_meta']
[0.421s] Level 1:colcon.colcon_core.package_identification:_identify(.) by extension 'colcon_meta'
[0.421s] Level 1:colcon.colcon_core.package_identification:_identify(.) by extensions ['ros']
[0.421s] Level 1:colcon.colcon_core.package_identification:_identify(.) by extension 'ros'
[0.426s] Level 1:colcon.colcon_core.package_identification:_identify(.) by extensions ['cmake', 'python']
[0.426s] Level 1:colcon.colcon_core.package_identification:_identify(.) by extension 'cmake'
[0.426s] Level 1:colcon.colcon_core.package_identification:_identify(.) by extension 'python'
[0.426s] Level 1:colcon.colcon_core.package_identification:_identify(.) by extensions ['python_setup_py']
[0.426s] Level 1:colcon.colcon_core.package_identification:_identify(.) by extension 'python_setup_py'
[0.427s] Level 1:colcon.colcon_core.package_identification:_identify(build) by extensions ['ignore', 'ignore_ament_install']
[0.427s] Level 1:colcon.colcon_core.package_identification:_identify(build) by extension 'ignore'
[0.427s] Level 1:colcon.colcon_core.package_identification:_identify(build) ignored
[0.427s] Level 1:colcon.colcon_core.package_identification:_identify(install) by extensions ['ignore', 'ignore_ament_install']
[0.427s] Level 1:colcon.colcon_core.package_identification:_identify(install) by extension 'ignore'
[0.427s] Level 1:colcon.colcon_core.package_identification:_identify(install) ignored
[0.427s] Level 1:colcon.colcon_core.package_identification:_identify(log) by extensions ['ignore', 'ignore_ament_install']
[0.427s] Level 1:colcon.colcon_core.package_identification:_identify(log) by extension 'ignore'
[0.427s] Level 1:colcon.colcon_core.package_identification:_identify(log) ignored
[0.427s] Level 1:colcon.colcon_core.package_identification:_identify(src) by extensions ['ignore', 'ignore_ament_install']
[0.427s] Level 1:colcon.colcon_core.package_identification:_identify(src) by extension 'ignore'
[0.427s] Level 1:colcon.colcon_core.package_identification:_identify(src) by extension 'ignore_ament_install'
[0.427s] Level 1:colcon.colcon_core.package_identification:_identify(src) by extensions ['colcon_pkg']
[0.427s] Level 1:colcon.colcon_core.package_identification:_identify(src) by extension 'colcon_pkg'
[0.427s] Level 1:colcon.colcon_core.package_identification:_identify(src) by extensions ['colcon_meta']
[0.427s] Level 1:colcon.colcon_core.package_identification:_identify(src) by extension 'colcon_meta'
[0.427s] Level 1:colcon.colcon_core.package_identification:_identify(src) by extensions ['ros']
[0.427s] Level 1:colcon.colcon_core.package_identification:_identify(src) by extension 'ros'
[0.427s] Level 1:colcon.colcon_core.package_identification:_identify(src) by extensions ['cmake', 'python']
[0.427s] Level 1:colcon.colcon_core.package_identification:_identify(src) by extension 'cmake'
[0.427s] Level 1:colcon.colcon_core.package_identification:_identify(src) by extension 'python'
[0.427s] Level 1:colcon.colcon_core.package_identification:_identify(src) by extensions ['python_setup_py']
[0.427s] Level 1:colcon.colcon_core.package_identification:_identify(src) by extension 'python_setup_py'
[0.427s] Level 1:colcon.colcon_core.package_identification:_identify(src/basic_comms) by extensions ['ignore', 'ignore_ament_install']
[0.427s] Level 1:colcon.colcon_core.package_identification:_identify(src/basic_comms) by extension 'ignore'
[0.427s] Level 1:colcon.colcon_core.package_identification:_identify(src/basic_comms) by extension 'ignore_ament_install'
[0.427s] Level 1:colcon.colcon_core.package_identification:_identify(src/basic_comms) by extensions ['colcon_pkg']
[0.427s] Level 1:colcon.colcon_core.package_identification:_identify(src/basic_comms) by extension 'colcon_pkg'
[0.427s] Level 1:colcon.colcon_core.package_identification:_identify(src/basic_comms) by extensions ['colcon_meta']
[0.427s] Level 1:colcon.colcon_core.package_identification:_identify(src/basic_comms) by extension 'colcon_meta'
[0.427s] Level 1:colcon.colcon_core.package_identification:_identify(src/basic_comms) by extensions ['ros']
[0.427s] Level 1:colcon.colcon_core.package_identification:_identify(src/basic_comms) by extension 'ros'
[0.429s] DEBUG:colcon.colcon_core.package_identification:Package 'src/basic_comms' with type 'ros.ament_python' and name 'basic_comms'
[0.429s] Level 1:colcon.colcon_core.package_identification:_identify(src/basic_comms_params) by extensions ['ignore', 'ignore_ament_install']
[0.429s] Level 1:colcon.colcon_core.package_identification:_identify(src/basic_comms_params) by extension 'ignore'
[0.429s] Level 1:colcon.colcon_core.package_identification:_identify(src/basic_comms_params) by extension 'ignore_ament_install'
[0.429s] Level 1:colcon.colcon_core.package_identification:_identify(src/basic_comms_params) by extensions ['colcon_pkg']
[0.429s] Level 1:colcon.colcon_core.package_identification:_identify(src/basic_comms_params) by extension 'colcon_pkg'
[0.429s] Level 1:colcon.colcon_core.package_identification:_identify(src/basic_comms_params) by extensions ['colcon_meta']
[0.429s] Level 1:colcon.colcon_core.package_identification:_identify(src/basic_comms_params) by extension 'colcon_meta'
[0.429s] Level 1:colcon.colcon_core.package_identification:_identify(src/basic_comms_params) by extensions ['ros']
[0.429s] Level 1:colcon.colcon_core.package_identification:_identify(src/basic_comms_params) by extension 'ros'
[0.429s] DEBUG:colcon.colcon_core.package_identification:Package 'src/basic_comms_params' with type 'ros.ament_python' and name 'basic_comms_params'
[0.429s] Level 1:colcon.colcon_core.package_identification:_identify(src/build) by extensions ['ignore', 'ignore_ament_install']
[0.429s] Level 1:colcon.colcon_core.package_identification:_identify(src/build) by extension 'ignore'
[0.429s] Level 1:colcon.colcon_core.package_identification:_identify(src/build) ignored
[0.429s] Level 1:colcon.colcon_core.package_identification:_identify(src/courseworks) by extensions ['ignore', 'ignore_ament_install']
[0.429s] Level 1:colcon.colcon_core.package_identification:_identify(src/courseworks) by extension 'ignore'
[0.429s] Level 1:colcon.colcon_core.package_identification:_identify(src/courseworks) by extension 'ignore_ament_install'
[0.429s] Level 1:colcon.colcon_core.package_identification:_identify(src/courseworks) by extensions ['colcon_pkg']
[0.429s] Level 1:colcon.colcon_core.package_identification:_identify(src/courseworks) by extension 'colcon_pkg'
[0.429s] Level 1:colcon.colcon_core.package_identification:_identify(src/courseworks) by extensions ['colcon_meta']
[0.429s] Level 1:colcon.colcon_core.package_identification:_identify(src/courseworks) by extension 'colcon_meta'
[0.429s] Level 1:colcon.colcon_core.package_identification:_identify(src/courseworks) by extensions ['ros']
[0.429s] Level 1:colcon.colcon_core.package_identification:_identify(src/courseworks) by extension 'ros'
[0.430s] DEBUG:colcon.colcon_core.package_identification:Package 'src/courseworks' with type 'ros.ament_python' and name 'courseworks'
[0.430s] Level 1:colcon.colcon_core.package_identification:_identify(src/install) by extensions ['ignore', 'ignore_ament_install']
[0.430s] Level 1:colcon.colcon_core.package_identification:_identify(src/install) by extension 'ignore'
[0.430s] Level 1:colcon.colcon_core.package_identification:_identify(src/install) ignored
[0.430s] Level 1:colcon.colcon_core.package_identification:_identify(src/log) by extensions ['ignore', 'ignore_ament_install']
[0.430s] Level 1:colcon.colcon_core.package_identification:_identify(src/log) by extension 'ignore'
[0.430s] Level 1:colcon.colcon_core.package_identification:_identify(src/log) ignored
[0.430s] Level 1:colcon.colcon_core.package_discovery:discover_packages(recursive) using defaults
[0.430s] Level 1:colcon.colcon_core.package_discovery:discover_packages(ignore) discover
[0.430s] Level 1:colcon.colcon_core.package_discovery:discover_packages(ignore) using defaults
[0.430s] Level 1:colcon.colcon_core.package_discovery:discover_packages(path) discover
[0.430s] Level 1:colcon.colcon_core.package_discovery:discover_packages(path) using defaults
[0.468s] Level 1:colcon.colcon_core.package_discovery:discover_packages(prefix_path) check parameters
[0.468s] Level 1:colcon.colcon_core.package_discovery:discover_packages(prefix_path) discover
[0.479s] DEBUG:colcon.colcon_installed_package_information.package_discovery:Found 270 installed packages in /opt/ros/humble
[0.480s] Level 1:colcon.colcon_core.package_discovery:discover_packages(prefix_path) using defaults
[0.519s] Level 5:colcon.colcon_core.verb:set package 'basic_comms' build argument 'cmake_args' from command line to 'None'
[0.519s] Level 5:colcon.colcon_core.verb:set package 'basic_comms' build argument 'cmake_target' from command line to 'None'
[0.519s] Level 5:colcon.colcon_core.verb:set package 'basic_comms' build argument 'cmake_target_skip_unavailable' from command line to 'False'
[0.519s] Level 5:colcon.colcon_core.verb:set package 'basic_comms' build argument 'cmake_clean_cache' from command line to 'False'
[0.519s] Level 5:colcon.colcon_core.verb:set package 'basic_comms' build argument 'cmake_clean_first' from command line to 'False'
[0.519s] Level 5:colcon.colcon_core.verb:set package 'basic_comms' build argument 'cmake_force_configure' from command line to 'False'
[0.519s] Level 5:colcon.colcon_core.verb:set package 'basic_comms' build argument 'ament_cmake_args' from command line to 'None'
[0.519s] Level 5:colcon.colcon_core.verb:set package 'basic_comms' build argument 'catkin_cmake_args' from command line to 'None'
[0.519s] Level 5:colcon.colcon_core.verb:set package 'basic_comms' build argument 'catkin_skip_building_tests' from command line to 'False'
[0.519s] DEBUG:colcon.colcon_core.verb:Building package 'basic_comms' with the following arguments: {'ament_cmake_args': None, 'build_base': '/home/eleazar/ros2_ws/build/basic_comms', 'catkin_cmake_args': None, 'catkin_skip_building_tests': False, 'cmake_args': None, 'cmake_clean_cache': False, 'cmake_clean_first': False, 'cmake_force_configure': False, 'cmake_target': None, 'cmake_target_skip_unavailable': False, 'install_base': '/home/eleazar/ros2_ws/install/basic_comms', 'merge_install': False, 'path': '/home/eleazar/ros2_ws/src/basic_comms', 'symlink_install': False, 'test_result_base': None}
[0.525s] Level 5:colcon.colcon_core.verb:set package 'basic_comms_params' build argument 'cmake_args' from command line to 'None'
[0.525s] Level 5:colcon.colcon_core.verb:set package 'basic_comms_params' build argument 'cmake_target' from command line to 'None'
[0.525s] Level 5:colcon.colcon_core.verb:set package 'basic_comms_params' build argument 'cmake_target_skip_unavailable' from command line to 'False'
[0.525s] Level 5:colcon.colcon_core.verb:set package 'basic_comms_params' build argument 'cmake_clean_cache' from command line to 'False'
[0.525s] Level 5:colcon.colcon_core.verb:set package 'basic_comms_params' build argument 'cmake_clean_first' from command line to 'False'
[0.525s] Level 5:colcon.colcon_core.verb:set package 'basic_comms_params' build argument 'cmake_force_configure' from command line to 'False'
[0.525s] Level 5:colcon.colcon_core.verb:set package 'basic_comms_params' build argument 'ament_cmake_args' from command line to 'None'
[0.525s] Level 5:colcon.colcon_core.verb:set package 'basic_comms_params' build argument 'catkin_cmake_args' from command line to 'None'
[0.525s] Level 5:colcon.colcon_core.verb:set package 'basic_comms_params' build argument 'catkin_skip_building_tests' from command line to 'False'
[0.525s] DEBUG:colcon.colcon_core.verb:Building package 'basic_comms_params' with the following arguments: {'ament_cmake_args': None, 'build_base': '/home/eleazar/ros2_ws/build/basic_comms_params', 'catkin_cmake_args': None, 'catkin_skip_building_tests': False, 'cmake_args': None, 'cmake_clean_cache': False, 'cmake_clean_first': False, 'cmake_force_configure': False, 'cmake_target': None, 'cmake_target_skip_unavailable': False, 'install_base': '/home/eleazar/ros2_ws/install/basic_comms_params', 'merge_install': False, 'path': '/home/eleazar/ros2_ws/src/basic_comms_params', 'symlink_install': False, 'test_result_base': None}
[0.530s] Level 5:colcon.colcon_core.verb:set package 'courseworks' build argument 'cmake_args' from command line to 'None'
[0.530s] Level 5:colcon.colcon_core.verb:set package 'courseworks' build argument 'cmake_target' from command line to 'None'
[0.530s] Level 5:colcon.colcon_core.verb:set package 'courseworks' build argument 'cmake_target_skip_unavailable' from command line to 'False'
[0.530s] Level 5:colcon.colcon_core.verb:set package 'courseworks' build argument 'cmake_clean_cache' from command line to 'False'
[0.530s] Level 5:colcon.colcon_core.verb:set package 'courseworks' build argument 'cmake_clean_first' from command line to 'False'
[0.530s] Level 5:colcon.colcon_core.verb:set package 'courseworks' build argument 'cmake_force_configure' from command line to 'False'
[0.530s] Level 5:colcon.colcon_core.verb:set package 'courseworks' build argument 'ament_cmake_args' from command line to 'None'
[0.530s] Level 5:colcon.colcon_core.verb:set package 'courseworks' build argument 'catkin_cmake_args' from command line to 'None'
[0.530s] Level 5:colcon.colcon_core.verb:set package 'courseworks' build argument 'catkin_skip_building_tests' from command line to 'False'
[0.530s] DEBUG:colcon.colcon_core.verb:Building package 'courseworks' with the following arguments: {'ament_cmake_args': None, 'build_base': '/home/eleazar/ros2_ws/build/courseworks', 'catkin_cmake_args': None, 'catkin_skip_building_tests': False, 'cmake_args': None, 'cmake_clean_cache': False, 'cmake_clean_first': False, 'cmake_force_configure': False, 'cmake_target': None, 'cmake_target_skip_unavailable': False, 'install_base': '/home/eleazar/ros2_ws/install/courseworks', 'merge_install': False, 'path': '/home/eleazar/ros2_ws/src/courseworks', 'symlink_install': False, 'test_result_base': None}
[0.536s] INFO:colcon.colcon_core.executor:Executing jobs using 'parallel' executor
[0.542s] DEBUG:colcon.colcon_parallel_executor.executor.parallel:run_until_complete
[0.542s] INFO:colcon.colcon_ros.task.ament_python.build:Building ROS package in '/home/eleazar/ros2_ws/src/basic_comms' with build type 'ament_python'
[0.542s] Level 1:colcon.colcon_core.shell:create_environment_hook('basic_comms', 'ament_prefix_path')
[0.549s] INFO:colcon.colcon_core.plugin_system:Skipping extension 'colcon_core.shell.bat': Not used on non-Windows systems
[0.549s] INFO:colcon.colcon_core.shell:Creating environment hook '/home/eleazar/ros2_ws/install/basic_comms/share/basic_comms/hook/ament_prefix_path.ps1'
[0.549s] INFO:colcon.colcon_core.shell:Creating environment descriptor '/home/eleazar/ros2_ws/install/basic_comms/share/basic_comms/hook/ament_prefix_path.dsv'
[0.549s] INFO:colcon.colcon_core.shell:Creating environment hook '/home/eleazar/ros2_ws/install/basic_comms/share/basic_comms/hook/ament_prefix_path.sh'
[0.555s] INFO:colcon.colcon_core.shell:Skip shell extension 'powershell' for command environment: Not usable outside of PowerShell
[0.555s] DEBUG:colcon.colcon_core.shell:Skip shell extension 'dsv' for command environment
[0.569s] INFO:colcon.colcon_ros.task.ament_python.build:Building ROS package in '/home/eleazar/ros2_ws/src/basic_comms_params' with build type 'ament_python'
[0.569s] Level 1:colcon.colcon_core.shell:create_environment_hook('basic_comms_params', 'ament_prefix_path')
[0.575s] INFO:colcon.colcon_core.shell:Creating environment hook '/home/eleazar/ros2_ws/install/basic_comms_params/share/basic_comms_params/hook/ament_prefix_path.ps1'
[0.575s] INFO:colcon.colcon_core.shell:Creating environment descriptor '/home/eleazar/ros2_ws/install/basic_comms_params/share/basic_comms_params/hook/ament_prefix_path.dsv'
[0.575s] INFO:colcon.colcon_core.shell:Creating environment hook '/home/eleazar/ros2_ws/install/basic_comms_params/share/basic_comms_params/hook/ament_prefix_path.sh'
[0.583s] INFO:colcon.colcon_core.shell:Skip shell extension 'powershell' for command environment: Not usable outside of PowerShell
[0.583s] DEBUG:colcon.colcon_core.shell:Skip shell extension 'dsv' for command environment
[0.595s] INFO:colcon.colcon_ros.task.ament_python.build:Building ROS package in '/home/eleazar/ros2_ws/src/courseworks' with build type 'ament_python'
[0.595s] Level 1:colcon.colcon_core.shell:create_environment_hook('courseworks', 'ament_prefix_path')
[0.602s] INFO:colcon.colcon_core.shell:Creating environment hook '/home/eleazar/ros2_ws/install/courseworks/share/courseworks/hook/ament_prefix_path.ps1'
[0.603s] INFO:colcon.colcon_core.shell:Creating environment descriptor '/home/eleazar/ros2_ws/install/courseworks/share/courseworks/hook/ament_prefix_path.dsv'
[0.603s] INFO:colcon.colcon_core.shell:Creating environment hook '/home/eleazar/ros2_ws/install/courseworks/share/courseworks/hook/ament_prefix_path.sh'
[0.609s] INFO:colcon.colcon_core.shell:Skip shell extension 'powershell' for command environment: Not usable outside of PowerShell
[0.609s] DEBUG:colcon.colcon_core.shell:Skip shell extension 'dsv' for command environment
[0.748s] INFO:colcon.colcon_core.task.python.build:Building Python package in '/home/eleazar/ros2_ws/src/basic_comms'
[0.754s] INFO:colcon.colcon_core.shell:Skip shell extension 'powershell' for command environment: Not usable outside of PowerShell
[0.754s] DEBUG:colcon.colcon_core.shell:Skip shell extension 'dsv' for command environment
[0.886s] INFO:colcon.colcon_core.task.python.build:Building Python package in '/home/eleazar/ros2_ws/src/basic_comms_params'
[0.892s] INFO:colcon.colcon_core.shell:Skip shell extension 'powershell' for command environment: Not usable outside of PowerShell
[0.892s] DEBUG:colcon.colcon_core.shell:Skip shell extension 'dsv' for command environment
[1.023s] INFO:colcon.colcon_core.task.python.build:Building Python package in '/home/eleazar/ros2_ws/src/courseworks'
[1.035s] INFO:colcon.colcon_core.shell:Skip shell extension 'powershell' for command environment: Not usable outside of PowerShell
[1.035s] DEBUG:colcon.colcon_core.shell:Skip shell extension 'dsv' for command environment
[1.226s] DEBUG:colcon.colcon_core.event_handler.log_command:Invoking command in '/home/eleazar/ros2_ws/src/basic_comms': PYTHONPATH=/home/eleazar/ros2_ws/build/basic_comms/prefix_override:/home/eleazar/ros2_ws/install/basic_comms/lib/python3.10/site-packages:${PYTHONPATH} /usr/bin/python3 setup.py egg_info --egg-base ../../build/basic_comms build --build-base /home/eleazar/ros2_ws/build/basic_comms/build install --record /home/eleazar/ros2_ws/build/basic_comms/install.log --single-version-externally-managed
[1.231s] DEBUG:colcon.colcon_core.event_handler.log_command:Invoking command in '/home/eleazar/ros2_ws/src/courseworks': PYTHONPATH=/home/eleazar/ros2_ws/build/courseworks/prefix_override:/home/eleazar/ros2_ws/install/courseworks/lib/python3.10/site-packages:${PYTHONPATH} /usr/bin/python3 setup.py egg_info --egg-base ../../build/courseworks build --build-base /home/eleazar/ros2_ws/build/courseworks/build install --record /home/eleazar/ros2_ws/build/courseworks/install.log --single-version-externally-managed
[1.234s] DEBUG:colcon.colcon_core.event_handler.log_command:Invoking command in '/home/eleazar/ros2_ws/src/basic_comms_params': PYTHONPATH=/home/eleazar/ros2_ws/build/basic_comms_params/prefix_override:/home/eleazar/ros2_ws/install/basic_comms_params/lib/python3.10/site-packages:${PYTHONPATH} /usr/bin/python3 setup.py egg_info --egg-base ../../build/basic_comms_params build --build-base /home/eleazar/ros2_ws/build/basic_comms_params/build install --record /home/eleazar/ros2_ws/build/basic_comms_params/install.log --single-version-externally-managed
[1.391s] DEBUG:colcon.colcon_core.event_handler.log_command:Invoked command in '/home/eleazar/ros2_ws/src/basic_comms' returned '0': PYTHONPATH=/home/eleazar/ros2_ws/build/basic_comms/prefix_override:/home/eleazar/ros2_ws/install/basic_comms/lib/python3.10/site-packages:${PYTHONPATH} /usr/bin/python3 setup.py egg_info --egg-base ../../build/basic_comms build --build-base /home/eleazar/ros2_ws/build/basic_comms/build install --record /home/eleazar/ros2_ws/build/basic_comms/install.log --single-version-externally-managed
[1.399s] Level 1:colcon.colcon_core.environment:checking '/home/eleazar/ros2_ws/install/basic_comms' for CMake module files
[1.399s] Level 1:colcon.colcon_core.environment:checking '/home/eleazar/ros2_ws/install/basic_comms' for CMake config files
[1.399s] Level 1:colcon.colcon_core.environment:checking '/home/eleazar/ros2_ws/install/basic_comms/lib'
[1.399s] Level 1:colcon.colcon_core.environment:checking '/home/eleazar/ros2_ws/install/basic_comms/bin'
[1.399s] Level 1:colcon.colcon_core.environment:checking '/home/eleazar/ros2_ws/install/basic_comms/lib/pkgconfig/basic_comms.pc'
[1.399s] Level 1:colcon.colcon_core.environment:checking '/home/eleazar/ros2_ws/install/basic_comms/lib/python3.10/site-packages'
[1.399s] Level 1:colcon.colcon_core.shell:create_environment_hook('basic_comms', 'pythonpath')
[1.405s] INFO:colcon.colcon_core.shell:Creating environment hook '/home/eleazar/ros2_ws/install/basic_comms/share/basic_comms/hook/pythonpath.ps1'
[1.406s] INFO:colcon.colcon_core.shell:Creating environment descriptor '/home/eleazar/ros2_ws/install/basic_comms/share/basic_comms/hook/pythonpath.dsv'
[1.406s] INFO:colcon.colcon_core.shell:Creating environment hook '/home/eleazar/ros2_ws/install/basic_comms/share/basic_comms/hook/pythonpath.sh'
[1.406s] Level 1:colcon.colcon_core.environment:checking '/home/eleazar/ros2_ws/install/basic_comms/bin'
[1.406s] Level 1:colcon.colcon_core.environment:create_environment_scripts_only(basic_comms)
[1.412s] INFO:colcon.colcon_core.shell:Creating package script '/home/eleazar/ros2_ws/install/basic_comms/share/basic_comms/package.ps1'
[1.412s] INFO:colcon.colcon_core.shell:Creating package descriptor '/home/eleazar/ros2_ws/install/basic_comms/share/basic_comms/package.dsv'
[1.413s] INFO:colcon.colcon_core.shell:Creating package script '/home/eleazar/ros2_ws/install/basic_comms/share/basic_comms/package.sh'
[1.413s] INFO:colcon.colcon_core.shell:Creating package script '/home/eleazar/ros2_ws/install/basic_comms/share/basic_comms/package.bash'
[1.413s] INFO:colcon.colcon_core.shell:Creating package script '/home/eleazar/ros2_ws/install/basic_comms/share/basic_comms/package.zsh'
[1.414s] Level 1:colcon.colcon_core.environment:create_file_with_runtime_dependencies(/home/eleazar/ros2_ws/install/basic_comms/share/colcon-core/packages/basic_comms)
[1.415s] DEBUG:colcon.colcon_core.event_handler.log_command:Invoked command in '/home/eleazar/ros2_ws/src/courseworks' returned '0': PYTHONPATH=/home/eleazar/ros2_ws/build/courseworks/prefix_override:/home/eleazar/ros2_ws/install/courseworks/lib/python3.10/site-packages:${PYTHONPATH} /usr/bin/python3 setup.py egg_info --egg-base ../../build/courseworks build --build-base /home/eleazar/ros2_ws/build/courseworks/build install --record /home/eleazar/ros2_ws/build/courseworks/install.log --single-version-externally-managed
[1.421s] Level 1:colcon.colcon_core.environment:checking '/home/eleazar/ros2_ws/install/courseworks' for CMake module files
[1.421s] Level 1:colcon.colcon_core.environment:checking '/home/eleazar/ros2_ws/install/courseworks' for CMake config files
[1.421s] Level 1:colcon.colcon_core.environment:checking '/home/eleazar/ros2_ws/install/courseworks/lib'
[1.421s] Level 1:colcon.colcon_core.environment:checking '/home/eleazar/ros2_ws/install/courseworks/bin'
[1.421s] Level 1:colcon.colcon_core.environment:checking '/home/eleazar/ros2_ws/install/courseworks/lib/pkgconfig/courseworks.pc'
[1.421s] Level 1:colcon.colcon_core.environment:checking '/home/eleazar/ros2_ws/install/courseworks/lib/python3.10/site-packages'
[1.421s] Level 1:colcon.colcon_core.shell:create_environment_hook('courseworks', 'pythonpath')
[1.427s] INFO:colcon.colcon_core.shell:Creating environment hook '/home/eleazar/ros2_ws/install/courseworks/share/courseworks/hook/pythonpath.ps1'
[1.428s] INFO:colcon.colcon_core.shell:Creating environment descriptor '/home/eleazar/ros2_ws/install/courseworks/share/courseworks/hook/pythonpath.dsv'
[1.428s] INFO:colcon.colcon_core.shell:Creating environment hook '/home/eleazar/ros2_ws/install/courseworks/share/courseworks/hook/pythonpath.sh'
[1.428s] Level 1:colcon.colcon_core.environment:checking '/home/eleazar/ros2_ws/install/courseworks/bin'
[1.428s] Level 1:colcon.colcon_core.environment:create_environment_scripts_only(courseworks)
[1.434s] INFO:colcon.colcon_core.shell:Creating package script '/home/eleazar/ros2_ws/install/courseworks/share/courseworks/package.ps1'
[1.434s] INFO:colcon.colcon_core.shell:Creating package descriptor '/home/eleazar/ros2_ws/install/courseworks/share/courseworks/package.dsv'
[1.435s] INFO:colcon.colcon_core.shell:Creating package script '/home/eleazar/ros2_ws/install/courseworks/share/courseworks/package.sh'
[1.435s] INFO:colcon.colcon_core.shell:Creating package script '/home/eleazar/ros2_ws/install/courseworks/share/courseworks/package.bash'
[1.435s] INFO:colcon.colcon_core.shell:Creating package script '/home/eleazar/ros2_ws/install/courseworks/share/courseworks/package.zsh'
[1.435s] Level 1:colcon.colcon_core.environment:create_file_with_runtime_dependencies(/home/eleazar/ros2_ws/install/courseworks/share/colcon-core/packages/courseworks)
[1.436s] DEBUG:colcon.colcon_core.event_handler.log_command:Invoked command in '/home/eleazar/ros2_ws/src/basic_comms_params' returned '0': PYTHONPATH=/home/eleazar/ros2_ws/build/basic_comms_params/prefix_override:/home/eleazar/ros2_ws/install/basic_comms_params/lib/python3.10/site-packages:${PYTHONPATH} /usr/bin/python3 setup.py egg_info --egg-base ../../build/basic_comms_params build --build-base /home/eleazar/ros2_ws/build/basic_comms_params/build install --record /home/eleazar/ros2_ws/build/basic_comms_params/install.log --single-version-externally-managed
[1.442s] Level 1:colcon.colcon_core.environment:checking '/home/eleazar/ros2_ws/install/basic_comms_params' for CMake module files
[1.442s] Level 1:colcon.colcon_core.environment:checking '/home/eleazar/ros2_ws/install/basic_comms_params' for CMake config files
[1.442s] Level 1:colcon.colcon_core.environment:checking '/home/eleazar/ros2_ws/install/basic_comms_params/lib'
[1.442s] Level 1:colcon.colcon_core.environment:checking '/home/eleazar/ros2_ws/install/basic_comms_params/bin'
[1.442s] Level 1:colcon.colcon_core.environment:checking '/home/eleazar/ros2_ws/install/basic_comms_params/lib/pkgconfig/basic_comms_params.pc'
[1.442s] Level 1:colcon.colcon_core.environment:checking '/home/eleazar/ros2_ws/install/basic_comms_params/lib/python3.10/site-packages'
[1.442s] Level 1:colcon.colcon_core.shell:create_environment_hook('basic_comms_params', 'pythonpath')
[1.450s] INFO:colcon.colcon_core.shell:Creating environment hook '/home/eleazar/ros2_ws/install/basic_comms_params/share/basic_comms_params/hook/pythonpath.ps1'
[1.450s] INFO:colcon.colcon_core.shell:Creating environment descriptor '/home/eleazar/ros2_ws/install/basic_comms_params/share/basic_comms_params/hook/pythonpath.dsv'
[1.450s] INFO:colcon.colcon_core.shell:Creating environment hook '/home/eleazar/ros2_ws/install/basic_comms_params/share/basic_comms_params/hook/pythonpath.sh'
[1.450s] Level 1:colcon.colcon_core.environment:checking '/home/eleazar/ros2_ws/install/basic_comms_params/bin'
[1.450s] Level 1:colcon.colcon_core.environment:create_environment_scripts_only(basic_comms_params)
[1.456s] INFO:colcon.colcon_core.shell:Creating package script '/home/eleazar/ros2_ws/install/basic_comms_params/share/basic_comms_params/package.ps1'
[1.456s] INFO:colcon.colcon_core.shell:Creating package descriptor '/home/eleazar/ros2_ws/install/basic_comms_params/share/basic_comms_params/package.dsv'
[1.456s] INFO:colcon.colcon_core.shell:Creating package script '/home/eleazar/ros2_ws/install/basic_comms_params/share/basic_comms_params/package.sh'
[1.457s] INFO:colcon.colcon_core.shell:Creating package script '/home/eleazar/ros2_ws/install/basic_comms_params/share/basic_comms_params/package.bash'
[1.457s] INFO:colcon.colcon_core.shell:Creating package script '/home/eleazar/ros2_ws/install/basic_comms_params/share/basic_comms_params/package.zsh'
[1.457s] Level 1:colcon.colcon_core.environment:create_file_with_runtime_dependencies(/home/eleazar/ros2_ws/install/basic_comms_params/share/colcon-core/packages/basic_comms_params)
[1.457s] DEBUG:colcon.colcon_parallel_executor.executor.parallel:closing loop
[1.457s] DEBUG:colcon.colcon_parallel_executor.executor.parallel:loop closed
[1.457s] DEBUG:colcon.colcon_parallel_executor.executor.parallel:run_until_complete finished with '0'
[1.457s] DEBUG:colcon.colcon_core.event_reactor:joining thread
[1.467s] INFO:colcon.colcon_core.plugin_system:Skipping extension 'colcon_notification.desktop_notification.terminal_notifier': Not used on non-Darwin systems
[1.467s] INFO:colcon.colcon_core.plugin_system:Skipping extension 'colcon_notification.desktop_notification.win32': Not used on non-Windows systems
[1.467s] INFO:colcon.colcon_notification.desktop_notification:Sending desktop notification using 'notify2'
[1.478s] DEBUG:colcon.colcon_core.event_reactor:joined thread
[1.484s] INFO:colcon.colcon_core.shell:Creating prefix script '/home/eleazar/ros2_ws/install/local_setup.ps1'
[1.485s] INFO:colcon.colcon_core.shell:Creating prefix util module '/home/eleazar/ros2_ws/install/_local_setup_util_ps1.py'
[1.485s] INFO:colcon.colcon_core.shell:Creating prefix chain script '/home/eleazar/ros2_ws/install/setup.ps1'
[1.491s] INFO:colcon.colcon_core.shell:Creating prefix script '/home/eleazar/ros2_ws/install/local_setup.sh'
[1.492s] INFO:colcon.colcon_core.shell:Creating prefix util module '/home/eleazar/ros2_ws/install/_local_setup_util_sh.py'
[1.492s] INFO:colcon.colcon_core.shell:Creating prefix chain script '/home/eleazar/ros2_ws/install/setup.sh'
[1.499s] INFO:colcon.colcon_core.shell:Creating prefix script '/home/eleazar/ros2_ws/install/local_setup.bash'
[1.500s] INFO:colcon.colcon_core.shell:Creating prefix chain script '/home/eleazar/ros2_ws/install/setup.bash'
[1.505s] INFO:colcon.colcon_core.shell:Creating prefix script '/home/eleazar/ros2_ws/install/local_setup.zsh'
[1.506s] INFO:colcon.colcon_core.shell:Creating prefix chain script '/home/eleazar/ros2_ws/install/setup.zsh'
