[1.168s] DEBUG:colcon:Command line arguments: ['/usr/bin/colcon', 'build']
[1.169s] DEBUG:colcon:Parsed command line arguments: Namespace(log_base=None, log_level=None, verb_name='build', build_base='build', install_base='install', merge_install=False, symlink_install=False, test_result_base=None, continue_on_error=False, executor='parallel', parallel_workers=12, event_handlers=None, ignore_user_meta=False, metas=['./colcon.meta'], base_paths=['.'], packages_ignore=None, packages_ignore_regex=None, paths=None, packages_up_to=None, packages_up_to_regex=None, packages_above=None, packages_above_and_dependencies=None, packages_above_depth=None, packages_select_by_dep=None, packages_skip_by_dep=None, packages_skip_up_to=None, packages_select_build_failed=False, packages_skip_build_finished=False, packages_select_test_failures=False, packages_skip_test_passed=False, packages_select=None, packages_skip=None, packages_select_regex=None, packages_skip_regex=None, packages_start=None, packages_end=None, allow_overriding=[], cmake_args=None, cmake_target=None, cmake_target_skip_unavailable=False, cmake_clean_cache=False, cmake_clean_first=False, cmake_force_configure=False, ament_cmake_args=None, catkin_cmake_args=None, catkin_skip_building_tests=False, verb_parser=<colcon_defaults.argument_parser.defaults.DefaultArgumentsDecorator object at 0x7f405cff0250>, verb_extension=<colcon_core.verb.build.BuildVerb object at 0x7f405cff1990>, main=<bound method BuildVerb.main of <colcon_core.verb.build.BuildVerb object at 0x7f405cff1990>>)
[1.226s] Level 1:colcon.colcon_core.package_discovery:discover_packages(colcon_meta) check parameters
[1.226s] Level 1:colcon.colcon_core.package_discovery:discover_packages(recursive) check parameters
[1.226s] Level 1:colcon.colcon_core.package_discovery:discover_packages(ignore) check parameters
[1.226s] Level 1:colcon.colcon_core.package_discovery:discover_packages(path) check parameters
[1.226s] Level 1:colcon.colcon_core.package_discovery:discover_packages(colcon_meta) discover
[1.226s] Level 1:colcon.colcon_core.package_discovery:discover_packages(recursive) discover
[1.226s] INFO:colcon.colcon_core.package_discovery:Crawling recursively for packages in '/home/angel/ros2_ws'
[1.226s] Level 1:colcon.colcon_core.package_identification:_identify(.) by extensions ['ignore', 'ignore_ament_install']
[1.227s] Level 1:colcon.colcon_core.package_identification:_identify(.) by extension 'ignore'
[1.227s] Level 1:colcon.colcon_core.package_identification:_identify(.) by extension 'ignore_ament_install'
[1.227s] Level 1:colcon.colcon_core.package_identification:_identify(.) by extensions ['colcon_pkg']
[1.227s] Level 1:colcon.colcon_core.package_identification:_identify(.) by extension 'colcon_pkg'
[1.227s] Level 1:colcon.colcon_core.package_identification:_identify(.) by extensions ['colcon_meta']
[1.227s] Level 1:colcon.colcon_core.package_identification:_identify(.) by extension 'colcon_meta'
[1.227s] Level 1:colcon.colcon_core.package_identification:_identify(.) by extensions ['ros']
[1.227s] Level 1:colcon.colcon_core.package_identification:_identify(.) by extension 'ros'
[1.242s] Level 1:colcon.colcon_core.package_identification:_identify(.) by extensions ['cmake', 'python']
[1.242s] Level 1:colcon.colcon_core.package_identification:_identify(.) by extension 'cmake'
[1.242s] Level 1:colcon.colcon_core.package_identification:_identify(.) by extension 'python'
[1.242s] Level 1:colcon.colcon_core.package_identification:_identify(.) by extensions ['python_setup_py']
[1.242s] Level 1:colcon.colcon_core.package_identification:_identify(.) by extension 'python_setup_py'
[1.242s] Level 1:colcon.colcon_core.package_identification:_identify(build) by extensions ['ignore', 'ignore_ament_install']
[1.242s] Level 1:colcon.colcon_core.package_identification:_identify(build) by extension 'ignore'
[1.242s] Level 1:colcon.colcon_core.package_identification:_identify(build) ignored
[1.243s] Level 1:colcon.colcon_core.package_identification:_identify(install) by extensions ['ignore', 'ignore_ament_install']
[1.243s] Level 1:colcon.colcon_core.package_identification:_identify(install) by extension 'ignore'
[1.243s] Level 1:colcon.colcon_core.package_identification:_identify(install) ignored
[1.243s] Level 1:colcon.colcon_core.package_identification:_identify(log) by extensions ['ignore', 'ignore_ament_install']
[1.243s] Level 1:colcon.colcon_core.package_identification:_identify(log) by extension 'ignore'
[1.243s] Level 1:colcon.colcon_core.package_identification:_identify(log) ignored
[1.243s] Level 1:colcon.colcon_core.package_identification:_identify(src) by extensions ['ignore', 'ignore_ament_install']
[1.243s] Level 1:colcon.colcon_core.package_identification:_identify(src) by extension 'ignore'
[1.243s] Level 1:colcon.colcon_core.package_identification:_identify(src) by extension 'ignore_ament_install'
[1.243s] Level 1:colcon.colcon_core.package_identification:_identify(src) by extensions ['colcon_pkg']
[1.243s] Level 1:colcon.colcon_core.package_identification:_identify(src) by extension 'colcon_pkg'
[1.243s] Level 1:colcon.colcon_core.package_identification:_identify(src) by extensions ['colcon_meta']
[1.243s] Level 1:colcon.colcon_core.package_identification:_identify(src) by extension 'colcon_meta'
[1.244s] Level 1:colcon.colcon_core.package_identification:_identify(src) by extensions ['ros']
[1.244s] Level 1:colcon.colcon_core.package_identification:_identify(src) by extension 'ros'
[1.244s] Level 1:colcon.colcon_core.package_identification:_identify(src) by extensions ['cmake', 'python']
[1.244s] Level 1:colcon.colcon_core.package_identification:_identify(src) by extension 'cmake'
[1.244s] Level 1:colcon.colcon_core.package_identification:_identify(src) by extension 'python'
[1.244s] Level 1:colcon.colcon_core.package_identification:_identify(src) by extensions ['python_setup_py']
[1.244s] Level 1:colcon.colcon_core.package_identification:_identify(src) by extension 'python_setup_py'
[1.244s] Level 1:colcon.colcon_core.package_identification:_identify(src/basic_comms) by extensions ['ignore', 'ignore_ament_install']
[1.244s] Level 1:colcon.colcon_core.package_identification:_identify(src/basic_comms) by extension 'ignore'
[1.244s] Level 1:colcon.colcon_core.package_identification:_identify(src/basic_comms) by extension 'ignore_ament_install'
[1.244s] Level 1:colcon.colcon_core.package_identification:_identify(src/basic_comms) by extensions ['colcon_pkg']
[1.244s] Level 1:colcon.colcon_core.package_identification:_identify(src/basic_comms) by extension 'colcon_pkg'
[1.244s] Level 1:colcon.colcon_core.package_identification:_identify(src/basic_comms) by extensions ['colcon_meta']
[1.244s] Level 1:colcon.colcon_core.package_identification:_identify(src/basic_comms) by extension 'colcon_meta'
[1.244s] Level 1:colcon.colcon_core.package_identification:_identify(src/basic_comms) by extensions ['ros']
[1.244s] Level 1:colcon.colcon_core.package_identification:_identify(src/basic_comms) by extension 'ros'
[1.248s] DEBUG:colcon.colcon_core.package_identification:Package 'src/basic_comms' with type 'ros.ament_python' and name 'basic_comms'
[1.248s] Level 1:colcon.colcon_core.package_identification:_identify(src/basic_comms_params) by extensions ['ignore', 'ignore_ament_install']
[1.248s] Level 1:colcon.colcon_core.package_identification:_identify(src/basic_comms_params) by extension 'ignore'
[1.248s] Level 1:colcon.colcon_core.package_identification:_identify(src/basic_comms_params) by extension 'ignore_ament_install'
[1.248s] Level 1:colcon.colcon_core.package_identification:_identify(src/basic_comms_params) by extensions ['colcon_pkg']
[1.248s] Level 1:colcon.colcon_core.package_identification:_identify(src/basic_comms_params) by extension 'colcon_pkg'
[1.248s] Level 1:colcon.colcon_core.package_identification:_identify(src/basic_comms_params) by extensions ['colcon_meta']
[1.249s] Level 1:colcon.colcon_core.package_identification:_identify(src/basic_comms_params) by extension 'colcon_meta'
[1.249s] Level 1:colcon.colcon_core.package_identification:_identify(src/basic_comms_params) by extensions ['ros']
[1.249s] Level 1:colcon.colcon_core.package_identification:_identify(src/basic_comms_params) by extension 'ros'
[1.249s] DEBUG:colcon.colcon_core.package_identification:Package 'src/basic_comms_params' with type 'ros.ament_python' and name 'basic_comms_params'
[1.250s] Level 1:colcon.colcon_core.package_identification:_identify(src/build) by extensions ['ignore', 'ignore_ament_install']
[1.250s] Level 1:colcon.colcon_core.package_identification:_identify(src/build) by extension 'ignore'
[1.250s] Level 1:colcon.colcon_core.package_identification:_identify(src/build) ignored
[1.250s] Level 1:colcon.colcon_core.package_identification:_identify(src/courseworks) by extensions ['ignore', 'ignore_ament_install']
[1.250s] Level 1:colcon.colcon_core.package_identification:_identify(src/courseworks) by extension 'ignore'
[1.250s] Level 1:colcon.colcon_core.package_identification:_identify(src/courseworks) by extension 'ignore_ament_install'
[1.250s] Level 1:colcon.colcon_core.package_identification:_identify(src/courseworks) by extensions ['colcon_pkg']
[1.250s] Level 1:colcon.colcon_core.package_identification:_identify(src/courseworks) by extension 'colcon_pkg'
[1.250s] Level 1:colcon.colcon_core.package_identification:_identify(src/courseworks) by extensions ['colcon_meta']
[1.250s] Level 1:colcon.colcon_core.package_identification:_identify(src/courseworks) by extension 'colcon_meta'
[1.250s] Level 1:colcon.colcon_core.package_identification:_identify(src/courseworks) by extensions ['ros']
[1.250s] Level 1:colcon.colcon_core.package_identification:_identify(src/courseworks) by extension 'ros'
[1.251s] DEBUG:colcon.colcon_core.package_identification:Package 'src/courseworks' with type 'ros.ament_python' and name 'courseworks'
[1.251s] Level 1:colcon.colcon_core.package_identification:_identify(src/install) by extensions ['ignore', 'ignore_ament_install']
[1.251s] Level 1:colcon.colcon_core.package_identification:_identify(src/install) by extension 'ignore'
[1.251s] Level 1:colcon.colcon_core.package_identification:_identify(src/install) ignored
[1.252s] Level 1:colcon.colcon_core.package_identification:_identify(src/log) by extensions ['ignore', 'ignore_ament_install']
[1.252s] Level 1:colcon.colcon_core.package_identification:_identify(src/log) by extension 'ignore'
[1.252s] Level 1:colcon.colcon_core.package_identification:_identify(src/log) ignored
[1.252s] Level 1:colcon.colcon_core.package_discovery:discover_packages(recursive) using defaults
[1.252s] Level 1:colcon.colcon_core.package_discovery:discover_packages(ignore) discover
[1.252s] Level 1:colcon.colcon_core.package_discovery:discover_packages(ignore) using defaults
[1.252s] Level 1:colcon.colcon_core.package_discovery:discover_packages(path) discover
[1.252s] Level 1:colcon.colcon_core.package_discovery:discover_packages(path) using defaults
[1.358s] Level 1:colcon.colcon_core.package_discovery:discover_packages(prefix_path) check parameters
[1.358s] Level 1:colcon.colcon_core.package_discovery:discover_packages(prefix_path) discover
[1.394s] DEBUG:colcon.colcon_installed_package_information.package_discovery:Found 3 installed packages in /home/angel/ros2_ws/install
[1.412s] DEBUG:colcon.colcon_installed_package_information.package_discovery:Found 270 installed packages in /opt/ros/humble
[1.414s] Level 1:colcon.colcon_core.package_discovery:discover_packages(prefix_path) using defaults
[1.519s] Level 5:colcon.colcon_core.verb:set package 'basic_comms' build argument 'cmake_args' from command line to 'None'
[1.519s] Level 5:colcon.colcon_core.verb:set package 'basic_comms' build argument 'cmake_target' from command line to 'None'
[1.519s] Level 5:colcon.colcon_core.verb:set package 'basic_comms' build argument 'cmake_target_skip_unavailable' from command line to 'False'
[1.519s] Level 5:colcon.colcon_core.verb:set package 'basic_comms' build argument 'cmake_clean_cache' from command line to 'False'
[1.519s] Level 5:colcon.colcon_core.verb:set package 'basic_comms' build argument 'cmake_clean_first' from command line to 'False'
[1.519s] Level 5:colcon.colcon_core.verb:set package 'basic_comms' build argument 'cmake_force_configure' from command line to 'False'
[1.519s] Level 5:colcon.colcon_core.verb:set package 'basic_comms' build argument 'ament_cmake_args' from command line to 'None'
[1.519s] Level 5:colcon.colcon_core.verb:set package 'basic_comms' build argument 'catkin_cmake_args' from command line to 'None'
[1.519s] Level 5:colcon.colcon_core.verb:set package 'basic_comms' build argument 'catkin_skip_building_tests' from command line to 'False'
[1.520s] DEBUG:colcon.colcon_core.verb:Building package 'basic_comms' with the following arguments: {'ament_cmake_args': None, 'build_base': '/home/angel/ros2_ws/build/basic_comms', 'catkin_cmake_args': None, 'catkin_skip_building_tests': False, 'cmake_args': None, 'cmake_clean_cache': False, 'cmake_clean_first': False, 'cmake_force_configure': False, 'cmake_target': None, 'cmake_target_skip_unavailable': False, 'install_base': '/home/angel/ros2_ws/install/basic_comms', 'merge_install': False, 'path': '/home/angel/ros2_ws/src/basic_comms', 'symlink_install': False, 'test_result_base': None}
[1.536s] Level 5:colcon.colcon_core.verb:set package 'basic_comms_params' build argument 'cmake_args' from command line to 'None'
[1.536s] Level 5:colcon.colcon_core.verb:set package 'basic_comms_params' build argument 'cmake_target' from command line to 'None'
[1.536s] Level 5:colcon.colcon_core.verb:set package 'basic_comms_params' build argument 'cmake_target_skip_unavailable' from command line to 'False'
[1.536s] Level 5:colcon.colcon_core.verb:set package 'basic_comms_params' build argument 'cmake_clean_cache' from command line to 'False'
[1.536s] Level 5:colcon.colcon_core.verb:set package 'basic_comms_params' build argument 'cmake_clean_first' from command line to 'False'
[1.536s] Level 5:colcon.colcon_core.verb:set package 'basic_comms_params' build argument 'cmake_force_configure' from command line to 'False'
[1.536s] Level 5:colcon.colcon_core.verb:set package 'basic_comms_params' build argument 'ament_cmake_args' from command line to 'None'
[1.536s] Level 5:colcon.colcon_core.verb:set package 'basic_comms_params' build argument 'catkin_cmake_args' from command line to 'None'
[1.536s] Level 5:colcon.colcon_core.verb:set package 'basic_comms_params' build argument 'catkin_skip_building_tests' from command line to 'False'
[1.536s] DEBUG:colcon.colcon_core.verb:Building package 'basic_comms_params' with the following arguments: {'ament_cmake_args': None, 'build_base': '/home/angel/ros2_ws/build/basic_comms_params', 'catkin_cmake_args': None, 'catkin_skip_building_tests': False, 'cmake_args': None, 'cmake_clean_cache': False, 'cmake_clean_first': False, 'cmake_force_configure': False, 'cmake_target': None, 'cmake_target_skip_unavailable': False, 'install_base': '/home/angel/ros2_ws/install/basic_comms_params', 'merge_install': False, 'path': '/home/angel/ros2_ws/src/basic_comms_params', 'symlink_install': False, 'test_result_base': None}
[1.553s] Level 5:colcon.colcon_core.verb:set package 'courseworks' build argument 'cmake_args' from command line to 'None'
[1.554s] Level 5:colcon.colcon_core.verb:set package 'courseworks' build argument 'cmake_target' from command line to 'None'
[1.554s] Level 5:colcon.colcon_core.verb:set package 'courseworks' build argument 'cmake_target_skip_unavailable' from command line to 'False'
[1.554s] Level 5:colcon.colcon_core.verb:set package 'courseworks' build argument 'cmake_clean_cache' from command line to 'False'
[1.554s] Level 5:colcon.colcon_core.verb:set package 'courseworks' build argument 'cmake_clean_first' from command line to 'False'
[1.554s] Level 5:colcon.colcon_core.verb:set package 'courseworks' build argument 'cmake_force_configure' from command line to 'False'
[1.554s] Level 5:colcon.colcon_core.verb:set package 'courseworks' build argument 'ament_cmake_args' from command line to 'None'
[1.554s] Level 5:colcon.colcon_core.verb:set package 'courseworks' build argument 'catkin_cmake_args' from command line to 'None'
[1.554s] Level 5:colcon.colcon_core.verb:set package 'courseworks' build argument 'catkin_skip_building_tests' from command line to 'False'
[1.554s] DEBUG:colcon.colcon_core.verb:Building package 'courseworks' with the following arguments: {'ament_cmake_args': None, 'build_base': '/home/angel/ros2_ws/build/courseworks', 'catkin_cmake_args': None, 'catkin_skip_building_tests': False, 'cmake_args': None, 'cmake_clean_cache': False, 'cmake_clean_first': False, 'cmake_force_configure': False, 'cmake_target': None, 'cmake_target_skip_unavailable': False, 'install_base': '/home/angel/ros2_ws/install/courseworks', 'merge_install': False, 'path': '/home/angel/ros2_ws/src/courseworks', 'symlink_install': False, 'test_result_base': None}
[1.570s] INFO:colcon.colcon_core.executor:Executing jobs using 'parallel' executor
[1.588s] DEBUG:colcon.colcon_parallel_executor.executor.parallel:run_until_complete
[1.589s] INFO:colcon.colcon_ros.task.ament_python.build:Building ROS package in '/home/angel/ros2_ws/src/basic_comms' with build type 'ament_python'
[1.589s] Level 1:colcon.colcon_core.shell:create_environment_hook('basic_comms', 'ament_prefix_path')
[1.608s] INFO:colcon.colcon_core.plugin_system:Skipping extension 'colcon_core.shell.bat': Not used on non-Windows systems
[1.609s] INFO:colcon.colcon_core.shell:Creating environment hook '/home/angel/ros2_ws/install/basic_comms/share/basic_comms/hook/ament_prefix_path.ps1'
[1.610s] INFO:colcon.colcon_core.shell:Creating environment descriptor '/home/angel/ros2_ws/install/basic_comms/share/basic_comms/hook/ament_prefix_path.dsv'
[1.610s] INFO:colcon.colcon_core.shell:Creating environment hook '/home/angel/ros2_ws/install/basic_comms/share/basic_comms/hook/ament_prefix_path.sh'
[1.627s] INFO:colcon.colcon_core.shell:Skip shell extension 'powershell' for command environment: Not usable outside of PowerShell
[1.628s] DEBUG:colcon.colcon_core.shell:Skip shell extension 'dsv' for command environment
[1.680s] INFO:colcon.colcon_ros.task.ament_python.build:Building ROS package in '/home/angel/ros2_ws/src/basic_comms_params' with build type 'ament_python'
[1.681s] Level 1:colcon.colcon_core.shell:create_environment_hook('basic_comms_params', 'ament_prefix_path')
[1.698s] INFO:colcon.colcon_core.shell:Creating environment hook '/home/angel/ros2_ws/install/basic_comms_params/share/basic_comms_params/hook/ament_prefix_path.ps1'
[1.699s] INFO:colcon.colcon_core.shell:Creating environment descriptor '/home/angel/ros2_ws/install/basic_comms_params/share/basic_comms_params/hook/ament_prefix_path.dsv'
[1.699s] INFO:colcon.colcon_core.shell:Creating environment hook '/home/angel/ros2_ws/install/basic_comms_params/share/basic_comms_params/hook/ament_prefix_path.sh'
[1.716s] INFO:colcon.colcon_core.shell:Skip shell extension 'powershell' for command environment: Not usable outside of PowerShell
[1.717s] DEBUG:colcon.colcon_core.shell:Skip shell extension 'dsv' for command environment
[1.773s] INFO:colcon.colcon_ros.task.ament_python.build:Building ROS package in '/home/angel/ros2_ws/src/courseworks' with build type 'ament_python'
[1.773s] Level 1:colcon.colcon_core.shell:create_environment_hook('courseworks', 'ament_prefix_path')
[1.792s] INFO:colcon.colcon_core.shell:Creating environment hook '/home/angel/ros2_ws/install/courseworks/share/courseworks/hook/ament_prefix_path.ps1'
[1.793s] INFO:colcon.colcon_core.shell:Creating environment descriptor '/home/angel/ros2_ws/install/courseworks/share/courseworks/hook/ament_prefix_path.dsv'
[1.794s] INFO:colcon.colcon_core.shell:Creating environment hook '/home/angel/ros2_ws/install/courseworks/share/courseworks/hook/ament_prefix_path.sh'
[1.812s] INFO:colcon.colcon_core.shell:Skip shell extension 'powershell' for command environment: Not usable outside of PowerShell
[1.812s] DEBUG:colcon.colcon_core.shell:Skip shell extension 'dsv' for command environment
[2.192s] INFO:colcon.colcon_core.task.python.build:Building Python package in '/home/angel/ros2_ws/src/basic_comms'
[2.209s] INFO:colcon.colcon_core.shell:Skip shell extension 'powershell' for command environment: Not usable outside of PowerShell
[2.209s] DEBUG:colcon.colcon_core.shell:Skip shell extension 'dsv' for command environment
[2.578s] INFO:colcon.colcon_core.task.python.build:Building Python package in '/home/angel/ros2_ws/src/basic_comms_params'
[2.595s] INFO:colcon.colcon_core.shell:Skip shell extension 'powershell' for command environment: Not usable outside of PowerShell
[2.595s] DEBUG:colcon.colcon_core.shell:Skip shell extension 'dsv' for command environment
[2.943s] INFO:colcon.colcon_core.task.python.build:Building Python package in '/home/angel/ros2_ws/src/courseworks'
[2.960s] INFO:colcon.colcon_core.shell:Skip shell extension 'powershell' for command environment: Not usable outside of PowerShell
[2.960s] DEBUG:colcon.colcon_core.shell:Skip shell extension 'dsv' for command environment
[3.413s] DEBUG:colcon.colcon_core.event_handler.log_command:Invoking command in '/home/angel/ros2_ws/src/basic_comms': PYTHONPATH=/home/angel/ros2_ws/build/basic_comms/prefix_override:/home/angel/ros2_ws/install/basic_comms/lib/python3.10/site-packages:${PYTHONPATH} /usr/bin/python3 setup.py egg_info --egg-base ../../build/basic_comms build --build-base /home/angel/ros2_ws/build/basic_comms/build install --record /home/angel/ros2_ws/build/basic_comms/install.log --single-version-externally-managed
[3.433s] DEBUG:colcon.colcon_core.event_handler.log_command:Invoking command in '/home/angel/ros2_ws/src/basic_comms_params': PYTHONPATH=/home/angel/ros2_ws/build/basic_comms_params/prefix_override:/home/angel/ros2_ws/install/basic_comms_params/lib/python3.10/site-packages:${PYTHONPATH} /usr/bin/python3 setup.py egg_info --egg-base ../../build/basic_comms_params build --build-base /home/angel/ros2_ws/build/basic_comms_params/build install --record /home/angel/ros2_ws/build/basic_comms_params/install.log --single-version-externally-managed
[3.438s] DEBUG:colcon.colcon_core.event_handler.log_command:Invoking command in '/home/angel/ros2_ws/src/courseworks': PYTHONPATH=/home/angel/ros2_ws/build/courseworks/prefix_override:/home/angel/ros2_ws/install/courseworks/lib/python3.10/site-packages:${PYTHONPATH} /usr/bin/python3 setup.py egg_info --egg-base ../../build/courseworks build --build-base /home/angel/ros2_ws/build/courseworks/build install --record /home/angel/ros2_ws/build/courseworks/install.log --single-version-externally-managed
[3.769s] DEBUG:colcon.colcon_core.event_handler.log_command:Invoked command in '/home/angel/ros2_ws/src/basic_comms' returned '0': PYTHONPATH=/home/angel/ros2_ws/build/basic_comms/prefix_override:/home/angel/ros2_ws/install/basic_comms/lib/python3.10/site-packages:${PYTHONPATH} /usr/bin/python3 setup.py egg_info --egg-base ../../build/basic_comms build --build-base /home/angel/ros2_ws/build/basic_comms/build install --record /home/angel/ros2_ws/build/basic_comms/install.log --single-version-externally-managed
[3.787s] Level 1:colcon.colcon_core.environment:checking '/home/angel/ros2_ws/install/basic_comms' for CMake module files
[3.788s] Level 1:colcon.colcon_core.environment:checking '/home/angel/ros2_ws/install/basic_comms' for CMake config files
[3.789s] Level 1:colcon.colcon_core.environment:checking '/home/angel/ros2_ws/install/basic_comms/lib'
[3.789s] Level 1:colcon.colcon_core.environment:checking '/home/angel/ros2_ws/install/basic_comms/bin'
[3.789s] Level 1:colcon.colcon_core.environment:checking '/home/angel/ros2_ws/install/basic_comms/lib/pkgconfig/basic_comms.pc'
[3.789s] Level 1:colcon.colcon_core.environment:checking '/home/angel/ros2_ws/install/basic_comms/lib/python3.10/site-packages'
[3.789s] Level 1:colcon.colcon_core.shell:create_environment_hook('basic_comms', 'pythonpath')
[3.806s] INFO:colcon.colcon_core.shell:Creating environment hook '/home/angel/ros2_ws/install/basic_comms/share/basic_comms/hook/pythonpath.ps1'
[3.807s] INFO:colcon.colcon_core.shell:Creating environment descriptor '/home/angel/ros2_ws/install/basic_comms/share/basic_comms/hook/pythonpath.dsv'
[3.807s] INFO:colcon.colcon_core.shell:Creating environment hook '/home/angel/ros2_ws/install/basic_comms/share/basic_comms/hook/pythonpath.sh'
[3.808s] Level 1:colcon.colcon_core.environment:checking '/home/angel/ros2_ws/install/basic_comms/bin'
[3.808s] Level 1:colcon.colcon_core.environment:create_environment_scripts_only(basic_comms)
[3.824s] INFO:colcon.colcon_core.shell:Creating package script '/home/angel/ros2_ws/install/basic_comms/share/basic_comms/package.ps1'
[3.825s] INFO:colcon.colcon_core.shell:Creating package descriptor '/home/angel/ros2_ws/install/basic_comms/share/basic_comms/package.dsv'
[3.826s] INFO:colcon.colcon_core.shell:Creating package script '/home/angel/ros2_ws/install/basic_comms/share/basic_comms/package.sh'
[3.826s] INFO:colcon.colcon_core.shell:Creating package script '/home/angel/ros2_ws/install/basic_comms/share/basic_comms/package.bash'
[3.827s] INFO:colcon.colcon_core.shell:Creating package script '/home/angel/ros2_ws/install/basic_comms/share/basic_comms/package.zsh'
[3.828s] Level 1:colcon.colcon_core.environment:create_file_with_runtime_dependencies(/home/angel/ros2_ws/install/basic_comms/share/colcon-core/packages/basic_comms)
[3.831s] DEBUG:colcon.colcon_core.event_handler.log_command:Invoked command in '/home/angel/ros2_ws/src/courseworks' returned '0': PYTHONPATH=/home/angel/ros2_ws/build/courseworks/prefix_override:/home/angel/ros2_ws/install/courseworks/lib/python3.10/site-packages:${PYTHONPATH} /usr/bin/python3 setup.py egg_info --egg-base ../../build/courseworks build --build-base /home/angel/ros2_ws/build/courseworks/build install --record /home/angel/ros2_ws/build/courseworks/install.log --single-version-externally-managed
[3.847s] Level 1:colcon.colcon_core.environment:checking '/home/angel/ros2_ws/install/courseworks' for CMake module files
[3.847s] Level 1:colcon.colcon_core.environment:checking '/home/angel/ros2_ws/install/courseworks' for CMake config files
[3.848s] Level 1:colcon.colcon_core.environment:checking '/home/angel/ros2_ws/install/courseworks/lib'
[3.848s] Level 1:colcon.colcon_core.environment:checking '/home/angel/ros2_ws/install/courseworks/bin'
[3.848s] Level 1:colcon.colcon_core.environment:checking '/home/angel/ros2_ws/install/courseworks/lib/pkgconfig/courseworks.pc'
[3.849s] Level 1:colcon.colcon_core.environment:checking '/home/angel/ros2_ws/install/courseworks/lib/python3.10/site-packages'
[3.849s] Level 1:colcon.colcon_core.shell:create_environment_hook('courseworks', 'pythonpath')
[3.865s] INFO:colcon.colcon_core.shell:Creating environment hook '/home/angel/ros2_ws/install/courseworks/share/courseworks/hook/pythonpath.ps1'
[3.866s] INFO:colcon.colcon_core.shell:Creating environment descriptor '/home/angel/ros2_ws/install/courseworks/share/courseworks/hook/pythonpath.dsv'
[3.866s] INFO:colcon.colcon_core.shell:Creating environment hook '/home/angel/ros2_ws/install/courseworks/share/courseworks/hook/pythonpath.sh'
[3.867s] Level 1:colcon.colcon_core.environment:checking '/home/angel/ros2_ws/install/courseworks/bin'
[3.867s] Level 1:colcon.colcon_core.environment:create_environment_scripts_only(courseworks)
[3.883s] INFO:colcon.colcon_core.shell:Creating package script '/home/angel/ros2_ws/install/courseworks/share/courseworks/package.ps1'
[3.884s] INFO:colcon.colcon_core.shell:Creating package descriptor '/home/angel/ros2_ws/install/courseworks/share/courseworks/package.dsv'
[3.884s] INFO:colcon.colcon_core.shell:Creating package script '/home/angel/ros2_ws/install/courseworks/share/courseworks/package.sh'
[3.885s] INFO:colcon.colcon_core.shell:Creating package script '/home/angel/ros2_ws/install/courseworks/share/courseworks/package.bash'
[3.885s] INFO:colcon.colcon_core.shell:Creating package script '/home/angel/ros2_ws/install/courseworks/share/courseworks/package.zsh'
[3.886s] Level 1:colcon.colcon_core.environment:create_file_with_runtime_dependencies(/home/angel/ros2_ws/install/courseworks/share/colcon-core/packages/courseworks)
[3.888s] DEBUG:colcon.colcon_core.event_handler.log_command:Invoked command in '/home/angel/ros2_ws/src/basic_comms_params' returned '0': PYTHONPATH=/home/angel/ros2_ws/build/basic_comms_params/prefix_override:/home/angel/ros2_ws/install/basic_comms_params/lib/python3.10/site-packages:${PYTHONPATH} /usr/bin/python3 setup.py egg_info --egg-base ../../build/basic_comms_params build --build-base /home/angel/ros2_ws/build/basic_comms_params/build install --record /home/angel/ros2_ws/build/basic_comms_params/install.log --single-version-externally-managed
[3.904s] Level 1:colcon.colcon_core.environment:checking '/home/angel/ros2_ws/install/basic_comms_params' for CMake module files
[3.904s] Level 1:colcon.colcon_core.environment:checking '/home/angel/ros2_ws/install/basic_comms_params' for CMake config files
[3.905s] Level 1:colcon.colcon_core.environment:checking '/home/angel/ros2_ws/install/basic_comms_params/lib'
[3.905s] Level 1:colcon.colcon_core.environment:checking '/home/angel/ros2_ws/install/basic_comms_params/bin'
[3.905s] Level 1:colcon.colcon_core.environment:checking '/home/angel/ros2_ws/install/basic_comms_params/lib/pkgconfig/basic_comms_params.pc'
[3.906s] Level 1:colcon.colcon_core.environment:checking '/home/angel/ros2_ws/install/basic_comms_params/lib/python3.10/site-packages'
[3.906s] Level 1:colcon.colcon_core.shell:create_environment_hook('basic_comms_params', 'pythonpath')
[3.922s] INFO:colcon.colcon_core.shell:Creating environment hook '/home/angel/ros2_ws/install/basic_comms_params/share/basic_comms_params/hook/pythonpath.ps1'
[3.923s] INFO:colcon.colcon_core.shell:Creating environment descriptor '/home/angel/ros2_ws/install/basic_comms_params/share/basic_comms_params/hook/pythonpath.dsv'
[3.923s] INFO:colcon.colcon_core.shell:Creating environment hook '/home/angel/ros2_ws/install/basic_comms_params/share/basic_comms_params/hook/pythonpath.sh'
[3.923s] Level 1:colcon.colcon_core.environment:checking '/home/angel/ros2_ws/install/basic_comms_params/bin'
[3.924s] Level 1:colcon.colcon_core.environment:create_environment_scripts_only(basic_comms_params)
[3.940s] INFO:colcon.colcon_core.shell:Creating package script '/home/angel/ros2_ws/install/basic_comms_params/share/basic_comms_params/package.ps1'
[3.941s] INFO:colcon.colcon_core.shell:Creating package descriptor '/home/angel/ros2_ws/install/basic_comms_params/share/basic_comms_params/package.dsv'
[3.941s] INFO:colcon.colcon_core.shell:Creating package script '/home/angel/ros2_ws/install/basic_comms_params/share/basic_comms_params/package.sh'
[3.941s] INFO:colcon.colcon_core.shell:Creating package script '/home/angel/ros2_ws/install/basic_comms_params/share/basic_comms_params/package.bash'
[3.942s] INFO:colcon.colcon_core.shell:Creating package script '/home/angel/ros2_ws/install/basic_comms_params/share/basic_comms_params/package.zsh'
[3.942s] Level 1:colcon.colcon_core.environment:create_file_with_runtime_dependencies(/home/angel/ros2_ws/install/basic_comms_params/share/colcon-core/packages/basic_comms_params)
[3.943s] DEBUG:colcon.colcon_parallel_executor.executor.parallel:closing loop
[3.943s] DEBUG:colcon.colcon_parallel_executor.executor.parallel:loop closed
[3.943s] DEBUG:colcon.colcon_parallel_executor.executor.parallel:run_until_complete finished with '0'
[3.943s] DEBUG:colcon.colcon_core.event_reactor:joining thread
[3.966s] INFO:colcon.colcon_core.plugin_system:Skipping extension 'colcon_notification.desktop_notification.terminal_notifier': Not used on non-Darwin systems
[3.966s] INFO:colcon.colcon_core.plugin_system:Skipping extension 'colcon_notification.desktop_notification.win32': Not used on non-Windows systems
[3.966s] INFO:colcon.colcon_notification.desktop_notification:Sending desktop notification using 'notify2'
[3.980s] DEBUG:colcon.colcon_core.event_reactor:joined thread
[4.000s] INFO:colcon.colcon_core.shell:Creating prefix script '/home/angel/ros2_ws/install/local_setup.ps1'
[4.001s] INFO:colcon.colcon_core.shell:Creating prefix util module '/home/angel/ros2_ws/install/_local_setup_util_ps1.py'
[4.003s] INFO:colcon.colcon_core.shell:Creating prefix chain script '/home/angel/ros2_ws/install/setup.ps1'
[4.021s] INFO:colcon.colcon_core.shell:Creating prefix script '/home/angel/ros2_ws/install/local_setup.sh'
[4.021s] INFO:colcon.colcon_core.shell:Creating prefix util module '/home/angel/ros2_ws/install/_local_setup_util_sh.py'
[4.022s] INFO:colcon.colcon_core.shell:Creating prefix chain script '/home/angel/ros2_ws/install/setup.sh'
[4.039s] INFO:colcon.colcon_core.shell:Creating prefix script '/home/angel/ros2_ws/install/local_setup.bash'
[4.040s] INFO:colcon.colcon_core.shell:Creating prefix chain script '/home/angel/ros2_ws/install/setup.bash'
[4.057s] INFO:colcon.colcon_core.shell:Creating prefix script '/home/angel/ros2_ws/install/local_setup.zsh'
[4.057s] INFO:colcon.colcon_core.shell:Creating prefix chain script '/home/angel/ros2_ws/install/setup.zsh'
