[1.227s] DEBUG:colcon:Command line arguments: ['/usr/bin/colcon', 'build']
[1.228s] DEBUG:colcon:Parsed command line arguments: Namespace(log_base=None, log_level=None, verb_name='build', build_base='build', install_base='install', merge_install=False, symlink_install=False, test_result_base=None, continue_on_error=False, executor='parallel', parallel_workers=12, event_handlers=None, ignore_user_meta=False, metas=['./colcon.meta'], base_paths=['.'], packages_ignore=None, packages_ignore_regex=None, paths=None, packages_up_to=None, packages_up_to_regex=None, packages_above=None, packages_above_and_dependencies=None, packages_above_depth=None, packages_select_by_dep=None, packages_skip_by_dep=None, packages_skip_up_to=None, packages_select_build_failed=False, packages_skip_build_finished=False, packages_select_test_failures=False, packages_skip_test_passed=False, packages_select=None, packages_skip=None, packages_select_regex=None, packages_skip_regex=None, packages_start=None, packages_end=None, allow_overriding=[], cmake_args=None, cmake_target=None, cmake_target_skip_unavailable=False, cmake_clean_cache=False, cmake_clean_first=False, cmake_force_configure=False, ament_cmake_args=None, catkin_cmake_args=None, catkin_skip_building_tests=False, verb_parser=<colcon_defaults.argument_parser.defaults.DefaultArgumentsDecorator object at 0x7f1757778f10>, verb_extension=<colcon_core.verb.build.BuildVerb object at 0x7f175777ac50>, main=<bound method BuildVerb.main of <colcon_core.verb.build.BuildVerb object at 0x7f175777ac50>>)
[1.304s] Level 1:colcon.colcon_core.package_discovery:discover_packages(colcon_meta) check parameters
[1.304s] Level 1:colcon.colcon_core.package_discovery:discover_packages(recursive) check parameters
[1.304s] Level 1:colcon.colcon_core.package_discovery:discover_packages(ignore) check parameters
[1.304s] Level 1:colcon.colcon_core.package_discovery:discover_packages(path) check parameters
[1.305s] Level 1:colcon.colcon_core.package_discovery:discover_packages(colcon_meta) discover
[1.305s] Level 1:colcon.colcon_core.package_discovery:discover_packages(recursive) discover
[1.305s] INFO:colcon.colcon_core.package_discovery:Crawling recursively for packages in '/home/angel/ros2_ws'
[1.305s] Level 1:colcon.colcon_core.package_identification:_identify(.) by extensions ['ignore', 'ignore_ament_install']
[1.305s] Level 1:colcon.colcon_core.package_identification:_identify(.) by extension 'ignore'
[1.305s] Level 1:colcon.colcon_core.package_identification:_identify(.) by extension 'ignore_ament_install'
[1.305s] Level 1:colcon.colcon_core.package_identification:_identify(.) by extensions ['colcon_pkg']
[1.305s] Level 1:colcon.colcon_core.package_identification:_identify(.) by extension 'colcon_pkg'
[1.305s] Level 1:colcon.colcon_core.package_identification:_identify(.) by extensions ['colcon_meta']
[1.306s] Level 1:colcon.colcon_core.package_identification:_identify(.) by extension 'colcon_meta'
[1.306s] Level 1:colcon.colcon_core.package_identification:_identify(.) by extensions ['ros']
[1.306s] Level 1:colcon.colcon_core.package_identification:_identify(.) by extension 'ros'
[1.324s] Level 1:colcon.colcon_core.package_identification:_identify(.) by extensions ['cmake', 'python']
[1.324s] Level 1:colcon.colcon_core.package_identification:_identify(.) by extension 'cmake'
[1.324s] Level 1:colcon.colcon_core.package_identification:_identify(.) by extension 'python'
[1.324s] Level 1:colcon.colcon_core.package_identification:_identify(.) by extensions ['python_setup_py']
[1.324s] Level 1:colcon.colcon_core.package_identification:_identify(.) by extension 'python_setup_py'
[1.325s] Level 1:colcon.colcon_core.package_identification:_identify(build) by extensions ['ignore', 'ignore_ament_install']
[1.325s] Level 1:colcon.colcon_core.package_identification:_identify(build) by extension 'ignore'
[1.325s] Level 1:colcon.colcon_core.package_identification:_identify(build) ignored
[1.325s] Level 1:colcon.colcon_core.package_identification:_identify(install) by extensions ['ignore', 'ignore_ament_install']
[1.325s] Level 1:colcon.colcon_core.package_identification:_identify(install) by extension 'ignore'
[1.325s] Level 1:colcon.colcon_core.package_identification:_identify(install) ignored
[1.325s] Level 1:colcon.colcon_core.package_identification:_identify(log) by extensions ['ignore', 'ignore_ament_install']
[1.326s] Level 1:colcon.colcon_core.package_identification:_identify(log) by extension 'ignore'
[1.326s] Level 1:colcon.colcon_core.package_identification:_identify(log) ignored
[1.326s] Level 1:colcon.colcon_core.package_identification:_identify(src) by extensions ['ignore', 'ignore_ament_install']
[1.326s] Level 1:colcon.colcon_core.package_identification:_identify(src) by extension 'ignore'
[1.326s] Level 1:colcon.colcon_core.package_identification:_identify(src) by extension 'ignore_ament_install'
[1.326s] Level 1:colcon.colcon_core.package_identification:_identify(src) by extensions ['colcon_pkg']
[1.326s] Level 1:colcon.colcon_core.package_identification:_identify(src) by extension 'colcon_pkg'
[1.326s] Level 1:colcon.colcon_core.package_identification:_identify(src) by extensions ['colcon_meta']
[1.326s] Level 1:colcon.colcon_core.package_identification:_identify(src) by extension 'colcon_meta'
[1.326s] Level 1:colcon.colcon_core.package_identification:_identify(src) by extensions ['ros']
[1.327s] Level 1:colcon.colcon_core.package_identification:_identify(src) by extension 'ros'
[1.327s] Level 1:colcon.colcon_core.package_identification:_identify(src) by extensions ['cmake', 'python']
[1.327s] Level 1:colcon.colcon_core.package_identification:_identify(src) by extension 'cmake'
[1.327s] Level 1:colcon.colcon_core.package_identification:_identify(src) by extension 'python'
[1.327s] Level 1:colcon.colcon_core.package_identification:_identify(src) by extensions ['python_setup_py']
[1.327s] Level 1:colcon.colcon_core.package_identification:_identify(src) by extension 'python_setup_py'
[1.327s] Level 1:colcon.colcon_core.package_identification:_identify(src/basic_comms) by extensions ['ignore', 'ignore_ament_install']
[1.327s] Level 1:colcon.colcon_core.package_identification:_identify(src/basic_comms) by extension 'ignore'
[1.327s] Level 1:colcon.colcon_core.package_identification:_identify(src/basic_comms) by extension 'ignore_ament_install'
[1.327s] Level 1:colcon.colcon_core.package_identification:_identify(src/basic_comms) by extensions ['colcon_pkg']
[1.327s] Level 1:colcon.colcon_core.package_identification:_identify(src/basic_comms) by extension 'colcon_pkg'
[1.327s] Level 1:colcon.colcon_core.package_identification:_identify(src/basic_comms) by extensions ['colcon_meta']
[1.327s] Level 1:colcon.colcon_core.package_identification:_identify(src/basic_comms) by extension 'colcon_meta'
[1.327s] Level 1:colcon.colcon_core.package_identification:_identify(src/basic_comms) by extensions ['ros']
[1.327s] Level 1:colcon.colcon_core.package_identification:_identify(src/basic_comms) by extension 'ros'
[1.332s] DEBUG:colcon.colcon_core.package_identification:Package 'src/basic_comms' with type 'ros.ament_python' and name 'basic_comms'
[1.332s] Level 1:colcon.colcon_core.package_discovery:discover_packages(recursive) using defaults
[1.332s] Level 1:colcon.colcon_core.package_discovery:discover_packages(ignore) discover
[1.332s] Level 1:colcon.colcon_core.package_discovery:discover_packages(ignore) using defaults
[1.332s] Level 1:colcon.colcon_core.package_discovery:discover_packages(path) discover
[1.332s] Level 1:colcon.colcon_core.package_discovery:discover_packages(path) using defaults
[1.443s] Level 1:colcon.colcon_core.package_discovery:discover_packages(prefix_path) check parameters
[1.443s] Level 1:colcon.colcon_core.package_discovery:discover_packages(prefix_path) discover
[1.479s] DEBUG:colcon.colcon_installed_package_information.package_discovery:Found 270 installed packages in /opt/ros/humble
[1.481s] Level 1:colcon.colcon_core.package_discovery:discover_packages(prefix_path) using defaults
[1.585s] Level 5:colcon.colcon_core.verb:set package 'basic_comms' build argument 'cmake_args' from command line to 'None'
[1.586s] Level 5:colcon.colcon_core.verb:set package 'basic_comms' build argument 'cmake_target' from command line to 'None'
[1.586s] Level 5:colcon.colcon_core.verb:set package 'basic_comms' build argument 'cmake_target_skip_unavailable' from command line to 'False'
[1.586s] Level 5:colcon.colcon_core.verb:set package 'basic_comms' build argument 'cmake_clean_cache' from command line to 'False'
[1.586s] Level 5:colcon.colcon_core.verb:set package 'basic_comms' build argument 'cmake_clean_first' from command line to 'False'
[1.586s] Level 5:colcon.colcon_core.verb:set package 'basic_comms' build argument 'cmake_force_configure' from command line to 'False'
[1.586s] Level 5:colcon.colcon_core.verb:set package 'basic_comms' build argument 'ament_cmake_args' from command line to 'None'
[1.586s] Level 5:colcon.colcon_core.verb:set package 'basic_comms' build argument 'catkin_cmake_args' from command line to 'None'
[1.586s] Level 5:colcon.colcon_core.verb:set package 'basic_comms' build argument 'catkin_skip_building_tests' from command line to 'False'
[1.586s] DEBUG:colcon.colcon_core.verb:Building package 'basic_comms' with the following arguments: {'ament_cmake_args': None, 'build_base': '/home/angel/ros2_ws/build/basic_comms', 'catkin_cmake_args': None, 'catkin_skip_building_tests': False, 'cmake_args': None, 'cmake_clean_cache': False, 'cmake_clean_first': False, 'cmake_force_configure': False, 'cmake_target': None, 'cmake_target_skip_unavailable': False, 'install_base': '/home/angel/ros2_ws/install/basic_comms', 'merge_install': False, 'path': '/home/angel/ros2_ws/src/basic_comms', 'symlink_install': False, 'test_result_base': None}
[1.602s] INFO:colcon.colcon_core.executor:Executing jobs using 'parallel' executor
[1.619s] DEBUG:colcon.colcon_parallel_executor.executor.parallel:run_until_complete
[1.620s] INFO:colcon.colcon_ros.task.ament_python.build:Building ROS package in '/home/angel/ros2_ws/src/basic_comms' with build type 'ament_python'
[1.620s] Level 1:colcon.colcon_core.shell:create_environment_hook('basic_comms', 'ament_prefix_path')
[1.642s] INFO:colcon.colcon_core.plugin_system:Skipping extension 'colcon_core.shell.bat': Not used on non-Windows systems
[1.642s] INFO:colcon.colcon_core.shell:Creating environment hook '/home/angel/ros2_ws/install/basic_comms/share/basic_comms/hook/ament_prefix_path.ps1'
[1.643s] INFO:colcon.colcon_core.shell:Creating environment descriptor '/home/angel/ros2_ws/install/basic_comms/share/basic_comms/hook/ament_prefix_path.dsv'
[1.644s] INFO:colcon.colcon_core.shell:Creating environment hook '/home/angel/ros2_ws/install/basic_comms/share/basic_comms/hook/ament_prefix_path.sh'
[1.661s] INFO:colcon.colcon_core.shell:Skip shell extension 'powershell' for command environment: Not usable outside of PowerShell
[1.661s] DEBUG:colcon.colcon_core.shell:Skip shell extension 'dsv' for command environment
[2.019s] INFO:colcon.colcon_core.task.python.build:Building Python package in '/home/angel/ros2_ws/src/basic_comms'
[2.036s] INFO:colcon.colcon_core.shell:Skip shell extension 'powershell' for command environment: Not usable outside of PowerShell
[2.036s] DEBUG:colcon.colcon_core.shell:Skip shell extension 'dsv' for command environment
[2.513s] DEBUG:colcon.colcon_core.event_handler.log_command:Invoking command in '/home/angel/ros2_ws/src/basic_comms': PYTHONPATH=/home/angel/ros2_ws/build/basic_comms/prefix_override:/home/angel/ros2_ws/install/basic_comms/lib/python3.10/site-packages:${PYTHONPATH} /usr/bin/python3 setup.py egg_info --egg-base ../../build/basic_comms build --build-base /home/angel/ros2_ws/build/basic_comms/build install --record /home/angel/ros2_ws/build/basic_comms/install.log --single-version-externally-managed
[2.877s] DEBUG:colcon.colcon_core.event_handler.log_command:Invoked command in '/home/angel/ros2_ws/src/basic_comms' returned '0': PYTHONPATH=/home/angel/ros2_ws/build/basic_comms/prefix_override:/home/angel/ros2_ws/install/basic_comms/lib/python3.10/site-packages:${PYTHONPATH} /usr/bin/python3 setup.py egg_info --egg-base ../../build/basic_comms build --build-base /home/angel/ros2_ws/build/basic_comms/build install --record /home/angel/ros2_ws/build/basic_comms/install.log --single-version-externally-managed
[2.897s] Level 1:colcon.colcon_core.environment:checking '/home/angel/ros2_ws/install/basic_comms' for CMake module files
[2.898s] Level 1:colcon.colcon_core.environment:checking '/home/angel/ros2_ws/install/basic_comms' for CMake config files
[2.899s] Level 1:colcon.colcon_core.environment:checking '/home/angel/ros2_ws/install/basic_comms/lib'
[2.899s] Level 1:colcon.colcon_core.environment:checking '/home/angel/ros2_ws/install/basic_comms/bin'
[2.899s] Level 1:colcon.colcon_core.environment:checking '/home/angel/ros2_ws/install/basic_comms/lib/pkgconfig/basic_comms.pc'
[2.899s] Level 1:colcon.colcon_core.environment:checking '/home/angel/ros2_ws/install/basic_comms/lib/python3.10/site-packages'
[2.899s] Level 1:colcon.colcon_core.shell:create_environment_hook('basic_comms', 'pythonpath')
[2.915s] INFO:colcon.colcon_core.shell:Creating environment hook '/home/angel/ros2_ws/install/basic_comms/share/basic_comms/hook/pythonpath.ps1'
[2.916s] INFO:colcon.colcon_core.shell:Creating environment descriptor '/home/angel/ros2_ws/install/basic_comms/share/basic_comms/hook/pythonpath.dsv'
[2.916s] INFO:colcon.colcon_core.shell:Creating environment hook '/home/angel/ros2_ws/install/basic_comms/share/basic_comms/hook/pythonpath.sh'
[2.917s] Level 1:colcon.colcon_core.environment:checking '/home/angel/ros2_ws/install/basic_comms/bin'
[2.917s] Level 1:colcon.colcon_core.environment:create_environment_scripts_only(basic_comms)
[2.933s] INFO:colcon.colcon_core.shell:Creating package script '/home/angel/ros2_ws/install/basic_comms/share/basic_comms/package.ps1'
[2.935s] INFO:colcon.colcon_core.shell:Creating package descriptor '/home/angel/ros2_ws/install/basic_comms/share/basic_comms/package.dsv'
[2.936s] INFO:colcon.colcon_core.shell:Creating package script '/home/angel/ros2_ws/install/basic_comms/share/basic_comms/package.sh'
[2.936s] INFO:colcon.colcon_core.shell:Creating package script '/home/angel/ros2_ws/install/basic_comms/share/basic_comms/package.bash'
[2.937s] INFO:colcon.colcon_core.shell:Creating package script '/home/angel/ros2_ws/install/basic_comms/share/basic_comms/package.zsh'
[2.938s] Level 1:colcon.colcon_core.environment:create_file_with_runtime_dependencies(/home/angel/ros2_ws/install/basic_comms/share/colcon-core/packages/basic_comms)
[2.939s] DEBUG:colcon.colcon_parallel_executor.executor.parallel:closing loop
[2.939s] DEBUG:colcon.colcon_parallel_executor.executor.parallel:loop closed
[2.939s] DEBUG:colcon.colcon_parallel_executor.executor.parallel:run_until_complete finished with '0'
[2.940s] DEBUG:colcon.colcon_core.event_reactor:joining thread
[2.964s] INFO:colcon.colcon_core.plugin_system:Skipping extension 'colcon_notification.desktop_notification.terminal_notifier': Not used on non-Darwin systems
[2.964s] INFO:colcon.colcon_core.plugin_system:Skipping extension 'colcon_notification.desktop_notification.win32': Not used on non-Windows systems
[2.964s] INFO:colcon.colcon_notification.desktop_notification:Sending desktop notification using 'notify2'
[2.983s] DEBUG:colcon.colcon_core.event_reactor:joined thread
[3.000s] INFO:colcon.colcon_core.shell:Creating prefix script '/home/angel/ros2_ws/install/local_setup.ps1'
[3.001s] INFO:colcon.colcon_core.shell:Creating prefix util module '/home/angel/ros2_ws/install/_local_setup_util_ps1.py'
[3.003s] INFO:colcon.colcon_core.shell:Creating prefix chain script '/home/angel/ros2_ws/install/setup.ps1'
[3.020s] INFO:colcon.colcon_core.shell:Creating prefix script '/home/angel/ros2_ws/install/local_setup.sh'
[3.021s] INFO:colcon.colcon_core.shell:Creating prefix util module '/home/angel/ros2_ws/install/_local_setup_util_sh.py'
[3.021s] INFO:colcon.colcon_core.shell:Creating prefix chain script '/home/angel/ros2_ws/install/setup.sh'
[3.038s] INFO:colcon.colcon_core.shell:Creating prefix script '/home/angel/ros2_ws/install/local_setup.bash'
[3.039s] INFO:colcon.colcon_core.shell:Creating prefix chain script '/home/angel/ros2_ws/install/setup.bash'
[3.057s] INFO:colcon.colcon_core.shell:Creating prefix script '/home/angel/ros2_ws/install/local_setup.zsh'
[3.057s] INFO:colcon.colcon_core.shell:Creating prefix chain script '/home/angel/ros2_ws/install/setup.zsh'
