running egg_info
writing ../build/basic_comms_params/basic_comms_params.egg-info/PKG-INFO
writing dependency_links to ../build/basic_comms_params/basic_comms_params.egg-info/dependency_links.txt
writing entry points to ../build/basic_comms_params/basic_comms_params.egg-info/entry_points.txt
writing requirements to ../build/basic_comms_params/basic_comms_params.egg-info/requires.txt
writing top-level names to ../build/basic_comms_params/basic_comms_params.egg-info/top_level.txt
reading manifest file '../build/basic_comms_params/basic_comms_params.egg-info/SOURCES.txt'
adding license file 'LICENSE'
writing manifest file '../build/basic_comms_params/basic_comms_params.egg-info/SOURCES.txt'
running build
running build_py
running install
/usr/lib/python3/dist-packages/setuptools/command/install.py:34: SetuptoolsDeprecationWarning: setup.py install is deprecated. Use build and pip and other standards-based tools.
  warnings.warn(
running install_lib
running install_data
running install_egg_info
removing '/home/angel/ros2_ws/src/install/basic_comms_params/lib/python3.10/site-packages/basic_comms_params-0.0.0-py3.10.egg-info' (and everything under it)
Copying ../build/basic_comms_params/basic_comms_params.egg-info to /home/angel/ros2_ws/src/install/basic_comms_params/lib/python3.10/site-packages/basic_comms_params-0.0.0-py3.10.egg-info
running install_scripts
Installing talker_params script to /home/angel/ros2_ws/src/install/basic_comms_params/lib/basic_comms_params
writing list of installed files to '/home/angel/ros2_ws/src/build/basic_comms_params/install.log'
