[1.723s] Invoking command in '/home/angel/ros2_ws/src/basic_comms_params': PYTHONPATH=/home/angel/ros2_ws/build/basic_comms_params/prefix_override:/home/angel/ros2_ws/install/basic_comms_params/lib/python3.10/site-packages:${PYTHONPATH} /usr/bin/python3 setup.py egg_info --egg-base ../../build/basic_comms_params build --build-base /home/angel/ros2_ws/build/basic_comms_params/build install --record /home/angel/ros2_ws/build/basic_comms_params/install.log --single-version-externally-managed
[1.997s] running egg_info
[1.998s] writing ../../build/basic_comms_params/basic_comms_params.egg-info/PKG-INFO
[1.998s] writing dependency_links to ../../build/basic_comms_params/basic_comms_params.egg-info/dependency_links.txt
[1.999s] writing entry points to ../../build/basic_comms_params/basic_comms_params.egg-info/entry_points.txt
[1.999s] writing requirements to ../../build/basic_comms_params/basic_comms_params.egg-info/requires.txt
[1.999s] writing top-level names to ../../build/basic_comms_params/basic_comms_params.egg-info/top_level.txt
[2.001s] reading manifest file '../../build/basic_comms_params/basic_comms_params.egg-info/SOURCES.txt'
[2.001s] adding license file 'LICENSE'
[2.002s] writing manifest file '../../build/basic_comms_params/basic_comms_params.egg-info/SOURCES.txt'
[2.002s] running build
[2.002s] running build_py
[2.002s] running install
[2.003s] /usr/lib/python3/dist-packages/setuptools/command/install.py:34: SetuptoolsDeprecationWarning: setup.py install is deprecated. Use build and pip and other standards-based tools.
[2.003s]   warnings.warn(
[2.003s] running install_lib
[2.004s] running install_data
[2.005s] running install_egg_info
[2.007s] removing '/home/angel/ros2_ws/install/basic_comms_params/lib/python3.10/site-packages/basic_comms_params-0.0.0-py3.10.egg-info' (and everything under it)
[2.007s] Copying ../../build/basic_comms_params/basic_comms_params.egg-info to /home/angel/ros2_ws/install/basic_comms_params/lib/python3.10/site-packages/basic_comms_params-0.0.0-py3.10.egg-info
[2.009s] running install_scripts
[2.034s] Installing talker_params script to /home/angel/ros2_ws/install/basic_comms_params/lib/basic_comms_params
[2.034s] writing list of installed files to '/home/angel/ros2_ws/build/basic_comms_params/install.log'
[2.140s] Invoked command in '/home/angel/ros2_ws/src/basic_comms_params' returned '0': PYTHONPATH=/home/angel/ros2_ws/build/basic_comms_params/prefix_override:/home/angel/ros2_ws/install/basic_comms_params/lib/python3.10/site-packages:${PYTHONPATH} /usr/bin/python3 setup.py egg_info --egg-base ../../build/basic_comms_params build --build-base /home/angel/ros2_ws/build/basic_comms_params/build install --record /home/angel/ros2_ws/build/basic_comms_params/install.log --single-version-externally-managed
