[1.137s] Invoking command in '/home/angel/ros2_ws/src/courseworks': PYTHONPATH=/home/angel/ros2_ws/build/courseworks/prefix_override:/home/angel/ros2_ws/install/courseworks/lib/python3.10/site-packages:${PYTHONPATH} /usr/bin/python3 setup.py egg_info --egg-base ../../build/courseworks build --build-base /home/angel/ros2_ws/build/courseworks/build install --record /home/angel/ros2_ws/build/courseworks/install.log --single-version-externally-managed
[1.328s] running egg_info
[1.328s] writing ../../build/courseworks/courseworks.egg-info/PKG-INFO
[1.328s] writing dependency_links to ../../build/courseworks/courseworks.egg-info/dependency_links.txt
[1.329s] writing entry points to ../../build/courseworks/courseworks.egg-info/entry_points.txt
[1.329s] writing requirements to ../../build/courseworks/courseworks.egg-info/requires.txt
[1.329s] writing top-level names to ../../build/courseworks/courseworks.egg-info/top_level.txt
[1.331s] reading manifest file '../../build/courseworks/courseworks.egg-info/SOURCES.txt'
[1.331s] adding license file 'LICENSE'
[1.332s] writing manifest file '../../build/courseworks/courseworks.egg-info/SOURCES.txt'
[1.332s] running build
[1.332s] running build_py
[1.332s] copying courseworks/signal_generator.py -> /home/angel/ros2_ws/build/courseworks/build/lib/courseworks
[1.332s] running install
[1.332s] /usr/lib/python3/dist-packages/setuptools/command/install.py:34: SetuptoolsDeprecationWarning: setup.py install is deprecated. Use build and pip and other standards-based tools.
[1.332s]   warnings.warn(
[1.332s] running install_lib
[1.333s] copying /home/angel/ros2_ws/build/courseworks/build/lib/courseworks/signal_generator.py -> /home/angel/ros2_ws/install/courseworks/lib/python3.10/site-packages/courseworks
[1.334s] byte-compiling /home/angel/ros2_ws/install/courseworks/lib/python3.10/site-packages/courseworks/signal_generator.py to signal_generator.cpython-310.pyc
[1.334s] running install_data
[1.335s] copying launch/signals_launch.py -> /home/angel/ros2_ws/install/courseworks/share/courseworks/launch
[1.335s] running install_egg_info
[1.337s] removing '/home/angel/ros2_ws/install/courseworks/lib/python3.10/site-packages/courseworks-0.0.0-py3.10.egg-info' (and everything under it)
[1.337s] Copying ../../build/courseworks/courseworks.egg-info to /home/angel/ros2_ws/install/courseworks/lib/python3.10/site-packages/courseworks-0.0.0-py3.10.egg-info
[1.338s] running install_scripts
[1.357s] Installing process script to /home/angel/ros2_ws/install/courseworks/lib/courseworks
[1.357s] Installing signal_generator script to /home/angel/ros2_ws/install/courseworks/lib/courseworks
[1.357s] writing list of installed files to '/home/angel/ros2_ws/build/courseworks/install.log'
[1.405s] Invoked command in '/home/angel/ros2_ws/src/courseworks' returned '0': PYTHONPATH=/home/angel/ros2_ws/build/courseworks/prefix_override:/home/angel/ros2_ws/install/courseworks/lib/python3.10/site-packages:${PYTHONPATH} /usr/bin/python3 setup.py egg_info --egg-base ../../build/courseworks build --build-base /home/angel/ros2_ws/build/courseworks/build install --record /home/angel/ros2_ws/build/courseworks/install.log --single-version-externally-managed
