[0.700s] Invoking command in '/home/eleazar/ros2_ws/src/basic_comms_params': PYTHONPATH=/home/eleazar/ros2_ws/build/basic_comms_params/prefix_override:/home/eleazar/ros2_ws/install/basic_comms_params/lib/python3.10/site-packages:${PYTHONPATH} /usr/bin/python3 setup.py egg_info --egg-base ../../build/basic_comms_params build --build-base /home/eleazar/ros2_ws/build/basic_comms_params/build install --record /home/eleazar/ros2_ws/build/basic_comms_params/install.log --single-version-externally-managed
[0.823s] running egg_info
[0.824s] writing ../../build/basic_comms_params/basic_comms_params.egg-info/PKG-INFO
[0.824s] writing dependency_links to ../../build/basic_comms_params/basic_comms_params.egg-info/dependency_links.txt
[0.824s] writing entry points to ../../build/basic_comms_params/basic_comms_params.egg-info/entry_points.txt
[0.824s] writing requirements to ../../build/basic_comms_params/basic_comms_params.egg-info/requires.txt
[0.824s] writing top-level names to ../../build/basic_comms_params/basic_comms_params.egg-info/top_level.txt
[0.825s] reading manifest file '../../build/basic_comms_params/basic_comms_params.egg-info/SOURCES.txt'
[0.825s] adding license file 'LICENSE'
[0.826s] writing manifest file '../../build/basic_comms_params/basic_comms_params.egg-info/SOURCES.txt'
[0.828s] running build
[0.828s] running build_py
[0.828s] running install
[0.828s] /usr/lib/python3/dist-packages/setuptools/command/install.py:34: SetuptoolsDeprecationWarning: setup.py install is deprecated. Use build and pip and other standards-based tools.
[0.828s]   warnings.warn(
[0.828s] running install_lib
[0.829s] running install_data
[0.829s] running install_egg_info
[0.830s] removing '/home/eleazar/ros2_ws/install/basic_comms_params/lib/python3.10/site-packages/basic_comms_params-0.0.0-py3.10.egg-info' (and everything under it)
[0.830s] Copying ../../build/basic_comms_params/basic_comms_params.egg-info to /home/eleazar/ros2_ws/install/basic_comms_params/lib/python3.10/site-packages/basic_comms_params-0.0.0-py3.10.egg-info
[0.831s] running install_scripts
[0.843s] Installing talker_params script to /home/eleazar/ros2_ws/install/basic_comms_params/lib/basic_comms_params
[0.844s] writing list of installed files to '/home/eleazar/ros2_ws/build/basic_comms_params/install.log'
[0.861s] Invoked command in '/home/eleazar/ros2_ws/src/basic_comms_params' returned '0': PYTHONPATH=/home/eleazar/ros2_ws/build/basic_comms_params/prefix_override:/home/eleazar/ros2_ws/install/basic_comms_params/lib/python3.10/site-packages:${PYTHONPATH} /usr/bin/python3 setup.py egg_info --egg-base ../../build/basic_comms_params build --build-base /home/eleazar/ros2_ws/build/basic_comms_params/build install --record /home/eleazar/ros2_ws/build/basic_comms_params/install.log --single-version-externally-managed
